[16:55:08.644][info] [#0:/home/elliot/.local/share/nvim/mason/packages/lua-language-server/libexec/main.lua:66]: Lua Lsp startup, root: 	/home/elliot/.local/share/nvim/mason/packages/lua-language-server/libexec
[16:55:08.644][info] [#0:/home/elliot/.local/share/nvim/mason/packages/lua-language-server/libexec/main.lua:67]: ROOT:	/home/elliot/.local/share/nvim/mason/packages/lua-language-server/libexec
[16:55:08.644][info] [#0:/home/elliot/.local/share/nvim/mason/packages/lua-language-server/libexec/main.lua:68]: LOGPATH:	/home/elliot/.local/share/nvim/mason/packages/lua-language-server/libexec/log
[16:55:08.644][info] [#0:/home/elliot/.local/share/nvim/mason/packages/lua-language-server/libexec/main.lua:69]: METAPATH:	/home/elliot/.local/share/nvim/mason/packages/lua-language-server/libexec/meta
[16:55:08.645][info] [#0:/home/elliot/.local/share/nvim/mason/packages/lua-language-server/libexec/main.lua:70]: VERSION:	3.7.4
[16:55:08.670][info] [#0:script/service/service.lua:144]: 
========= Medical Examination Report =========
    --------------- Memory ---------------
        Total: 1.336 MB
        # 00 : 1.336 MB
        # 01 : 0.000 MB
        # 02 : 0.000 MB
        # 03 : 0.000 MB
        # 04 : 0.000 MB
    --------------- Coroutine ---------------
        Total:     0
        Running:   0
        Suspended: 0
        Normal:    0
        Dead:      0
    --------------- Cache ---------------
        Total: 1
        Dead:  0
    ---------------  RPC  ---------------
        Holdon:   0
        Waiting:  0
==============================================
[16:55:08.674][info] [#0:script/client.lua:657]: Client init	{
  capabilities = {
    textDocument = {
      callHierarchy = {
        dynamicRegistration = false
      },
      codeAction = {
        codeActionLiteralSupport = {
          codeActionKind = {
            valueSet = { "", "quickfix", "refactor", "refactor.extract", "refactor.inline", "refactor.rewrite", "source", "source.organizeImports" }
          }
        },
        dataSupport = true,
        dynamicRegistration = false,
        isPreferredSupport = true,
        resolveSupport = {
          properties = { "edit" }
        }
      },
      completion = {
        completionItem = {
          commitCharactersSupport = true,
          deprecatedSupport = true,
          documentationFormat = { "markdown", "plaintext" },
          insertReplaceSupport = true,
          labelDetailsSupport = true,
          preselectSupport = true,
          resolveSupport = {
            properties = { "documentation", "detail", "additionalTextEdits" }
          },
          snippetSupport = true,
          tagSupport = {
            valueSet = { 1 }
          }
        },
        completionItemKind = {
          valueSet = { 1, 2, 3, 4, 5, 6, 7, 8, 9, 10, 11, 12, 13, 14, 15, 16, 17, 18, 19, 20, 21, 22, 23, 24, 25 }
        },
        contextSupport = false,
        dynamicRegistration = false
      },
      declaration = {
        linkSupport = true
      },
      definition = {
        linkSupport = true
      },
      documentHighlight = {
        dynamicRegistration = false
      },
      documentSymbol = {
        dynamicRegistration = false,
        hierarchicalDocumentSymbolSupport = true,
        symbolKind = {
          valueSet = { 1, 2, 3, 4, 5, 6, 7, 8, 9, 10, 11, 12, 13, 14, 15, 16, 17, 18, 19, 20, 21, 22, 23, 24, 25, 26 }
        }
      },
      hover = {
        contentFormat = { "markdown", "plaintext" },
        dynamicRegistration = false
      },
      implementation = {
        linkSupport = true
      },
      publishDiagnostics = {
        relatedInformation = true,
        tagSupport = {
          valueSet = { 1, 2 }
        }
      },
      references = {
        dynamicRegistration = false
      },
      rename = {
        dynamicRegistration = false,
        prepareSupport = true
      },
      semanticTokens = {
        augmentsSyntaxTokens = true,
        dynamicRegistration = false,
        formats = { "relative" },
        multilineTokenSupport = false,
        overlappingTokenSupport = true,
        requests = {
          full = {
            delta = true
          },
          range = false
        },
        serverCancelSupport = false,
        tokenModifiers = { "declaration", "definition", "readonly", "static", "deprecated", "abstract", "async", "modification", "documentation", "defaultLibrary" },
        tokenTypes = { "namespace", "type", "class", "enum", "interface", "struct", "typeParameter", "parameter", "variable", "property", "enumMember", "event", "function", "method", "macro", "keyword", "modifier", "comment", "string", "number", "regexp", "operator", "decorator" }
      },
      signatureHelp = {
        dynamicRegistration = false,
        signatureInformation = {
          activeParameterSupport = true,
          documentationFormat = { "markdown", "plaintext" },
          parameterInformation = {
            labelOffsetSupport = true
          }
        }
      },
      synchronization = {
        didSave = true,
        dynamicRegistration = false,
        willSave = true,
        willSaveWaitUntil = true
      },
      typeDefinition = {
        linkSupport = true
      }
    },
    window = {
      showDocument = {
        support = true
      },
      showMessage = {
        messageActionItem = {
          additionalPropertiesSupport = false
        }
      },
      workDoneProgress = true
    },
    workspace = {
      applyEdit = true,
      configuration = true,
      didChangeWatchedFiles = {
        dynamicRegistration = false,
        relativePatternSupport = true
      },
      semanticTokens = {
        refreshSupport = true
      },
      symbol = {
        dynamicRegistration = false,
        hierarchicalWorkspaceSymbolSupport = true,
        symbolKind = {
          valueSet = { 1, 2, 3, 4, 5, 6, 7, 8, 9, 10, 11, 12, 13, 14, 15, 16, 17, 18, 19, 20, 21, 22, 23, 24, 25, 26 }
        }
      },
      workspaceEdit = {
        resourceOperations = { "rename", "create", "delete" }
      },
      workspaceFolders = true
    }
  },
  clientInfo = {
    name = "Neovim",
    version = "0.9.5"
  },
  initializationOptions = {},
  processId = 21329,
  rootPath = "/home/elliot/.config/nvim",
  rootUri = "file:///home/elliot/.config/nvim",
  trace = "off",
  workspaceFolders = { {
      name = "/home/elliot/.config/nvim",
      uri = "file:///home/elliot/.config/nvim"
    } }
}
[16:55:08.674][info] [#0:script/language.lua:137]: VSC language: nil
[16:55:08.674][info] [#0:script/language.lua:138]: LS  language: en-us
[16:55:08.674][info] [#0:script/workspace/workspace.lua:38]: Workspace init root: 	file:///home/elliot/.config/nvim
[16:55:08.674][info] [#0:script/workspace/workspace.lua:42]: Log path: 	/home/elliot/.local/share/nvim/mason/packages/lua-language-server/libexec/log/file_home_elliot_.config_nvim.log
[16:55:08.674][info] [#0:script/workspace/workspace.lua:48]: Workspace create: 	file:///home/elliot/.config/nvim
[16:55:08.776][info] [#0:script/provider/provider.lua:46]: Load config from client	file:///home/elliot/.config/nvim
[16:55:08.776][info] [#0:script/provider/provider.lua:47]: {
  Lua = {
    diagnostics = {
      globals = { "vim" }
    },
    workspace = {
      library = {
        ["/home/elliot/.local/share/nvim/lazy/lazy.nvim/lua/lazy"] = true,
        ["/home/elliot/.local/share/nvim/lazy/ui/nvchad_types"] = true,
        ["/usr/share/nvim/runtime/lua"] = true,
        ["/usr/share/nvim/runtime/lua/vim/lsp"] = true
      },
      maxPreload = 100000,
      preloadFileSize = 10000
    }
  }
}
[16:55:08.776][info] [#0:script/provider/provider.lua:46]: Load config from client	file:///home/elliot/.config/nvim
[16:55:08.777][info] [#0:script/provider/provider.lua:47]: {
  Lua = {
    diagnostics = {
      globals = { "vim" }
    },
    workspace = {
      library = {
        ["/home/elliot/.local/share/nvim/lazy/lazy.nvim/lua/lazy"] = true,
        ["/home/elliot/.local/share/nvim/lazy/ui/nvchad_types"] = true,
        ["/usr/share/nvim/runtime/lua"] = true,
        ["/usr/share/nvim/runtime/lua/vim/lsp"] = true
      },
      maxPreload = 100000,
      preloadFileSize = 10000
    }
  }
}
[16:55:08.877][info] [#0:script/provider/provider.lua:61]: Load config from client	fallback
[16:55:08.877][info] [#0:script/provider/provider.lua:62]: {
  Lua = {
    diagnostics = {
      globals = { "vim" }
    },
    workspace = {
      library = {
        ["/home/elliot/.local/share/nvim/lazy/lazy.nvim/lua/lazy"] = true,
        ["/home/elliot/.local/share/nvim/lazy/ui/nvchad_types"] = true,
        ["/usr/share/nvim/runtime/lua"] = true,
        ["/usr/share/nvim/runtime/lua/vim/lsp"] = true
      },
      maxPreload = 100000,
      preloadFileSize = 10000
    }
  }
}
[16:55:08.877][info] [#0:script/provider/provider.lua:61]: Load config from client	fallback
[16:55:08.877][info] [#0:script/provider/provider.lua:62]: {
  Lua = {
    diagnostics = {
      globals = { "vim" }
    },
    workspace = {
      library = {
        ["/home/elliot/.local/share/nvim/lazy/lazy.nvim/lua/lazy"] = true,
        ["/home/elliot/.local/share/nvim/lazy/ui/nvchad_types"] = true,
        ["/usr/share/nvim/runtime/lua"] = true,
        ["/usr/share/nvim/runtime/lua/vim/lsp"] = true
      },
      maxPreload = 100000,
      preloadFileSize = 10000
    }
  }
}
[16:55:08.978][info] [#0:script/library.lua:212]: Init builtin library at:	file:///home/elliot/.config/nvim
[16:55:08.998][info] [#0:script/plugin.lua:86]: plugin path:	/home/elliot/.config/nvim
[16:55:08.998][warn] [#0:script/plugin.lua:101]: plugin not found:	/home/elliot/.config/nvim
[16:55:08.998][info] [#0:script/library.lua:212]: Init builtin library at:	nil
[16:55:09.107][info] [#0:script/workspace/workspace.lua:324]: Preload start:	file:///home/elliot/.config/nvim
[16:55:09.110][info] [#0:script/workspace/workspace.lua:330]: Scan files at:	file:///home/elliot/.config/nvim
[16:55:09.110][info] [#0:script/workspace/workspace.lua:324]: Preload start:	<fallback>
[16:55:09.113][info] [#0:script/workspace/workspace.lua:353]: Scan library at:	file:///home/elliot/.local/share/nvim/mason/packages/lua-language-server/libexec/meta/Lua%205.4%20en-us%20utf8/coroutine.lua
[16:55:09.113][info] [#0:script/workspace/workspace.lua:353]: Scan library at:	file:///home/elliot/.local/share/nvim/mason/packages/lua-language-server/libexec/meta/Lua%205.4%20en-us%20utf8/string.lua
[16:55:09.113][info] [#0:script/workspace/workspace.lua:353]: Scan library at:	file:///home/elliot/.local/share/nvim/mason/packages/lua-language-server/libexec/meta/Lua%205.4%20en-us%20utf8/package.lua
[16:55:09.113][info] [#0:script/workspace/workspace.lua:353]: Scan library at:	file:///home/elliot/.local/share/nvim/mason/packages/lua-language-server/libexec/meta/Lua%205.4%20en-us%20utf8/math.lua
[16:55:09.113][info] [#0:script/workspace/workspace.lua:353]: Scan library at:	file:///home/elliot/.local/share/nvim/mason/packages/lua-language-server/libexec/meta/Lua%205.4%20en-us%20utf8/debug.lua
[16:55:09.113][info] [#0:script/workspace/workspace.lua:353]: Scan library at:	file:///home/elliot/.local/share/nvim/mason/packages/lua-language-server/libexec/meta/Lua%205.4%20en-us%20utf8/io.lua
[16:55:09.114][info] [#0:script/workspace/workspace.lua:353]: Scan library at:	file:///home/elliot/.local/share/nvim/lazy/ui/nvchad_types
[16:55:09.114][info] [#0:script/workspace/workspace.lua:353]: Scan library at:	file:///home/elliot/.local/share/nvim/mason/packages/lua-language-server/libexec/meta/Lua%205.4%20en-us%20utf8/coroutine.lua
[16:55:09.114][info] [#0:script/workspace/workspace.lua:353]: Scan library at:	file:///home/elliot/.local/share/nvim/mason/packages/lua-language-server/libexec/meta/Lua%205.4%20en-us%20utf8/utf8.lua
[16:55:09.114][info] [#0:script/workspace/workspace.lua:353]: Scan library at:	file:///home/elliot/.local/share/nvim/mason/packages/lua-language-server/libexec/meta/Lua%205.4%20en-us%20utf8/string.lua
[16:55:09.114][info] [#0:script/workspace/workspace.lua:353]: Scan library at:	file:///home/elliot/.local/share/nvim/mason/packages/lua-language-server/libexec/meta/Lua%205.4%20en-us%20utf8/basic.lua
[16:55:09.114][info] [#0:script/workspace/workspace.lua:353]: Scan library at:	file:///home/elliot/.local/share/nvim/mason/packages/lua-language-server/libexec/meta/Lua%205.4%20en-us%20utf8/package.lua
[16:55:09.115][info] [#0:script/workspace/workspace.lua:353]: Scan library at:	file:///home/elliot/.local/share/nvim/mason/packages/lua-language-server/libexec/meta/Lua%205.4%20en-us%20utf8/builtin.lua
[16:55:09.115][info] [#0:script/workspace/workspace.lua:353]: Scan library at:	file:///home/elliot/.local/share/nvim/mason/packages/lua-language-server/libexec/meta/Lua%205.4%20en-us%20utf8/math.lua
[16:55:09.115][info] [#0:script/workspace/workspace.lua:353]: Scan library at:	file:///usr/share/nvim/runtime/lua/vim/lsp
[16:55:09.115][info] [#0:script/workspace/workspace.lua:353]: Scan library at:	file:///home/elliot/.local/share/nvim/mason/packages/lua-language-server/libexec/meta/Lua%205.4%20en-us%20utf8/debug.lua
[16:55:09.115][info] [#0:script/workspace/workspace.lua:353]: Scan library at:	file:///home/elliot/.local/share/nvim/mason/packages/lua-language-server/libexec/meta/Lua%205.4%20en-us%20utf8/io.lua
[16:55:09.115][info] [#0:script/workspace/workspace.lua:353]: Scan library at:	file:///home/elliot/.local/share/nvim/lazy/ui/nvchad_types
[16:55:09.116][info] [#0:script/workspace/workspace.lua:353]: Scan library at:	file:///home/elliot/.local/share/nvim/mason/packages/lua-language-server/libexec/meta/Lua%205.4%20en-us%20utf8/utf8.lua
[16:55:09.116][info] [#0:script/workspace/workspace.lua:353]: Scan library at:	file:///home/elliot/.local/share/nvim/mason/packages/lua-language-server/libexec/meta/Lua%205.4%20en-us%20utf8/basic.lua
[16:55:09.116][info] [#0:script/workspace/workspace.lua:353]: Scan library at:	file:///home/elliot/.local/share/nvim/mason/packages/lua-language-server/libexec/meta/Lua%205.4%20en-us%20utf8/builtin.lua
[16:55:09.116][info] [#0:script/workspace/workspace.lua:353]: Scan library at:	file:///usr/share/nvim/runtime/lua/vim/lsp
[16:55:09.116][info] [#0:script/workspace/workspace.lua:353]: Scan library at:	file:///home/elliot/.local/share/nvim/mason/packages/lua-language-server/libexec/meta/Lua%205.4%20en-us%20utf8/table.lua
[16:55:09.117][info] [#0:script/workspace/workspace.lua:353]: Scan library at:	file:///home/elliot/.local/share/nvim/lazy/lazy.nvim/lua/lazy
[16:55:09.118][info] [#0:script/workspace/workspace.lua:353]: Scan library at:	file:///home/elliot/.local/share/nvim/mason/packages/lua-language-server/libexec/meta/Lua%205.4%20en-us%20utf8/table.lua
[16:55:09.118][info] [#0:script/workspace/workspace.lua:353]: Scan library at:	file:///home/elliot/.local/share/nvim/lazy/lazy.nvim/lua/lazy
[16:55:09.121][info] [#0:script/workspace/workspace.lua:353]: Scan library at:	file:///usr/share/nvim/runtime/lua
[16:55:09.122][info] [#0:script/workspace/workspace.lua:353]: Scan library at:	file:///usr/share/nvim/runtime/lua
[16:55:09.127][info] [#0:script/workspace/workspace.lua:353]: Scan library at:	file:///home/elliot/.local/share/nvim/mason/packages/lua-language-server/libexec/meta/Lua%205.4%20en-us%20utf8/os.lua
[16:55:09.128][info] [#0:script/workspace/workspace.lua:353]: Scan library at:	file:///home/elliot/.local/share/nvim/mason/packages/lua-language-server/libexec/meta/Lua%205.4%20en-us%20utf8/os.lua
[16:55:09.228][info] [#0:script/workspace/workspace.lua:379]: Found 124 files at:	<fallback>
[16:55:09.228][info] [#0:script/workspace/loading.lua:161]: Load files from disk:	<fallback>
[16:55:09.228][info] [#0:script/workspace/workspace.lua:379]: Found 133 files at:	file:///home/elliot/.config/nvim
[16:55:09.228][info] [#0:script/workspace/loading.lua:161]: Load files from disk:	file:///home/elliot/.config/nvim
[16:55:09.231][info] [#0:script/workspace/loading.lua:101]: Preload file at: file:///home/elliot/.local/share/nvim/mason/packages/lua-language-server/libexec/meta/Lua%205.4%20en-us%20utf8/os.lua , size = 5.600 KB
[16:55:09.239][info] [#0:script/workspace/loading.lua:113]: ++++As library of:	file:///home/elliot/.local/share/nvim/mason/packages/lua-language-server/libexec/meta/Lua%205.4%20en-us%20utf8/os.lua
[16:55:09.239][info] [#0:script/workspace/loading.lua:98]: Skip loaded file: file:///home/elliot/.local/share/nvim/mason/packages/lua-language-server/libexec/meta/Lua%205.4%20en-us%20utf8/os.lua
[16:55:09.239][info] [#0:script/workspace/loading.lua:101]: Preload file at: file:///usr/share/nvim/runtime/lua/vim/inspect.lua , size = 8.864 KB
[16:55:09.250][info] [#0:script/workspace/loading.lua:113]: ++++As library of:	file:///usr/share/nvim/runtime/lua
[16:55:09.250][info] [#0:script/workspace/loading.lua:98]: Skip loaded file: file:///usr/share/nvim/runtime/lua/vim/inspect.lua
[16:55:09.250][info] [#0:script/workspace/loading.lua:101]: Preload file at: file:///usr/share/nvim/runtime/lua/vim/_watch.lua , size = 5.387 KB
[16:55:09.256][info] [#0:script/workspace/loading.lua:113]: ++++As library of:	file:///usr/share/nvim/runtime/lua
[16:55:09.256][info] [#0:script/workspace/loading.lua:98]: Skip loaded file: file:///usr/share/nvim/runtime/lua/vim/_watch.lua
[16:55:09.256][info] [#0:script/workspace/loading.lua:101]: Preload file at: file:///usr/share/nvim/runtime/lua/vim/diagnostic.lua , size = 56.640 KB
[16:55:09.303][info] [#0:script/workspace/loading.lua:113]: ++++As library of:	file:///usr/share/nvim/runtime/lua
[16:55:09.303][info] [#0:script/workspace/loading.lua:98]: Skip loaded file: file:///usr/share/nvim/runtime/lua/vim/diagnostic.lua
[16:55:09.303][info] [#0:script/workspace/loading.lua:101]: Preload file at: file:///usr/share/nvim/runtime/lua/vim/keymap.lua , size = 3.573 KB
[16:55:09.305][info] [#0:script/workspace/loading.lua:113]: ++++As library of:	file:///usr/share/nvim/runtime/lua
[16:55:09.306][info] [#0:script/workspace/loading.lua:98]: Skip loaded file: file:///usr/share/nvim/runtime/lua/vim/keymap.lua
[16:55:09.306][info] [#0:script/workspace/loading.lua:101]: Preload file at: file:///usr/share/nvim/runtime/lua/vim/fs.lua , size = 10.702 KB
[16:55:09.319][info] [#0:script/workspace/loading.lua:113]: ++++As library of:	file:///usr/share/nvim/runtime/lua
[16:55:09.319][info] [#0:script/workspace/loading.lua:98]: Skip loaded file: file:///usr/share/nvim/runtime/lua/vim/fs.lua
[16:55:09.319][info] [#0:script/workspace/loading.lua:101]: Preload file at: file:///usr/share/nvim/runtime/lua/vim/uri.lua , size = 3.376 KB
[16:55:09.321][info] [#0:script/workspace/loading.lua:113]: ++++As library of:	file:///usr/share/nvim/runtime/lua
[16:55:09.321][info] [#0:script/workspace/loading.lua:98]: Skip loaded file: file:///usr/share/nvim/runtime/lua/vim/uri.lua
[16:55:09.321][info] [#0:script/workspace/loading.lua:101]: Preload file at: file:///usr/share/nvim/runtime/lua/vim/_inspector.lua , size = 7.915 KB
[16:55:09.327][info] [#0:script/workspace/loading.lua:113]: ++++As library of:	file:///usr/share/nvim/runtime/lua
[16:55:09.327][info] [#0:script/workspace/loading.lua:98]: Skip loaded file: file:///usr/share/nvim/runtime/lua/vim/_inspector.lua
[16:55:09.327][info] [#0:script/workspace/loading.lua:101]: Preload file at: file:///usr/share/nvim/runtime/lua/vim/version.lua , size = 12.146 KB
[16:55:09.336][info] [#0:script/workspace/loading.lua:113]: ++++As library of:	file:///usr/share/nvim/runtime/lua
[16:55:09.337][info] [#0:script/workspace/loading.lua:98]: Skip loaded file: file:///usr/share/nvim/runtime/lua/vim/version.lua
[16:55:09.337][info] [#0:script/workspace/loading.lua:101]: Preload file at: file:///usr/share/nvim/runtime/lua/vim/filetype.lua , size = 74.400 KB
[16:55:09.387][info] [#0:script/workspace/loading.lua:113]: ++++As library of:	file:///usr/share/nvim/runtime/lua
[16:55:09.387][info] [#0:script/workspace/loading.lua:101]: Preload file at: file:///usr/share/nvim/runtime/lua/vim/_init_packages.lua , size = 2.773 KB
[16:55:09.389][info] [#0:script/workspace/loading.lua:113]: ++++As library of:	file:///usr/share/nvim/runtime/lua
[16:55:09.389][info] [#0:script/workspace/loading.lua:98]: Skip loaded file: file:///usr/share/nvim/runtime/lua/vim/filetype.lua
[16:55:09.389][info] [#0:script/workspace/loading.lua:98]: Skip loaded file: file:///usr/share/nvim/runtime/lua/vim/_init_packages.lua
[16:55:09.389][info] [#0:script/workspace/loading.lua:101]: Preload file at: file:///usr/share/nvim/runtime/lua/vim/loader.lua , size = 16.182 KB
[16:55:09.403][info] [#0:script/workspace/loading.lua:113]: ++++As library of:	file:///usr/share/nvim/runtime/lua
[16:55:09.403][info] [#0:script/workspace/loading.lua:98]: Skip loaded file: file:///usr/share/nvim/runtime/lua/vim/loader.lua
[16:55:09.403][info] [#0:script/workspace/loading.lua:101]: Preload file at: file:///usr/share/nvim/runtime/lua/vim/shared.lua , size = 22.292 KB
[16:55:09.418][info] [#0:script/workspace/loading.lua:113]: ++++As library of:	file:///usr/share/nvim/runtime/lua
[16:55:09.419][info] [#0:script/workspace/loading.lua:98]: Skip loaded file: file:///usr/share/nvim/runtime/lua/vim/shared.lua
[16:55:09.419][info] [#0:script/workspace/loading.lua:101]: Preload file at: file:///usr/share/nvim/runtime/lua/vim/filetype/detect.lua , size = 47.659 KB
[16:55:09.458][info] [#0:script/workspace/loading.lua:113]: ++++As library of:	file:///usr/share/nvim/runtime/lua
[16:55:09.458][info] [#0:script/workspace/loading.lua:101]: Preload file at: file:///usr/share/nvim/runtime/lua/vim/filetype/options.lua , size = 2.561 KB
[16:55:09.460][info] [#0:script/workspace/loading.lua:113]: ++++As library of:	file:///usr/share/nvim/runtime/lua
[16:55:09.460][info] [#0:script/workspace/loading.lua:98]: Skip loaded file: file:///usr/share/nvim/runtime/lua/vim/filetype/options.lua
[16:55:09.460][info] [#0:script/workspace/loading.lua:101]: Preload file at: file:///usr/share/nvim/runtime/lua/vim/lsp/types.lua , size = 0.924 KB
[16:55:09.461][info] [#0:script/workspace/loading.lua:113]: ++++As library of:	file:///usr/share/nvim/runtime/lua
[16:55:09.461][info] [#0:script/workspace/loading.lua:98]: Skip loaded file: file:///usr/share/nvim/runtime/lua/vim/lsp/types.lua
[16:55:09.461][info] [#0:script/workspace/loading.lua:98]: Skip loaded file: file:///usr/share/nvim/runtime/lua/vim/filetype/detect.lua
[16:55:09.461][info] [#0:script/workspace/loading.lua:101]: Preload file at: file:///usr/share/nvim/runtime/lua/vim/lsp/semantic_tokens.lua , size = 25.936 KB
[16:55:09.476][info] [#0:script/workspace/loading.lua:113]: ++++As library of:	file:///usr/share/nvim/runtime/lua
[16:55:09.476][info] [#0:script/workspace/loading.lua:98]: Skip loaded file: file:///usr/share/nvim/runtime/lua/vim/lsp/semantic_tokens.lua
[16:55:09.476][info] [#0:script/workspace/loading.lua:101]: Preload file at: file:///usr/share/nvim/runtime/lua/vim/lsp/codelens.lua , size = 8.554 KB
[16:55:09.482][info] [#0:script/workspace/loading.lua:113]: ++++As library of:	file:///usr/share/nvim/runtime/lua
[16:55:09.482][info] [#0:script/workspace/loading.lua:98]: Skip loaded file: file:///usr/share/nvim/runtime/lua/vim/lsp/codelens.lua
[16:55:09.482][info] [#0:script/workspace/loading.lua:101]: Preload file at: file:///usr/share/nvim/runtime/lua/vim/lsp/diagnostic.lua , size = 8.867 KB
[16:55:09.488][info] [#0:script/workspace/loading.lua:113]: ++++As library of:	file:///usr/share/nvim/runtime/lua
[16:55:09.488][info] [#0:script/workspace/loading.lua:98]: Skip loaded file: file:///usr/share/nvim/runtime/lua/vim/lsp/diagnostic.lua
[16:55:09.488][info] [#0:script/workspace/loading.lua:101]: Preload file at: file:///usr/share/nvim/runtime/lua/vim/lsp/sync.lua , size = 15.681 KB
[16:55:09.496][info] [#0:script/workspace/loading.lua:113]: ++++As library of:	file:///usr/share/nvim/runtime/lua
[16:55:09.496][info] [#0:script/workspace/loading.lua:98]: Skip loaded file: file:///usr/share/nvim/runtime/lua/vim/lsp/sync.lua
[16:55:09.496][info] [#0:script/workspace/loading.lua:101]: Preload file at: file:///usr/share/nvim/runtime/lua/vim/lsp/_watchfiles.lua , size = 9.692 KB
[16:55:09.502][info] [#0:script/workspace/loading.lua:113]: ++++As library of:	file:///usr/share/nvim/runtime/lua
[16:55:09.502][info] [#0:script/workspace/loading.lua:98]: Skip loaded file: file:///usr/share/nvim/runtime/lua/vim/lsp/_watchfiles.lua
[16:55:09.502][info] [#0:script/workspace/loading.lua:101]: Preload file at: file:///usr/share/nvim/runtime/lua/vim/lsp/_snippet.lua , size = 10.744 KB
[16:55:09.512][info] [#0:script/workspace/loading.lua:113]: ++++As library of:	file:///usr/share/nvim/runtime/lua
[16:55:09.512][info] [#0:script/workspace/loading.lua:98]: Skip loaded file: file:///usr/share/nvim/runtime/lua/vim/lsp/_snippet.lua
[16:55:09.512][info] [#0:script/workspace/loading.lua:101]: Preload file at: file:///usr/share/nvim/runtime/lua/vim/lsp/handlers.lua , size = 23.587 KB
[16:55:09.525][info] [#0:script/workspace/loading.lua:113]: ++++As library of:	file:///usr/share/nvim/runtime/lua
[16:55:09.526][info] [#0:script/workspace/loading.lua:101]: Preload file at: file:///usr/share/nvim/runtime/lua/vim/lsp/log.lua , size = 5.151 KB
[16:55:09.544][info] [#0:script/workspace/loading.lua:113]: ++++As library of:	file:///usr/share/nvim/runtime/lua
[16:55:09.545][info] [#0:script/workspace/loading.lua:98]: Skip loaded file: file:///usr/share/nvim/runtime/lua/vim/lsp/log.lua
[16:55:09.545][info] [#0:script/workspace/loading.lua:98]: Skip loaded file: file:///usr/share/nvim/runtime/lua/vim/lsp/handlers.lua
[16:55:09.545][info] [#0:script/workspace/loading.lua:101]: Preload file at: file:///usr/share/nvim/runtime/lua/vim/lsp/rpc.lua , size = 23.695 KB
[16:55:09.559][info] [#0:script/workspace/loading.lua:113]: ++++As library of:	file:///usr/share/nvim/runtime/lua
[16:55:09.559][info] [#0:script/workspace/loading.lua:98]: Skip loaded file: file:///usr/share/nvim/runtime/lua/vim/lsp/rpc.lua
[16:55:09.559][info] [#0:script/workspace/loading.lua:101]: Preload file at: file:///usr/share/nvim/runtime/lua/vim/lsp/buf.lua , size = 27.969 KB
[16:55:09.573][info] [#0:script/workspace/loading.lua:113]: ++++As library of:	file:///usr/share/nvim/runtime/lua
[16:55:09.573][info] [#0:script/workspace/loading.lua:98]: Skip loaded file: file:///usr/share/nvim/runtime/lua/vim/lsp/buf.lua
[16:55:09.573][info] [#0:script/workspace/loading.lua:101]: Preload file at: file:///usr/share/nvim/runtime/lua/vim/lsp/util.lua , size = 70.797 KB
[16:55:09.613][info] [#0:script/workspace/loading.lua:113]: ++++As library of:	file:///usr/share/nvim/runtime/lua
[16:55:09.613][info] [#0:script/workspace/loading.lua:101]: Preload file at: file:///usr/share/nvim/runtime/lua/vim/lsp/tagfunc.lua , size = 2.339 KB
[16:55:09.615][info] [#0:script/workspace/loading.lua:113]: ++++As library of:	file:///usr/share/nvim/runtime/lua
[16:55:09.615][info] [#0:script/workspace/loading.lua:98]: Skip loaded file: file:///usr/share/nvim/runtime/lua/vim/lsp/tagfunc.lua
[16:55:09.615][info] [#0:script/workspace/loading.lua:101]: Preload file at: file:///usr/share/nvim/runtime/lua/vim/lsp/protocol.lua , size = 28.367 KB
[16:55:09.622][info] [#0:script/workspace/loading.lua:113]: ++++As library of:	file:///usr/share/nvim/runtime/lua
[16:55:09.622][info] [#0:script/workspace/loading.lua:98]: Skip loaded file: file:///usr/share/nvim/runtime/lua/vim/lsp/util.lua
[16:55:09.622][info] [#0:script/workspace/loading.lua:101]: Preload file at: file:///usr/share/nvim/runtime/lua/vim/lsp/health.lua , size = 1.240 KB
[16:55:09.624][info] [#0:script/workspace/loading.lua:113]: ++++As library of:	file:///usr/share/nvim/runtime/lua
[16:55:09.624][info] [#0:script/workspace/loading.lua:98]: Skip loaded file: file:///usr/share/nvim/runtime/lua/vim/lsp/health.lua
[16:55:09.624][info] [#0:script/workspace/loading.lua:101]: Preload file at: file:///usr/share/nvim/runtime/lua/vim/_options.lua , size = 12.261 KB
[16:55:09.632][info] [#0:script/workspace/loading.lua:113]: ++++As library of:	file:///usr/share/nvim/runtime/lua
[16:55:09.632][info] [#0:script/workspace/loading.lua:98]: Skip loaded file: file:///usr/share/nvim/runtime/lua/vim/_options.lua
[16:55:09.632][info] [#0:script/workspace/loading.lua:98]: Skip loaded file: file:///usr/share/nvim/runtime/lua/vim/lsp/protocol.lua
[16:55:09.632][info] [#0:script/workspace/loading.lua:101]: Preload file at: file:///usr/share/nvim/runtime/lua/vim/treesitter.lua , size = 15.316 KB
[16:55:09.642][info] [#0:script/workspace/loading.lua:113]: ++++As library of:	file:///usr/share/nvim/runtime/lua
[16:55:09.642][info] [#0:script/workspace/loading.lua:101]: Preload file at: file:///usr/share/nvim/runtime/lua/vim/secure.lua , size = 4.830 KB
[16:55:09.646][info] [#0:script/workspace/loading.lua:113]: ++++As library of:	file:///usr/share/nvim/runtime/lua
[16:55:09.646][info] [#0:script/workspace/loading.lua:98]: Skip loaded file: file:///usr/share/nvim/runtime/lua/vim/treesitter.lua
[16:55:09.646][info] [#0:script/workspace/loading.lua:98]: Skip loaded file: file:///usr/share/nvim/runtime/lua/vim/secure.lua
[16:55:09.646][info] [#0:script/workspace/loading.lua:101]: Preload file at: file:///usr/share/nvim/runtime/lua/vim/highlight.lua , size = 3.749 KB
[16:55:09.649][info] [#0:script/workspace/loading.lua:113]: ++++As library of:	file:///usr/share/nvim/runtime/lua
[16:55:09.649][info] [#0:script/workspace/loading.lua:98]: Skip loaded file: file:///usr/share/nvim/runtime/lua/vim/highlight.lua
[16:55:09.649][info] [#0:script/workspace/loading.lua:101]: Preload file at: file:///usr/share/nvim/runtime/lua/vim/ui.lua , size = 3.672 KB
[16:55:09.651][info] [#0:script/workspace/loading.lua:113]: ++++As library of:	file:///usr/share/nvim/runtime/lua
[16:55:09.651][info] [#0:script/workspace/loading.lua:98]: Skip loaded file: file:///usr/share/nvim/runtime/lua/vim/ui.lua
[16:55:09.651][info] [#0:script/workspace/loading.lua:101]: Preload file at: file:///usr/share/nvim/runtime/lua/vim/lsp.lua , size = 82.377 KB
[16:55:09.716][info] [#0:script/workspace/loading.lua:113]: ++++As library of:	file:///usr/share/nvim/runtime/lua
[16:55:09.716][info] [#0:script/workspace/loading.lua:101]: Preload file at: file:///usr/share/nvim/runtime/lua/vim/F.lua , size = 0.824 KB
[16:55:09.717][info] [#0:script/workspace/loading.lua:113]: ++++As library of:	file:///usr/share/nvim/runtime/lua
[16:55:09.717][info] [#0:script/workspace/loading.lua:98]: Skip loaded file: file:///usr/share/nvim/runtime/lua/vim/lsp.lua
[16:55:09.717][info] [#0:script/workspace/loading.lua:98]: Skip loaded file: file:///usr/share/nvim/runtime/lua/vim/F.lua
[16:55:09.717][info] [#0:script/workspace/loading.lua:101]: Preload file at: file:///usr/share/nvim/runtime/lua/vim/treesitter/highlighter.lua , size = 8.781 KB
[16:55:09.723][info] [#0:script/workspace/loading.lua:113]: ++++As library of:	file:///usr/share/nvim/runtime/lua
[16:55:09.723][info] [#0:script/workspace/loading.lua:98]: Skip loaded file: file:///usr/share/nvim/runtime/lua/vim/treesitter/highlighter.lua
[16:55:09.724][info] [#0:script/workspace/loading.lua:101]: Preload file at: file:///usr/share/nvim/runtime/lua/vim/treesitter/_fold.lua , size = 8.770 KB
[16:55:09.730][info] [#0:script/workspace/loading.lua:113]: ++++As library of:	file:///usr/share/nvim/runtime/lua
[16:55:09.730][info] [#0:script/workspace/loading.lua:98]: Skip loaded file: file:///usr/share/nvim/runtime/lua/vim/treesitter/_fold.lua
[16:55:09.730][info] [#0:script/workspace/loading.lua:101]: Preload file at: file:///usr/share/nvim/runtime/lua/vim/treesitter/_meta.lua , size = 2.839 KB
[16:55:09.733][info] [#0:script/workspace/loading.lua:113]: ++++As library of:	file:///usr/share/nvim/runtime/lua
[16:55:09.733][info] [#0:script/workspace/loading.lua:98]: Skip loaded file: file:///usr/share/nvim/runtime/lua/vim/treesitter/_meta.lua
[16:55:09.733][info] [#0:script/workspace/loading.lua:101]: Preload file at: file:///usr/share/nvim/runtime/lua/vim/treesitter/query.lua , size = 21.253 KB
[16:55:09.748][info] [#0:script/workspace/loading.lua:113]: ++++As library of:	file:///usr/share/nvim/runtime/lua
[16:55:09.748][info] [#0:script/workspace/loading.lua:98]: Skip loaded file: file:///usr/share/nvim/runtime/lua/vim/treesitter/query.lua
[16:55:09.748][info] [#0:script/workspace/loading.lua:101]: Preload file at: file:///usr/share/nvim/runtime/lua/vim/treesitter/languagetree.lua , size = 27.667 KB
[16:55:09.771][info] [#0:script/workspace/loading.lua:113]: ++++As library of:	file:///usr/share/nvim/runtime/lua
[16:55:09.771][info] [#0:script/workspace/loading.lua:101]: Preload file at: file:///usr/share/nvim/runtime/lua/vim/treesitter/language.lua , size = 3.558 KB
[16:55:09.774][info] [#0:script/workspace/loading.lua:113]: ++++As library of:	file:///usr/share/nvim/runtime/lua
[16:55:09.774][info] [#0:script/workspace/loading.lua:98]: Skip loaded file: file:///usr/share/nvim/runtime/lua/vim/treesitter/language.lua
[16:55:09.774][info] [#0:script/workspace/loading.lua:98]: Skip loaded file: file:///usr/share/nvim/runtime/lua/vim/treesitter/languagetree.lua
[16:55:09.774][info] [#0:script/workspace/loading.lua:101]: Preload file at: file:///usr/share/nvim/runtime/lua/vim/treesitter/_range.lua , size = 3.646 KB
[16:55:09.778][info] [#0:script/workspace/loading.lua:113]: ++++As library of:	file:///usr/share/nvim/runtime/lua
[16:55:09.778][info] [#0:script/workspace/loading.lua:98]: Skip loaded file: file:///usr/share/nvim/runtime/lua/vim/treesitter/_range.lua
[16:55:09.778][info] [#0:script/workspace/loading.lua:101]: Preload file at: file:///usr/share/nvim/runtime/lua/vim/treesitter/playground.lua , size = 12.789 KB
[16:55:09.789][info] [#0:script/workspace/loading.lua:113]: ++++As library of:	file:///usr/share/nvim/runtime/lua
[16:55:09.789][info] [#0:script/workspace/loading.lua:98]: Skip loaded file: file:///usr/share/nvim/runtime/lua/vim/treesitter/playground.lua
[16:55:09.789][info] [#0:script/workspace/loading.lua:101]: Preload file at: file:///usr/share/nvim/runtime/lua/vim/treesitter/health.lua , size = 0.888 KB
[16:55:09.790][info] [#0:script/workspace/loading.lua:113]: ++++As library of:	file:///usr/share/nvim/runtime/lua
[16:55:09.790][info] [#0:script/workspace/loading.lua:98]: Skip loaded file: file:///usr/share/nvim/runtime/lua/vim/treesitter/health.lua
[16:55:09.790][info] [#0:script/workspace/loading.lua:101]: Preload file at: file:///usr/share/nvim/runtime/lua/vim/_editor.lua , size = 29.378 KB
[16:55:09.810][info] [#0:script/workspace/loading.lua:113]: ++++As library of:	file:///usr/share/nvim/runtime/lua
[16:55:09.810][info] [#0:script/workspace/loading.lua:98]: Skip loaded file: file:///usr/share/nvim/runtime/lua/vim/_editor.lua
[16:55:09.811][info] [#0:script/workspace/loading.lua:101]: Preload file at: file:///usr/share/nvim/runtime/lua/vim/health.lua , size = 1.782 KB
[16:55:09.812][info] [#0:script/workspace/loading.lua:113]: ++++As library of:	file:///usr/share/nvim/runtime/lua
[16:55:09.812][info] [#0:script/workspace/loading.lua:98]: Skip loaded file: file:///usr/share/nvim/runtime/lua/vim/health.lua
[16:55:09.812][info] [#0:script/workspace/loading.lua:101]: Preload file at: file:///usr/share/nvim/runtime/lua/nvim/health.lua , size = 12.706 KB
[16:55:09.820][info] [#0:script/workspace/loading.lua:113]: ++++As library of:	file:///usr/share/nvim/runtime/lua
[16:55:09.820][info] [#0:script/workspace/loading.lua:98]: Skip loaded file: file:///usr/share/nvim/runtime/lua/nvim/health.lua
[16:55:09.820][info] [#0:script/workspace/loading.lua:101]: Preload file at: file:///usr/share/nvim/runtime/lua/man.lua , size = 25.082 KB
[16:55:09.838][info] [#0:script/workspace/loading.lua:113]: ++++As library of:	file:///usr/share/nvim/runtime/lua
[16:55:09.838][info] [#0:script/workspace/loading.lua:101]: Preload file at: file:///usr/share/nvim/runtime/lua/_vim9script.lua , size = 15.439 KB
[16:55:09.848][info] [#0:script/workspace/loading.lua:113]: ++++As library of:	file:///usr/share/nvim/runtime/lua
[16:55:09.849][info] [#0:script/workspace/loading.lua:98]: Skip loaded file: file:///usr/share/nvim/runtime/lua/man.lua
[16:55:09.849][info] [#0:script/workspace/loading.lua:98]: Skip loaded file: file:///usr/share/nvim/runtime/lua/_vim9script.lua
[16:55:09.849][info] [#0:script/workspace/loading.lua:101]: Preload file at: file:///usr/share/nvim/runtime/lua/editorconfig.lua , size = 7.479 KB
[16:55:09.854][info] [#0:script/workspace/loading.lua:113]: ++++As library of:	file:///usr/share/nvim/runtime/lua
[16:55:09.854][info] [#0:script/workspace/loading.lua:98]: Skip loaded file: file:///usr/share/nvim/runtime/lua/editorconfig.lua
[16:55:09.854][info] [#0:script/workspace/loading.lua:101]: Preload file at: file:///home/elliot/.local/share/nvim/lazy/lazy.nvim/lua/lazy/state.lua , size = 0.859 KB
[16:55:09.856][info] [#0:script/workspace/loading.lua:113]: ++++As library of:	file:///home/elliot/.local/share/nvim/lazy/lazy.nvim/lua/lazy
[16:55:09.856][info] [#0:script/workspace/loading.lua:98]: Skip loaded file: file:///home/elliot/.local/share/nvim/lazy/lazy.nvim/lua/lazy/state.lua
[16:55:09.856][info] [#0:script/workspace/loading.lua:101]: Preload file at: file:///home/elliot/.local/share/nvim/lazy/lazy.nvim/lua/lazy/types.lua , size = 3.238 KB
[16:55:09.859][info] [#0:script/workspace/loading.lua:113]: ++++As library of:	file:///home/elliot/.local/share/nvim/lazy/lazy.nvim/lua/lazy
[16:55:09.859][info] [#0:script/workspace/loading.lua:98]: Skip loaded file: file:///home/elliot/.local/share/nvim/lazy/lazy.nvim/lua/lazy/types.lua
[16:55:09.859][info] [#0:script/workspace/loading.lua:101]: Preload file at: file:///home/elliot/.local/share/nvim/lazy/lazy.nvim/lua/lazy/view/diff.lua , size = 1.585 KB
[16:55:09.861][info] [#0:script/workspace/loading.lua:113]: ++++As library of:	file:///home/elliot/.local/share/nvim/lazy/lazy.nvim/lua/lazy
[16:55:09.861][info] [#0:script/workspace/loading.lua:98]: Skip loaded file: file:///home/elliot/.local/share/nvim/lazy/lazy.nvim/lua/lazy/view/diff.lua
[16:55:09.861][info] [#0:script/workspace/loading.lua:101]: Preload file at: file:///home/elliot/.local/share/nvim/lazy/lazy.nvim/lua/lazy/view/render.lua , size = 21.163 KB
[16:55:09.880][info] [#0:script/workspace/loading.lua:113]: ++++As library of:	file:///home/elliot/.local/share/nvim/lazy/lazy.nvim/lua/lazy
[16:55:09.881][info] [#0:script/workspace/loading.lua:101]: Preload file at: file:///home/elliot/.local/share/nvim/lazy/lazy.nvim/lua/lazy/view/sections.lua , size = 2.362 KB
[16:55:09.883][info] [#0:script/workspace/loading.lua:113]: ++++As library of:	file:///home/elliot/.local/share/nvim/lazy/lazy.nvim/lua/lazy
[16:55:09.883][info] [#0:script/workspace/loading.lua:98]: Skip loaded file: file:///home/elliot/.local/share/nvim/lazy/lazy.nvim/lua/lazy/view/sections.lua
[16:55:09.883][info] [#0:script/workspace/loading.lua:98]: Skip loaded file: file:///home/elliot/.local/share/nvim/lazy/lazy.nvim/lua/lazy/view/render.lua
[16:55:09.883][info] [#0:script/workspace/loading.lua:101]: Preload file at: file:///home/elliot/.local/share/nvim/lazy/lazy.nvim/lua/lazy/view/config.lua , size = 3.478 KB
[16:55:09.885][info] [#0:script/workspace/loading.lua:113]: ++++As library of:	file:///home/elliot/.local/share/nvim/lazy/lazy.nvim/lua/lazy
[16:55:09.885][info] [#0:script/workspace/loading.lua:101]: Preload file at: file:///home/elliot/.local/share/nvim/lazy/lazy.nvim/lua/lazy/view/text.lua , size = 3.820 KB
[16:55:09.889][info] [#0:script/workspace/loading.lua:113]: ++++As library of:	file:///home/elliot/.local/share/nvim/lazy/lazy.nvim/lua/lazy
[16:55:09.889][info] [#0:script/workspace/loading.lua:98]: Skip loaded file: file:///home/elliot/.local/share/nvim/lazy/lazy.nvim/lua/lazy/view/config.lua
[16:55:09.889][info] [#0:script/workspace/loading.lua:98]: Skip loaded file: file:///home/elliot/.local/share/nvim/lazy/lazy.nvim/lua/lazy/view/text.lua
[16:55:09.889][info] [#0:script/workspace/loading.lua:101]: Preload file at: file:///home/elliot/.local/share/nvim/lazy/lazy.nvim/lua/lazy/view/init.lua , size = 7.551 KB
[16:55:09.896][info] [#0:script/workspace/loading.lua:113]: ++++As library of:	file:///home/elliot/.local/share/nvim/lazy/lazy.nvim/lua/lazy
[16:55:09.896][info] [#0:script/workspace/loading.lua:98]: Skip loaded file: file:///home/elliot/.local/share/nvim/lazy/lazy.nvim/lua/lazy/view/init.lua
[16:55:09.896][info] [#0:script/workspace/loading.lua:101]: Preload file at: file:///home/elliot/.local/share/nvim/lazy/lazy.nvim/lua/lazy/view/colors.lua , size = 1.539 KB
[16:55:09.897][info] [#0:script/workspace/loading.lua:113]: ++++As library of:	file:///home/elliot/.local/share/nvim/lazy/lazy.nvim/lua/lazy
[16:55:09.897][info] [#0:script/workspace/loading.lua:98]: Skip loaded file: file:///home/elliot/.local/share/nvim/lazy/lazy.nvim/lua/lazy/view/colors.lua
[16:55:09.897][info] [#0:script/workspace/loading.lua:101]: Preload file at: file:///home/elliot/.local/share/nvim/lazy/lazy.nvim/lua/lazy/view/commands.lua , size = 3.386 KB
[16:55:09.937][info] [#0:script/workspace/loading.lua:113]: ++++As library of:	file:///home/elliot/.local/share/nvim/lazy/lazy.nvim/lua/lazy
[16:55:09.937][info] [#0:script/workspace/loading.lua:98]: Skip loaded file: file:///home/elliot/.local/share/nvim/lazy/lazy.nvim/lua/lazy/view/commands.lua
[16:55:09.937][info] [#0:script/workspace/loading.lua:101]: Preload file at: file:///home/elliot/.local/share/nvim/lazy/lazy.nvim/lua/lazy/view/float.lua , size = 9.243 KB
[16:55:09.947][info] [#0:script/workspace/loading.lua:113]: ++++As library of:	file:///home/elliot/.local/share/nvim/lazy/lazy.nvim/lua/lazy
[16:55:09.947][info] [#0:script/workspace/loading.lua:89]: Skip loaded file: file:///home/elliot/.local/share/nvim/lazy/lazy.nvim/lua/lazy/view/float.lua
[16:55:09.947][info] [#0:script/workspace/loading.lua:113]: ++++As library of:	file:///home/elliot/.local/share/nvim/lazy/lazy.nvim/lua/lazy
[16:55:09.947][info] [#0:script/workspace/loading.lua:101]: Preload file at: file:///home/elliot/.local/share/nvim/lazy/lazy.nvim/lua/lazy/status.lua , size = 0.353 KB
[16:55:09.948][info] [#0:script/workspace/loading.lua:113]: ++++As library of:	file:///home/elliot/.local/share/nvim/lazy/lazy.nvim/lua/lazy
[16:55:09.948][info] [#0:script/workspace/loading.lua:98]: Skip loaded file: file:///home/elliot/.local/share/nvim/lazy/lazy.nvim/lua/lazy/status.lua
[16:55:09.948][info] [#0:script/workspace/loading.lua:101]: Preload file at: file:///home/elliot/.local/share/nvim/lazy/lazy.nvim/lua/lazy/example.lua , size = 2.643 KB
[16:55:09.949][info] [#0:script/workspace/loading.lua:113]: ++++As library of:	file:///home/elliot/.local/share/nvim/lazy/lazy.nvim/lua/lazy
[16:55:09.949][info] [#0:script/workspace/loading.lua:98]: Skip loaded file: file:///home/elliot/.local/share/nvim/lazy/lazy.nvim/lua/lazy/example.lua
[16:55:09.949][info] [#0:script/workspace/loading.lua:101]: Preload file at: file:///home/elliot/.local/share/nvim/lazy/lazy.nvim/lua/lazy/manage/process.lua , size = 3.987 KB
[16:55:09.953][info] [#0:script/workspace/loading.lua:113]: ++++As library of:	file:///home/elliot/.local/share/nvim/lazy/lazy.nvim/lua/lazy
[16:55:09.953][info] [#0:script/workspace/loading.lua:98]: Skip loaded file: file:///home/elliot/.local/share/nvim/lazy/lazy.nvim/lua/lazy/manage/process.lua
[16:55:09.953][info] [#0:script/workspace/loading.lua:101]: Preload file at: file:///home/elliot/.local/share/nvim/lazy/lazy.nvim/lua/lazy/manage/checker.lua , size = 2.306 KB
[16:55:09.955][info] [#0:script/workspace/loading.lua:113]: ++++As library of:	file:///home/elliot/.local/share/nvim/lazy/lazy.nvim/lua/lazy
[16:55:09.955][info] [#0:script/workspace/loading.lua:101]: Preload file at: file:///home/elliot/.local/share/nvim/lazy/lazy.nvim/lua/lazy/manage/task/fs.lua , size = 0.741 KB
[16:55:09.956][info] [#0:script/workspace/loading.lua:113]: ++++As library of:	file:///home/elliot/.local/share/nvim/lazy/lazy.nvim/lua/lazy
[16:55:09.956][info] [#0:script/workspace/loading.lua:98]: Skip loaded file: file:///home/elliot/.local/share/nvim/lazy/lazy.nvim/lua/lazy/manage/checker.lua
[16:55:09.956][info] [#0:script/workspace/loading.lua:89]: Skip loaded file: file:///home/elliot/.local/share/nvim/lazy/lazy.nvim/lua/lazy/manage/task/fs.lua
[16:55:09.956][info] [#0:script/workspace/loading.lua:113]: ++++As library of:	file:///home/elliot/.local/share/nvim/lazy/lazy.nvim/lua/lazy
[16:55:09.956][info] [#0:script/workspace/loading.lua:101]: Preload file at: file:///home/elliot/.local/share/nvim/lazy/lazy.nvim/lua/lazy/manage/task/init.lua , size = 3.816 KB
[16:55:09.960][info] [#0:script/workspace/loading.lua:113]: ++++As library of:	file:///home/elliot/.local/share/nvim/lazy/lazy.nvim/lua/lazy
[16:55:09.960][info] [#0:script/workspace/loading.lua:98]: Skip loaded file: file:///home/elliot/.local/share/nvim/lazy/lazy.nvim/lua/lazy/manage/task/init.lua
[16:55:09.960][info] [#0:script/workspace/loading.lua:101]: Preload file at: file:///home/elliot/.local/share/nvim/lazy/lazy.nvim/lua/lazy/manage/task/git.lua , size = 7.979 KB
[16:55:09.966][info] [#0:script/workspace/loading.lua:113]: ++++As library of:	file:///home/elliot/.local/share/nvim/lazy/lazy.nvim/lua/lazy
[16:55:09.966][info] [#0:script/workspace/loading.lua:98]: Skip loaded file: file:///home/elliot/.local/share/nvim/lazy/lazy.nvim/lua/lazy/manage/task/git.lua
[16:55:09.966][info] [#0:script/workspace/loading.lua:101]: Preload file at: file:///home/elliot/.local/share/nvim/lazy/lazy.nvim/lua/lazy/manage/task/plugin.lua , size = 2.385 KB
[16:55:09.968][info] [#0:script/workspace/loading.lua:113]: ++++As library of:	file:///home/elliot/.local/share/nvim/lazy/lazy.nvim/lua/lazy
[16:55:09.968][info] [#0:script/workspace/loading.lua:98]: Skip loaded file: file:///home/elliot/.local/share/nvim/lazy/lazy.nvim/lua/lazy/manage/task/plugin.lua
[16:55:09.968][info] [#0:script/workspace/loading.lua:101]: Preload file at: file:///home/elliot/.local/share/nvim/lazy/lazy.nvim/lua/lazy/manage/semver.lua , size = 4.409 KB
[16:55:09.973][info] [#0:script/workspace/loading.lua:113]: ++++As library of:	file:///home/elliot/.local/share/nvim/lazy/lazy.nvim/lua/lazy
[16:55:09.973][info] [#0:script/workspace/loading.lua:98]: Skip loaded file: file:///home/elliot/.local/share/nvim/lazy/lazy.nvim/lua/lazy/manage/semver.lua
[16:55:09.973][info] [#0:script/workspace/loading.lua:101]: Preload file at: file:///home/elliot/.local/share/nvim/lazy/lazy.nvim/lua/lazy/manage/runner.lua , size = 4.356 KB
[16:55:09.977][info] [#0:script/workspace/loading.lua:113]: ++++As library of:	file:///home/elliot/.local/share/nvim/lazy/lazy.nvim/lua/lazy
[16:55:09.977][info] [#0:script/workspace/loading.lua:98]: Skip loaded file: file:///home/elliot/.local/share/nvim/lazy/lazy.nvim/lua/lazy/manage/runner.lua
[16:55:09.977][info] [#0:script/workspace/loading.lua:101]: Preload file at: file:///home/elliot/.local/share/nvim/lazy/lazy.nvim/lua/lazy/manage/init.lua , size = 5.484 KB
[16:55:09.981][info] [#0:script/workspace/loading.lua:113]: ++++As library of:	file:///home/elliot/.local/share/nvim/lazy/lazy.nvim/lua/lazy
[16:55:09.981][info] [#0:script/workspace/loading.lua:98]: Skip loaded file: file:///home/elliot/.local/share/nvim/lazy/lazy.nvim/lua/lazy/manage/init.lua
[16:55:09.981][info] [#0:script/workspace/loading.lua:101]: Preload file at: file:///home/elliot/.local/share/nvim/lazy/lazy.nvim/lua/lazy/manage/lock.lua , size = 1.811 KB
[16:55:09.983][info] [#0:script/workspace/loading.lua:113]: ++++As library of:	file:///home/elliot/.local/share/nvim/lazy/lazy.nvim/lua/lazy
[16:55:09.983][info] [#0:script/workspace/loading.lua:98]: Skip loaded file: file:///home/elliot/.local/share/nvim/lazy/lazy.nvim/lua/lazy/manage/lock.lua
[16:55:09.983][info] [#0:script/workspace/loading.lua:101]: Preload file at: file:///home/elliot/.local/share/nvim/lazy/lazy.nvim/lua/lazy/manage/git.lua , size = 6.043 KB
[16:55:09.988][info] [#0:script/workspace/loading.lua:113]: ++++As library of:	file:///home/elliot/.local/share/nvim/lazy/lazy.nvim/lua/lazy
[16:55:09.988][info] [#0:script/workspace/loading.lua:98]: Skip loaded file: file:///home/elliot/.local/share/nvim/lazy/lazy.nvim/lua/lazy/manage/git.lua
[16:55:09.988][info] [#0:script/workspace/loading.lua:101]: Preload file at: file:///home/elliot/.local/share/nvim/lazy/lazy.nvim/lua/lazy/manage/reloader.lua , size = 2.750 KB
[16:55:09.991][info] [#0:script/workspace/loading.lua:113]: ++++As library of:	file:///home/elliot/.local/share/nvim/lazy/lazy.nvim/lua/lazy
[16:55:09.991][info] [#0:script/workspace/loading.lua:101]: Preload file at: file:///home/elliot/.local/share/nvim/lazy/lazy.nvim/lua/lazy/init.lua , size = 3.749 KB
[16:55:09.994][info] [#0:script/workspace/loading.lua:113]: ++++As library of:	file:///home/elliot/.local/share/nvim/lazy/lazy.nvim/lua/lazy
[16:55:09.994][info] [#0:script/workspace/loading.lua:98]: Skip loaded file: file:///home/elliot/.local/share/nvim/lazy/lazy.nvim/lua/lazy/manage/reloader.lua
[16:55:09.994][info] [#0:script/workspace/loading.lua:89]: Skip loaded file: file:///home/elliot/.local/share/nvim/lazy/lazy.nvim/lua/lazy/init.lua
[16:55:09.994][info] [#0:script/workspace/loading.lua:113]: ++++As library of:	file:///home/elliot/.local/share/nvim/lazy/lazy.nvim/lua/lazy
[16:55:09.994][info] [#0:script/workspace/loading.lua:101]: Preload file at: file:///home/elliot/.local/share/nvim/lazy/lazy.nvim/lua/lazy/core/config.lua , size = 9.138 KB
[16:55:09.999][info] [#0:script/workspace/loading.lua:113]: ++++As library of:	file:///home/elliot/.local/share/nvim/lazy/lazy.nvim/lua/lazy
[16:55:09.999][info] [#0:script/workspace/loading.lua:98]: Skip loaded file: file:///home/elliot/.local/share/nvim/lazy/lazy.nvim/lua/lazy/core/config.lua
[16:55:09.999][info] [#0:script/workspace/loading.lua:101]: Preload file at: file:///home/elliot/.local/share/nvim/lazy/lazy.nvim/lua/lazy/core/cache.lua , size = 16.584 KB
[16:55:10.012][info] [#0:script/workspace/loading.lua:113]: ++++As library of:	file:///home/elliot/.local/share/nvim/lazy/lazy.nvim/lua/lazy
[16:55:10.012][info] [#0:script/workspace/loading.lua:98]: Skip loaded file: file:///home/elliot/.local/share/nvim/lazy/lazy.nvim/lua/lazy/core/cache.lua
[16:55:10.012][info] [#0:script/workspace/loading.lua:101]: Preload file at: file:///home/elliot/.local/share/nvim/lazy/lazy.nvim/lua/lazy/core/loader.lua , size = 13.809 KB
[16:55:10.022][info] [#0:script/workspace/loading.lua:113]: ++++As library of:	file:///home/elliot/.local/share/nvim/lazy/lazy.nvim/lua/lazy
[16:55:10.022][info] [#0:script/workspace/loading.lua:98]: Skip loaded file: file:///home/elliot/.local/share/nvim/lazy/lazy.nvim/lua/lazy/core/loader.lua
[16:55:10.022][info] [#0:script/workspace/loading.lua:101]: Preload file at: file:///home/elliot/.local/share/nvim/lazy/lazy.nvim/lua/lazy/core/handler/ft.lua , size = 0.442 KB
[16:55:10.023][info] [#0:script/workspace/loading.lua:113]: ++++As library of:	file:///home/elliot/.local/share/nvim/lazy/lazy.nvim/lua/lazy
[16:55:10.023][info] [#0:script/workspace/loading.lua:98]: Skip loaded file: file:///home/elliot/.local/share/nvim/lazy/lazy.nvim/lua/lazy/core/handler/ft.lua
[16:55:10.023][info] [#0:script/workspace/loading.lua:101]: Preload file at: file:///home/elliot/.local/share/nvim/lazy/lazy.nvim/lua/lazy/core/handler/event.lua , size = 4.860 KB
[16:55:10.027][info] [#0:script/workspace/loading.lua:113]: ++++As library of:	file:///home/elliot/.local/share/nvim/lazy/lazy.nvim/lua/lazy
[16:55:10.027][info] [#0:script/workspace/loading.lua:98]: Skip loaded file: file:///home/elliot/.local/share/nvim/lazy/lazy.nvim/lua/lazy/core/handler/event.lua
[16:55:10.027][info] [#0:script/workspace/loading.lua:101]: Preload file at: file:///home/elliot/.local/share/nvim/lazy/lazy.nvim/lua/lazy/core/handler/init.lua , size = 3.126 KB
[16:55:10.031][info] [#0:script/workspace/loading.lua:113]: ++++As library of:	file:///home/elliot/.local/share/nvim/lazy/lazy.nvim/lua/lazy
[16:55:10.031][info] [#0:script/workspace/loading.lua:98]: Skip loaded file: file:///home/elliot/.local/share/nvim/lazy/lazy.nvim/lua/lazy/core/handler/init.lua
[16:55:10.031][info] [#0:script/workspace/loading.lua:101]: Preload file at: file:///home/elliot/.local/share/nvim/lazy/lazy.nvim/lua/lazy/core/handler/cmd.lua , size = 1.638 KB
[16:55:10.033][info] [#0:script/workspace/loading.lua:113]: ++++As library of:	file:///home/elliot/.local/share/nvim/lazy/lazy.nvim/lua/lazy
[16:55:10.033][info] [#0:script/workspace/loading.lua:98]: Skip loaded file: file:///home/elliot/.local/share/nvim/lazy/lazy.nvim/lua/lazy/core/handler/cmd.lua
[16:55:10.033][info] [#0:script/workspace/loading.lua:101]: Preload file at: file:///home/elliot/.local/share/nvim/lazy/lazy.nvim/lua/lazy/core/handler/keys.lua , size = 5.024 KB
[16:55:10.038][info] [#0:script/workspace/loading.lua:113]: ++++As library of:	file:///home/elliot/.local/share/nvim/lazy/lazy.nvim/lua/lazy
[16:55:10.038][info] [#0:script/workspace/loading.lua:98]: Skip loaded file: file:///home/elliot/.local/share/nvim/lazy/lazy.nvim/lua/lazy/core/handler/keys.lua
[16:55:10.038][info] [#0:script/workspace/loading.lua:101]: Preload file at: file:///home/elliot/.local/share/nvim/lazy/lazy.nvim/lua/lazy/core/util.lua , size = 10.667 KB
[16:55:10.049][info] [#0:script/workspace/loading.lua:113]: ++++As library of:	file:///home/elliot/.local/share/nvim/lazy/lazy.nvim/lua/lazy
[16:55:10.049][info] [#0:script/workspace/loading.lua:98]: Skip loaded file: file:///home/elliot/.local/share/nvim/lazy/lazy.nvim/lua/lazy/core/util.lua
[16:55:10.049][info] [#0:script/workspace/loading.lua:101]: Preload file at: file:///home/elliot/.local/share/nvim/lazy/lazy.nvim/lua/lazy/core/plugin.lua , size = 17.062 KB
[16:55:10.064][info] [#0:script/workspace/loading.lua:113]: ++++As library of:	file:///home/elliot/.local/share/nvim/lazy/lazy.nvim/lua/lazy
[16:55:10.064][info] [#0:script/workspace/loading.lua:101]: Preload file at: file:///home/elliot/.local/share/nvim/lazy/lazy.nvim/lua/lazy/help.lua , size = 2.236 KB
[16:55:10.067][info] [#0:script/workspace/loading.lua:113]: ++++As library of:	file:///home/elliot/.local/share/nvim/lazy/lazy.nvim/lua/lazy
[16:55:10.067][info] [#0:script/workspace/loading.lua:98]: Skip loaded file: file:///home/elliot/.local/share/nvim/lazy/lazy.nvim/lua/lazy/help.lua
[16:55:10.067][info] [#0:script/workspace/loading.lua:98]: Skip loaded file: file:///home/elliot/.local/share/nvim/lazy/lazy.nvim/lua/lazy/core/plugin.lua
[16:55:10.067][info] [#0:script/workspace/loading.lua:101]: Preload file at: file:///home/elliot/.local/share/nvim/lazy/lazy.nvim/lua/lazy/docs.lua , size = 4.638 KB
[16:55:10.072][info] [#0:script/workspace/loading.lua:113]: ++++As library of:	file:///home/elliot/.local/share/nvim/lazy/lazy.nvim/lua/lazy
[16:55:10.072][info] [#0:script/workspace/loading.lua:98]: Skip loaded file: file:///home/elliot/.local/share/nvim/lazy/lazy.nvim/lua/lazy/docs.lua
[16:55:10.072][info] [#0:script/workspace/loading.lua:101]: Preload file at: file:///home/elliot/.local/share/nvim/lazy/lazy.nvim/lua/lazy/stats.lua , size = 2.066 KB
[16:55:10.073][info] [#0:script/workspace/loading.lua:113]: ++++As library of:	file:///home/elliot/.local/share/nvim/lazy/lazy.nvim/lua/lazy
[16:55:10.073][info] [#0:script/workspace/loading.lua:98]: Skip loaded file: file:///home/elliot/.local/share/nvim/lazy/lazy.nvim/lua/lazy/stats.lua
[16:55:10.073][info] [#0:script/workspace/loading.lua:101]: Preload file at: file:///home/elliot/.local/share/nvim/lazy/lazy.nvim/lua/lazy/util.lua , size = 6.579 KB
[16:55:10.080][info] [#0:script/workspace/loading.lua:113]: ++++As library of:	file:///home/elliot/.local/share/nvim/lazy/lazy.nvim/lua/lazy
[16:55:10.080][info] [#0:script/workspace/loading.lua:98]: Skip loaded file: file:///home/elliot/.local/share/nvim/lazy/lazy.nvim/lua/lazy/util.lua
[16:55:10.080][info] [#0:script/workspace/loading.lua:101]: Preload file at: file:///home/elliot/.local/share/nvim/lazy/lazy.nvim/lua/lazy/health.lua , size = 3.325 KB
[16:55:10.083][info] [#0:script/workspace/loading.lua:113]: ++++As library of:	file:///home/elliot/.local/share/nvim/lazy/lazy.nvim/lua/lazy
[16:55:10.083][info] [#0:script/workspace/loading.lua:98]: Skip loaded file: file:///home/elliot/.local/share/nvim/lazy/lazy.nvim/lua/lazy/health.lua
[16:55:10.083][info] [#0:script/workspace/loading.lua:101]: Preload file at: file:///home/elliot/.local/share/nvim/mason/packages/lua-language-server/libexec/meta/Lua%205.4%20en-us%20utf8/table.lua , size = 4.230 KB
[16:55:10.087][info] [#0:script/workspace/loading.lua:113]: ++++As library of:	file:///home/elliot/.local/share/nvim/mason/packages/lua-language-server/libexec/meta/Lua%205.4%20en-us%20utf8/table.lua
[16:55:10.087][info] [#0:script/workspace/loading.lua:89]: Skip loaded file: file:///home/elliot/.local/share/nvim/mason/packages/lua-language-server/libexec/meta/Lua%205.4%20en-us%20utf8/table.lua
[16:55:10.087][info] [#0:script/workspace/loading.lua:113]: ++++As library of:	file:///home/elliot/.local/share/nvim/mason/packages/lua-language-server/libexec/meta/Lua%205.4%20en-us%20utf8/table.lua
[16:55:10.087][info] [#0:script/workspace/loading.lua:89]: Skip loaded file: file:///usr/share/nvim/runtime/lua/vim/lsp/types.lua
[16:55:10.087][info] [#0:script/workspace/loading.lua:113]: ++++As library of:	file:///usr/share/nvim/runtime/lua/vim/lsp
[16:55:10.087][info] [#0:script/workspace/loading.lua:89]: Skip loaded file: file:///usr/share/nvim/runtime/lua/vim/lsp/types.lua
[16:55:10.087][info] [#0:script/workspace/loading.lua:113]: ++++As library of:	file:///usr/share/nvim/runtime/lua/vim/lsp
[16:55:10.087][info] [#0:script/workspace/loading.lua:89]: Skip loaded file: file:///usr/share/nvim/runtime/lua/vim/lsp/semantic_tokens.lua
[16:55:10.087][info] [#0:script/workspace/loading.lua:113]: ++++As library of:	file:///usr/share/nvim/runtime/lua/vim/lsp
[16:55:10.087][info] [#0:script/workspace/loading.lua:89]: Skip loaded file: file:///usr/share/nvim/runtime/lua/vim/lsp/semantic_tokens.lua
[16:55:10.087][info] [#0:script/workspace/loading.lua:113]: ++++As library of:	file:///usr/share/nvim/runtime/lua/vim/lsp
[16:55:10.087][info] [#0:script/workspace/loading.lua:89]: Skip loaded file: file:///usr/share/nvim/runtime/lua/vim/lsp/codelens.lua
[16:55:10.087][info] [#0:script/workspace/loading.lua:113]: ++++As library of:	file:///usr/share/nvim/runtime/lua/vim/lsp
[16:55:10.087][info] [#0:script/workspace/loading.lua:89]: Skip loaded file: file:///usr/share/nvim/runtime/lua/vim/lsp/codelens.lua
[16:55:10.087][info] [#0:script/workspace/loading.lua:113]: ++++As library of:	file:///usr/share/nvim/runtime/lua/vim/lsp
[16:55:10.087][info] [#0:script/workspace/loading.lua:89]: Skip loaded file: file:///usr/share/nvim/runtime/lua/vim/lsp/diagnostic.lua
[16:55:10.087][info] [#0:script/workspace/loading.lua:113]: ++++As library of:	file:///usr/share/nvim/runtime/lua/vim/lsp
[16:55:10.087][info] [#0:script/workspace/loading.lua:89]: Skip loaded file: file:///usr/share/nvim/runtime/lua/vim/lsp/diagnostic.lua
[16:55:10.087][info] [#0:script/workspace/loading.lua:113]: ++++As library of:	file:///usr/share/nvim/runtime/lua/vim/lsp
[16:55:10.087][info] [#0:script/workspace/loading.lua:89]: Skip loaded file: file:///usr/share/nvim/runtime/lua/vim/lsp/sync.lua
[16:55:10.087][info] [#0:script/workspace/loading.lua:113]: ++++As library of:	file:///usr/share/nvim/runtime/lua/vim/lsp
[16:55:10.087][info] [#0:script/workspace/loading.lua:89]: Skip loaded file: file:///usr/share/nvim/runtime/lua/vim/lsp/sync.lua
[16:55:10.087][info] [#0:script/workspace/loading.lua:113]: ++++As library of:	file:///usr/share/nvim/runtime/lua/vim/lsp
[16:55:10.087][info] [#0:script/workspace/loading.lua:89]: Skip loaded file: file:///usr/share/nvim/runtime/lua/vim/lsp/_watchfiles.lua
[16:55:10.087][info] [#0:script/workspace/loading.lua:113]: ++++As library of:	file:///usr/share/nvim/runtime/lua/vim/lsp
[16:55:10.087][info] [#0:script/workspace/loading.lua:89]: Skip loaded file: file:///usr/share/nvim/runtime/lua/vim/lsp/_watchfiles.lua
[16:55:10.087][info] [#0:script/workspace/loading.lua:113]: ++++As library of:	file:///usr/share/nvim/runtime/lua/vim/lsp
[16:55:10.087][info] [#0:script/workspace/loading.lua:89]: Skip loaded file: file:///usr/share/nvim/runtime/lua/vim/lsp/_snippet.lua
[16:55:10.087][info] [#0:script/workspace/loading.lua:113]: ++++As library of:	file:///usr/share/nvim/runtime/lua/vim/lsp
[16:55:10.087][info] [#0:script/workspace/loading.lua:89]: Skip loaded file: file:///usr/share/nvim/runtime/lua/vim/lsp/_snippet.lua
[16:55:10.087][info] [#0:script/workspace/loading.lua:113]: ++++As library of:	file:///usr/share/nvim/runtime/lua/vim/lsp
[16:55:10.087][info] [#0:script/workspace/loading.lua:89]: Skip loaded file: file:///usr/share/nvim/runtime/lua/vim/lsp/handlers.lua
[16:55:10.087][info] [#0:script/workspace/loading.lua:113]: ++++As library of:	file:///usr/share/nvim/runtime/lua/vim/lsp
[16:55:10.087][info] [#0:script/workspace/loading.lua:89]: Skip loaded file: file:///usr/share/nvim/runtime/lua/vim/lsp/handlers.lua
[16:55:10.087][info] [#0:script/workspace/loading.lua:113]: ++++As library of:	file:///usr/share/nvim/runtime/lua/vim/lsp
[16:55:10.087][info] [#0:script/workspace/loading.lua:89]: Skip loaded file: file:///usr/share/nvim/runtime/lua/vim/lsp/log.lua
[16:55:10.087][info] [#0:script/workspace/loading.lua:113]: ++++As library of:	file:///usr/share/nvim/runtime/lua/vim/lsp
[16:55:10.087][info] [#0:script/workspace/loading.lua:89]: Skip loaded file: file:///usr/share/nvim/runtime/lua/vim/lsp/log.lua
[16:55:10.087][info] [#0:script/workspace/loading.lua:113]: ++++As library of:	file:///usr/share/nvim/runtime/lua/vim/lsp
[16:55:10.087][info] [#0:script/workspace/loading.lua:89]: Skip loaded file: file:///usr/share/nvim/runtime/lua/vim/lsp/rpc.lua
[16:55:10.087][info] [#0:script/workspace/loading.lua:113]: ++++As library of:	file:///usr/share/nvim/runtime/lua/vim/lsp
[16:55:10.087][info] [#0:script/workspace/loading.lua:89]: Skip loaded file: file:///usr/share/nvim/runtime/lua/vim/lsp/rpc.lua
[16:55:10.087][info] [#0:script/workspace/loading.lua:113]: ++++As library of:	file:///usr/share/nvim/runtime/lua/vim/lsp
[16:55:10.087][info] [#0:script/workspace/loading.lua:89]: Skip loaded file: file:///usr/share/nvim/runtime/lua/vim/lsp/buf.lua
[16:55:10.087][info] [#0:script/workspace/loading.lua:113]: ++++As library of:	file:///usr/share/nvim/runtime/lua/vim/lsp
[16:55:10.087][info] [#0:script/workspace/loading.lua:89]: Skip loaded file: file:///usr/share/nvim/runtime/lua/vim/lsp/buf.lua
[16:55:10.087][info] [#0:script/workspace/loading.lua:113]: ++++As library of:	file:///usr/share/nvim/runtime/lua/vim/lsp
[16:55:10.087][info] [#0:script/workspace/loading.lua:89]: Skip loaded file: file:///usr/share/nvim/runtime/lua/vim/lsp/util.lua
[16:55:10.087][info] [#0:script/workspace/loading.lua:113]: ++++As library of:	file:///usr/share/nvim/runtime/lua/vim/lsp
[16:55:10.088][info] [#0:script/workspace/loading.lua:89]: Skip loaded file: file:///usr/share/nvim/runtime/lua/vim/lsp/util.lua
[16:55:10.088][info] [#0:script/workspace/loading.lua:113]: ++++As library of:	file:///usr/share/nvim/runtime/lua/vim/lsp
[16:55:10.088][info] [#0:script/workspace/loading.lua:89]: Skip loaded file: file:///usr/share/nvim/runtime/lua/vim/lsp/tagfunc.lua
[16:55:10.088][info] [#0:script/workspace/loading.lua:113]: ++++As library of:	file:///usr/share/nvim/runtime/lua/vim/lsp
[16:55:10.088][info] [#0:script/workspace/loading.lua:89]: Skip loaded file: file:///usr/share/nvim/runtime/lua/vim/lsp/tagfunc.lua
[16:55:10.088][info] [#0:script/workspace/loading.lua:113]: ++++As library of:	file:///usr/share/nvim/runtime/lua/vim/lsp
[16:55:10.088][info] [#0:script/workspace/loading.lua:89]: Skip loaded file: file:///usr/share/nvim/runtime/lua/vim/lsp/protocol.lua
[16:55:10.088][info] [#0:script/workspace/loading.lua:113]: ++++As library of:	file:///usr/share/nvim/runtime/lua/vim/lsp
[16:55:10.088][info] [#0:script/workspace/loading.lua:89]: Skip loaded file: file:///usr/share/nvim/runtime/lua/vim/lsp/protocol.lua
[16:55:10.088][info] [#0:script/workspace/loading.lua:113]: ++++As library of:	file:///usr/share/nvim/runtime/lua/vim/lsp
[16:55:10.088][info] [#0:script/workspace/loading.lua:89]: Skip loaded file: file:///usr/share/nvim/runtime/lua/vim/lsp/health.lua
[16:55:10.088][info] [#0:script/workspace/loading.lua:113]: ++++As library of:	file:///usr/share/nvim/runtime/lua/vim/lsp
[16:55:10.088][info] [#0:script/workspace/loading.lua:89]: Skip loaded file: file:///usr/share/nvim/runtime/lua/vim/lsp/health.lua
[16:55:10.088][info] [#0:script/workspace/loading.lua:113]: ++++As library of:	file:///usr/share/nvim/runtime/lua/vim/lsp
[16:55:10.088][info] [#0:script/workspace/loading.lua:101]: Preload file at: file:///home/elliot/.local/share/nvim/mason/packages/lua-language-server/libexec/meta/Lua%205.4%20en-us%20utf8/builtin.lua , size = 0.302 KB
[16:55:10.089][info] [#0:script/workspace/loading.lua:113]: ++++As library of:	file:///home/elliot/.local/share/nvim/mason/packages/lua-language-server/libexec/meta/Lua%205.4%20en-us%20utf8/builtin.lua
[16:55:10.089][info] [#0:script/workspace/loading.lua:98]: Skip loaded file: file:///home/elliot/.local/share/nvim/mason/packages/lua-language-server/libexec/meta/Lua%205.4%20en-us%20utf8/builtin.lua
[16:55:10.089][info] [#0:script/workspace/loading.lua:101]: Preload file at: file:///home/elliot/.local/share/nvim/mason/packages/lua-language-server/libexec/meta/Lua%205.4%20en-us%20utf8/basic.lua , size = 15.377 KB
[16:55:10.098][info] [#0:script/workspace/loading.lua:113]: ++++As library of:	file:///home/elliot/.local/share/nvim/mason/packages/lua-language-server/libexec/meta/Lua%205.4%20en-us%20utf8/basic.lua
[16:55:10.098][info] [#0:script/workspace/loading.lua:98]: Skip loaded file: file:///home/elliot/.local/share/nvim/mason/packages/lua-language-server/libexec/meta/Lua%205.4%20en-us%20utf8/basic.lua
[16:55:10.098][info] [#0:script/workspace/loading.lua:101]: Preload file at: file:///home/elliot/.local/share/nvim/mason/packages/lua-language-server/libexec/meta/Lua%205.4%20en-us%20utf8/utf8.lua , size = 2.386 KB
[16:55:10.100][info] [#0:script/workspace/loading.lua:113]: ++++As library of:	file:///home/elliot/.local/share/nvim/mason/packages/lua-language-server/libexec/meta/Lua%205.4%20en-us%20utf8/utf8.lua
[16:55:10.100][info] [#0:script/workspace/loading.lua:98]: Skip loaded file: file:///home/elliot/.local/share/nvim/mason/packages/lua-language-server/libexec/meta/Lua%205.4%20en-us%20utf8/utf8.lua
[16:55:10.100][info] [#0:script/workspace/loading.lua:101]: Preload file at: file:///home/elliot/.local/share/nvim/lazy/ui/nvchad_types/themes.lua , size = 5.846 KB
[16:55:10.104][info] [#0:script/workspace/loading.lua:113]: ++++As library of:	file:///home/elliot/.local/share/nvim/lazy/ui/nvchad_types
[16:55:10.104][info] [#0:script/workspace/loading.lua:101]: Preload file at: file:///home/elliot/.local/share/nvim/lazy/ui/nvchad_types/keymaps.lua , size = 1.461 KB
[16:55:10.105][info] [#0:script/workspace/loading.lua:113]: ++++As library of:	file:///home/elliot/.local/share/nvim/lazy/ui/nvchad_types
[16:55:10.105][info] [#0:script/workspace/loading.lua:98]: Skip loaded file: file:///home/elliot/.local/share/nvim/lazy/ui/nvchad_types/keymaps.lua
[16:55:10.105][info] [#0:script/workspace/loading.lua:98]: Skip loaded file: file:///home/elliot/.local/share/nvim/lazy/ui/nvchad_types/themes.lua
[16:55:10.105][info] [#0:script/workspace/loading.lua:101]: Preload file at: file:///home/elliot/.local/share/nvim/lazy/ui/nvchad_types/chadrc.lua , size = 5.337 KB
[16:55:10.108][info] [#0:script/workspace/loading.lua:113]: ++++As library of:	file:///home/elliot/.local/share/nvim/lazy/ui/nvchad_types
[16:55:10.108][info] [#0:script/workspace/loading.lua:89]: Skip loaded file: file:///home/elliot/.local/share/nvim/lazy/ui/nvchad_types/chadrc.lua
[16:55:10.108][info] [#0:script/workspace/loading.lua:113]: ++++As library of:	file:///home/elliot/.local/share/nvim/lazy/ui/nvchad_types
[16:55:10.108][info] [#0:script/workspace/loading.lua:101]: Preload file at: file:///home/elliot/.local/share/nvim/lazy/ui/nvchad_types/base46.lua , size = 6.033 KB
[16:55:10.112][info] [#0:script/workspace/loading.lua:113]: ++++As library of:	file:///home/elliot/.local/share/nvim/lazy/ui/nvchad_types
[16:55:10.112][info] [#0:script/workspace/loading.lua:98]: Skip loaded file: file:///home/elliot/.local/share/nvim/lazy/ui/nvchad_types/base46.lua
[16:55:10.112][info] [#0:script/workspace/loading.lua:101]: Preload file at: file:///home/elliot/.local/share/nvim/lazy/ui/nvchad_types/all_hl_groups.lua , size = 34.412 KB
[16:55:10.128][info] [#0:script/workspace/loading.lua:113]: ++++As library of:	file:///home/elliot/.local/share/nvim/lazy/ui/nvchad_types
[16:55:10.128][info] [#0:script/workspace/loading.lua:98]: Skip loaded file: file:///home/elliot/.local/share/nvim/lazy/ui/nvchad_types/all_hl_groups.lua
[16:55:10.128][info] [#0:script/workspace/loading.lua:101]: Preload file at: file:///home/elliot/.local/share/nvim/lazy/ui/nvchad_types/plugins.lua , size = 5.781 KB
[16:55:10.131][info] [#0:script/workspace/loading.lua:113]: ++++As library of:	file:///home/elliot/.local/share/nvim/lazy/ui/nvchad_types
[16:55:10.131][info] [#0:script/workspace/loading.lua:101]: Preload file at: file:///home/elliot/.local/share/nvim/mason/packages/lua-language-server/libexec/meta/Lua%205.4%20en-us%20utf8/io.lua , size = 6.364 KB
[16:55:10.136][info] [#0:script/workspace/loading.lua:113]: ++++As library of:	file:///home/elliot/.local/share/nvim/mason/packages/lua-language-server/libexec/meta/Lua%205.4%20en-us%20utf8/io.lua
[16:55:10.136][info] [#0:script/workspace/loading.lua:98]: Skip loaded file: file:///home/elliot/.local/share/nvim/lazy/ui/nvchad_types/plugins.lua
[16:55:10.136][info] [#0:script/workspace/loading.lua:89]: Skip loaded file: file:///home/elliot/.local/share/nvim/mason/packages/lua-language-server/libexec/meta/Lua%205.4%20en-us%20utf8/io.lua
[16:55:10.136][info] [#0:script/workspace/loading.lua:113]: ++++As library of:	file:///home/elliot/.local/share/nvim/mason/packages/lua-language-server/libexec/meta/Lua%205.4%20en-us%20utf8/io.lua
[16:55:10.136][info] [#0:script/workspace/loading.lua:101]: Preload file at: file:///home/elliot/.local/share/nvim/mason/packages/lua-language-server/libexec/meta/Lua%205.4%20en-us%20utf8/debug.lua , size = 7.637 KB
[16:55:10.142][info] [#0:script/workspace/loading.lua:113]: ++++As library of:	file:///home/elliot/.local/share/nvim/mason/packages/lua-language-server/libexec/meta/Lua%205.4%20en-us%20utf8/debug.lua
[16:55:10.142][info] [#0:script/workspace/loading.lua:98]: Skip loaded file: file:///home/elliot/.local/share/nvim/mason/packages/lua-language-server/libexec/meta/Lua%205.4%20en-us%20utf8/debug.lua
[16:55:10.142][info] [#0:script/workspace/loading.lua:101]: Preload file at: file:///home/elliot/.local/share/nvim/mason/packages/lua-language-server/libexec/meta/Lua%205.4%20en-us%20utf8/math.lua , size = 8.509 KB
[16:55:10.148][info] [#0:script/workspace/loading.lua:113]: ++++As library of:	file:///home/elliot/.local/share/nvim/mason/packages/lua-language-server/libexec/meta/Lua%205.4%20en-us%20utf8/math.lua
[16:55:10.148][info] [#0:script/workspace/loading.lua:101]: Preload file at: file:///home/elliot/.local/share/nvim/mason/packages/lua-language-server/libexec/meta/Lua%205.4%20en-us%20utf8/package.lua , size = 2.944 KB
[16:55:10.150][info] [#0:script/workspace/loading.lua:113]: ++++As library of:	file:///home/elliot/.local/share/nvim/mason/packages/lua-language-server/libexec/meta/Lua%205.4%20en-us%20utf8/package.lua
[16:55:10.150][info] [#0:script/workspace/loading.lua:98]: Skip loaded file: file:///home/elliot/.local/share/nvim/mason/packages/lua-language-server/libexec/meta/Lua%205.4%20en-us%20utf8/package.lua
[16:55:10.150][info] [#0:script/workspace/loading.lua:98]: Skip loaded file: file:///home/elliot/.local/share/nvim/mason/packages/lua-language-server/libexec/meta/Lua%205.4%20en-us%20utf8/math.lua
[16:55:10.150][info] [#0:script/workspace/loading.lua:101]: Preload file at: file:///home/elliot/.local/share/nvim/mason/packages/lua-language-server/libexec/meta/Lua%205.4%20en-us%20utf8/string.lua , size = 6.341 KB
[16:55:10.154][info] [#0:script/workspace/loading.lua:113]: ++++As library of:	file:///home/elliot/.local/share/nvim/mason/packages/lua-language-server/libexec/meta/Lua%205.4%20en-us%20utf8/string.lua
[16:55:10.154][info] [#0:script/workspace/loading.lua:89]: Skip loaded file: file:///home/elliot/.local/share/nvim/mason/packages/lua-language-server/libexec/meta/Lua%205.4%20en-us%20utf8/string.lua
[16:55:10.154][info] [#0:script/workspace/loading.lua:113]: ++++As library of:	file:///home/elliot/.local/share/nvim/mason/packages/lua-language-server/libexec/meta/Lua%205.4%20en-us%20utf8/string.lua
[16:55:10.155][info] [#0:script/workspace/loading.lua:101]: Preload file at: file:///home/elliot/.local/share/nvim/mason/packages/lua-language-server/libexec/meta/Lua%205.4%20en-us%20utf8/coroutine.lua , size = 2.590 KB
[16:55:10.156][info] [#0:script/workspace/loading.lua:113]: ++++As library of:	file:///home/elliot/.local/share/nvim/mason/packages/lua-language-server/libexec/meta/Lua%205.4%20en-us%20utf8/coroutine.lua
[16:55:10.157][info] [#0:script/workspace/loading.lua:98]: Skip loaded file: file:///home/elliot/.local/share/nvim/mason/packages/lua-language-server/libexec/meta/Lua%205.4%20en-us%20utf8/coroutine.lua
[16:55:10.157][info] [#0:script/workspace/loading.lua:101]: Preload file at: file:///home/elliot/.config/nvim/init.lua , size = 0.843 KB
[16:55:10.157][info] [#0:script/workspace/loading.lua:101]: Preload file at: file:///home/elliot/.config/nvim/lua/configs/lspconfig.lua , size = 0.566 KB
[16:55:10.158][info] [#0:script/workspace/loading.lua:101]: Preload file at: file:///home/elliot/.config/nvim/lua/configs/lazy.lua , size = 0.822 KB
[16:55:10.159][info] [#0:script/workspace/loading.lua:101]: Preload file at: file:///home/elliot/.config/nvim/lua/configs/conform.lua , size = 0.304 KB
[16:55:10.159][info] [#0:script/workspace/loading.lua:101]: Preload file at: file:///home/elliot/.config/nvim/lua/plugins/init.lua , size = 0.790 KB
[16:55:10.160][info] [#0:script/workspace/loading.lua:101]: Preload file at: file:///home/elliot/.config/nvim/lua/mappings.lua , size = 7.785 KB
[16:55:10.165][info] [#0:script/workspace/loading.lua:101]: Preload file at: file:///home/elliot/.config/nvim/lua/plugins/alpha.lua , size = 0.192 KB
[16:55:10.165][info] [#0:script/workspace/loading.lua:89]: Skip loaded file: file:///home/elliot/.config/nvim/lua/chadrc.lua
[16:55:10.273][info] [#0:script/workspace/loading.lua:173]: Loaded files takes [0.963] sec: <fallback>
[16:55:10.273][info] [#0:script/workspace/loading.lua:182]: Compile files takes [0.000] sec: <fallback>
[16:55:10.273][info] [#0:script/workspace/loading.lua:183]: Loaded finish:	<fallback>
[16:55:10.273][info] [#0:script/workspace/workspace.lua:381]: Preload finish at:	<fallback>
[16:55:10.288][info] [#0:script/workspace/loading.lua:101]: Preload file at: file:///home/elliot/.config/nvim/lua/options.lua , size = 0.114 KB
[16:55:10.389][info] [#0:script/workspace/loading.lua:173]: Loaded files takes [0.979] sec: file:///home/elliot/.config/nvim
[16:55:10.389][info] [#0:script/workspace/loading.lua:182]: Compile files takes [0.000] sec: file:///home/elliot/.config/nvim
[16:55:10.389][info] [#0:script/workspace/loading.lua:183]: Loaded finish:	file:///home/elliot/.config/nvim
[16:55:10.389][info] [#0:script/workspace/workspace.lua:381]: Preload finish at:	file:///home/elliot/.config/nvim
[16:55:10.407][warn] [#0:script/proto/proto.lua:190]: Method [textDocument/didOpen] takes [1.049]sec. {
  jsonrpc = "2.0",
  method = "textDocument/didOpen",
  params = {
    textDocument = {
      languageId = "lua",
      text = '"***"',
      uri = "file:///home/elliot/.config/nvim/lua/chadrc.lua",
      version = 0
    }
  }
}
[16:55:10.408][info] [#0:script/provider/diagnostic.lua:557]: Diagnostics scope [file:///home/elliot/.config/nvim], files count:[118]
[16:55:10.532][info] [#0:script/provider/diagnostic.lua:574]: Diagnostics scope [file:///home/elliot/.config/nvim] finished, takes [0.124] sec.
[16:55:14.678][info] [#0:script/workspace/workspace.lua:284]: Scan files at:	file:///home/elliot/.config/nvim/lua/chadrc.lua
[16:55:14.678][info] [#0:script/workspace/loading.lua:161]: Load files from disk:	file:///home/elliot/.config/nvim/lua/chadrc.lua
[16:55:14.678][info] [#0:script/workspace/loading.lua:89]: Skip loaded file: file:///home/elliot/.config/nvim/lua/chadrc.lua
[16:55:14.678][info] [#0:script/workspace/loading.lua:173]: Loaded files takes [0.000] sec: file:///home/elliot/.config/nvim/lua/chadrc.lua
[16:55:14.678][info] [#0:script/workspace/loading.lua:182]: Compile files takes [0.000] sec: file:///home/elliot/.config/nvim/lua/chadrc.lua
[16:55:14.678][info] [#0:script/workspace/loading.lua:183]: Loaded finish:	file:///home/elliot/.config/nvim/lua/chadrc.lua
[16:55:14.779][info] [#0:script/provider/provider.lua:169]: Server shutdown.
[16:55:14.779][warn] [#0:script/pub/report.lua:25]: Load proto error:	Disconnected!
