[21:53:09.817][info] [#0:/home/elliot/.local/share/nvim/mason/packages/lua-language-server/libexec/main.lua:66]: Lua Lsp startup, root: 	/home/elliot/.local/share/nvim/mason/packages/lua-language-server/libexec
[21:53:09.818][info] [#0:/home/elliot/.local/share/nvim/mason/packages/lua-language-server/libexec/main.lua:67]: ROOT:	/home/elliot/.local/share/nvim/mason/packages/lua-language-server/libexec
[21:53:09.818][info] [#0:/home/elliot/.local/share/nvim/mason/packages/lua-language-server/libexec/main.lua:68]: LOGPATH:	/home/elliot/.local/share/nvim/mason/packages/lua-language-server/libexec/log
[21:53:09.818][info] [#0:/home/elliot/.local/share/nvim/mason/packages/lua-language-server/libexec/main.lua:69]: METAPATH:	/home/elliot/.local/share/nvim/mason/packages/lua-language-server/libexec/meta
[21:53:09.818][info] [#0:/home/elliot/.local/share/nvim/mason/packages/lua-language-server/libexec/main.lua:70]: VERSION:	3.7.4
[21:53:09.864][info] [#0:script/service/service.lua:144]: 
========= Medical Examination Report =========
    --------------- Memory ---------------
        Total: 1.336 MB
        # 00 : 1.336 MB
        # 01 : 0.000 MB
        # 02 : 0.000 MB
        # 03 : 0.000 MB
        # 04 : 0.000 MB
    --------------- Coroutine ---------------
        Total:     0
        Running:   0
        Suspended: 0
        Normal:    0
        Dead:      0
    --------------- Cache ---------------
        Total: 1
        Dead:  0
    ---------------  RPC  ---------------
        Holdon:   0
        Waiting:  0
==============================================
[21:53:09.867][info] [#0:script/client.lua:657]: Client init	{
  capabilities = {
    textDocument = {
      callHierarchy = {
        dynamicRegistration = false
      },
      codeAction = {
        codeActionLiteralSupport = {
          codeActionKind = {
            valueSet = { "", "quickfix", "refactor", "refactor.extract", "refactor.inline", "refactor.rewrite", "source", "source.organizeImports" }
          }
        },
        dataSupport = true,
        dynamicRegistration = false,
        isPreferredSupport = true,
        resolveSupport = {
          properties = { "edit" }
        }
      },
      completion = {
        completionItem = {
          commitCharactersSupport = true,
          deprecatedSupport = true,
          documentationFormat = { "markdown", "plaintext" },
          insertReplaceSupport = true,
          insertTextModeSupport = {
            valueSet = { 1, 2 }
          },
          labelDetailsSupport = true,
          preselectSupport = true,
          resolveSupport = {
            properties = { "documentation", "detail", "additionalTextEdits", "sortText", "filterText", "insertText", "textEdit", "insertTextFormat", "insertTextMode" }
          },
          snippetSupport = true,
          tagSupport = {
            valueSet = { 1 }
          }
        },
        completionItemKind = {
          valueSet = { 1, 2, 3, 4, 5, 6, 7, 8, 9, 10, 11, 12, 13, 14, 15, 16, 17, 18, 19, 20, 21, 22, 23, 24, 25 }
        },
        completionList = {
          itemDefaults = { "commitCharacters", "editRange", "insertTextFormat", "insertTextMode", "data" }
        },
        contextSupport = true,
        dynamicRegistration = false,
        insertTextMode = 1
      },
      declaration = {
        linkSupport = true
      },
      definition = {
        linkSupport = true
      },
      documentHighlight = {
        dynamicRegistration = false
      },
      documentSymbol = {
        dynamicRegistration = false,
        hierarchicalDocumentSymbolSupport = true,
        symbolKind = {
          valueSet = { 1, 2, 3, 4, 5, 6, 7, 8, 9, 10, 11, 12, 13, 14, 15, 16, 17, 18, 19, 20, 21, 22, 23, 24, 25, 26 }
        }
      },
      hover = {
        contentFormat = { "markdown", "plaintext" },
        dynamicRegistration = false
      },
      implementation = {
        linkSupport = true
      },
      publishDiagnostics = {
        relatedInformation = true,
        tagSupport = {
          valueSet = { 1, 2 }
        }
      },
      references = {
        dynamicRegistration = false
      },
      rename = {
        dynamicRegistration = false,
        prepareSupport = true
      },
      semanticTokens = {
        augmentsSyntaxTokens = true,
        dynamicRegistration = false,
        formats = { "relative" },
        multilineTokenSupport = false,
        overlappingTokenSupport = true,
        requests = {
          full = {
            delta = true
          },
          range = false
        },
        serverCancelSupport = false,
        tokenModifiers = { "declaration", "definition", "readonly", "static", "deprecated", "abstract", "async", "modification", "documentation", "defaultLibrary" },
        tokenTypes = { "namespace", "type", "class", "enum", "interface", "struct", "typeParameter", "parameter", "variable", "property", "enumMember", "event", "function", "method", "macro", "keyword", "modifier", "comment", "string", "number", "regexp", "operator", "decorator" }
      },
      signatureHelp = {
        dynamicRegistration = false,
        signatureInformation = {
          activeParameterSupport = true,
          documentationFormat = { "markdown", "plaintext" },
          parameterInformation = {
            labelOffsetSupport = true
          }
        }
      },
      synchronization = {
        didSave = true,
        dynamicRegistration = false,
        willSave = true,
        willSaveWaitUntil = true
      },
      typeDefinition = {
        linkSupport = true
      }
    },
    window = {
      showDocument = {
        support = true
      },
      showMessage = {
        messageActionItem = {
          additionalPropertiesSupport = false
        }
      },
      workDoneProgress = true
    },
    workspace = {
      applyEdit = true,
      configuration = true,
      didChangeWatchedFiles = {
        dynamicRegistration = false,
        relativePatternSupport = true
      },
      semanticTokens = {
        refreshSupport = true
      },
      symbol = {
        dynamicRegistration = false,
        hierarchicalWorkspaceSymbolSupport = true,
        symbolKind = {
          valueSet = { 1, 2, 3, 4, 5, 6, 7, 8, 9, 10, 11, 12, 13, 14, 15, 16, 17, 18, 19, 20, 21, 22, 23, 24, 25, 26 }
        }
      },
      workspaceEdit = {
        resourceOperations = { "rename", "create", "delete" }
      },
      workspaceFolders = true
    }
  },
  clientInfo = {
    name = "Neovim",
    version = "0.9.5"
  },
  initializationOptions = {},
  processId = 73706,
  rootPath = "/home/elliot/.config/nvim/lua",
  rootUri = "file:///home/elliot/.config/nvim/lua",
  trace = "off",
  workspaceFolders = { {
      name = "/home/elliot/.config/nvim/lua",
      uri = "file:///home/elliot/.config/nvim/lua"
    } }
}
[21:53:09.867][info] [#0:script/language.lua:137]: VSC language: nil
[21:53:09.867][info] [#0:script/language.lua:138]: LS  language: en-us
[21:53:09.867][info] [#0:script/workspace/workspace.lua:38]: Workspace init root: 	file:///home/elliot/.config/nvim/lua
[21:53:09.868][info] [#0:script/workspace/workspace.lua:42]: Log path: 	/home/elliot/.local/share/nvim/mason/packages/lua-language-server/libexec/log/file_home_elliot_.config_nvim_lua.log
[21:53:09.868][info] [#0:script/workspace/workspace.lua:48]: Workspace create: 	file:///home/elliot/.config/nvim/lua
[21:53:09.970][warn] [#0:script/config/loader.lua:116]: No config?	{}
[21:53:09.970][info] [#0:script/provider/provider.lua:53]: Load config from .luarc.json/.luarc.jsonc	file:///home/elliot/.config/nvim/lua
[21:53:09.970][info] [#0:script/provider/provider.lua:54]: {
  ["diagnostics.globals"] = { "vim" }
}
[21:53:10.070][warn] [#0:script/config/loader.lua:116]: No config?	{}
[21:53:10.070][info] [#0:script/provider/provider.lua:61]: Load config from client	fallback
[21:53:10.070][info] [#0:script/provider/provider.lua:62]: nil
[21:53:10.171][info] [#0:script/library.lua:212]: Init builtin library at:	file:///home/elliot/.config/nvim/lua
[21:53:10.203][info] [#0:script/plugin.lua:86]: plugin path:	/home/elliot/.config/nvim/lua
[21:53:10.203][warn] [#0:script/plugin.lua:101]: plugin not found:	/home/elliot/.config/nvim/lua
[21:53:10.203][info] [#0:script/library.lua:212]: Init builtin library at:	nil
[21:53:10.317][info] [#0:script/workspace/workspace.lua:324]: Preload start:	file:///home/elliot/.config/nvim/lua
[21:53:10.320][info] [#0:script/workspace/workspace.lua:330]: Scan files at:	file:///home/elliot/.config/nvim/lua
[21:53:10.321][info] [#0:script/workspace/workspace.lua:324]: Preload start:	<fallback>
[21:53:10.324][info] [#0:script/workspace/workspace.lua:353]: Scan library at:	file:///home/elliot/.local/share/nvim/mason/packages/lua-language-server/libexec/meta/Lua%205.4%20en-us%20utf8/coroutine.lua
[21:53:10.324][info] [#0:script/workspace/workspace.lua:353]: Scan library at:	file:///home/elliot/.local/share/nvim/mason/packages/lua-language-server/libexec/meta/Lua%205.4%20en-us%20utf8/string.lua
[21:53:10.324][info] [#0:script/workspace/workspace.lua:353]: Scan library at:	file:///home/elliot/.local/share/nvim/mason/packages/lua-language-server/libexec/meta/Lua%205.4%20en-us%20utf8/package.lua
[21:53:10.325][info] [#0:script/workspace/workspace.lua:353]: Scan library at:	file:///home/elliot/.local/share/nvim/mason/packages/lua-language-server/libexec/meta/Lua%205.4%20en-us%20utf8/debug.lua
[21:53:10.325][info] [#0:script/workspace/workspace.lua:353]: Scan library at:	file:///home/elliot/.local/share/nvim/mason/packages/lua-language-server/libexec/meta/Lua%205.4%20en-us%20utf8/io.lua
[21:53:10.325][info] [#0:script/workspace/workspace.lua:353]: Scan library at:	file:///home/elliot/.local/share/nvim/mason/packages/lua-language-server/libexec/meta/Lua%205.4%20en-us%20utf8/math.lua
[21:53:10.325][info] [#0:script/workspace/workspace.lua:353]: Scan library at:	file:///home/elliot/.local/share/nvim/mason/packages/lua-language-server/libexec/meta/Lua%205.4%20en-us%20utf8/builtin.lua
[21:53:10.325][info] [#0:script/workspace/workspace.lua:353]: Scan library at:	file:///home/elliot/.local/share/nvim/mason/packages/lua-language-server/libexec/meta/Lua%205.4%20en-us%20utf8/table.lua
[21:53:10.325][info] [#0:script/workspace/workspace.lua:353]: Scan library at:	file:///home/elliot/.local/share/nvim/mason/packages/lua-language-server/libexec/meta/Lua%205.4%20en-us%20utf8/basic.lua
[21:53:10.326][info] [#0:script/workspace/workspace.lua:353]: Scan library at:	file:///home/elliot/.local/share/nvim/mason/packages/lua-language-server/libexec/meta/Lua%205.4%20en-us%20utf8/utf8.lua
[21:53:10.326][info] [#0:script/workspace/workspace.lua:353]: Scan library at:	file:///home/elliot/.local/share/nvim/mason/packages/lua-language-server/libexec/meta/Lua%205.4%20en-us%20utf8/os.lua
[21:53:10.327][info] [#0:script/workspace/workspace.lua:353]: Scan library at:	file:///home/elliot/.local/share/nvim/mason/packages/lua-language-server/libexec/meta/Lua%205.4%20en-us%20utf8/coroutine.lua
[21:53:10.327][info] [#0:script/workspace/workspace.lua:353]: Scan library at:	file:///home/elliot/.local/share/nvim/mason/packages/lua-language-server/libexec/meta/Lua%205.4%20en-us%20utf8/string.lua
[21:53:10.327][info] [#0:script/workspace/workspace.lua:353]: Scan library at:	file:///home/elliot/.local/share/nvim/mason/packages/lua-language-server/libexec/meta/Lua%205.4%20en-us%20utf8/package.lua
[21:53:10.327][info] [#0:script/workspace/workspace.lua:353]: Scan library at:	file:///home/elliot/.local/share/nvim/mason/packages/lua-language-server/libexec/meta/Lua%205.4%20en-us%20utf8/debug.lua
[21:53:10.327][info] [#0:script/workspace/workspace.lua:353]: Scan library at:	file:///home/elliot/.local/share/nvim/mason/packages/lua-language-server/libexec/meta/Lua%205.4%20en-us%20utf8/io.lua
[21:53:10.327][info] [#0:script/workspace/workspace.lua:353]: Scan library at:	file:///home/elliot/.local/share/nvim/mason/packages/lua-language-server/libexec/meta/Lua%205.4%20en-us%20utf8/math.lua
[21:53:10.327][info] [#0:script/workspace/workspace.lua:353]: Scan library at:	file:///home/elliot/.local/share/nvim/mason/packages/lua-language-server/libexec/meta/Lua%205.4%20en-us%20utf8/builtin.lua
[21:53:10.328][info] [#0:script/workspace/workspace.lua:353]: Scan library at:	file:///home/elliot/.local/share/nvim/mason/packages/lua-language-server/libexec/meta/Lua%205.4%20en-us%20utf8/table.lua
[21:53:10.328][info] [#0:script/workspace/workspace.lua:353]: Scan library at:	file:///home/elliot/.local/share/nvim/mason/packages/lua-language-server/libexec/meta/Lua%205.4%20en-us%20utf8/basic.lua
[21:53:10.328][info] [#0:script/workspace/workspace.lua:353]: Scan library at:	file:///home/elliot/.local/share/nvim/mason/packages/lua-language-server/libexec/meta/Lua%205.4%20en-us%20utf8/utf8.lua
[21:53:10.328][info] [#0:script/workspace/workspace.lua:353]: Scan library at:	file:///home/elliot/.local/share/nvim/mason/packages/lua-language-server/libexec/meta/Lua%205.4%20en-us%20utf8/os.lua
[21:53:10.429][info] [#0:script/workspace/workspace.lua:379]: Found 11 files at:	<fallback>
[21:53:10.429][info] [#0:script/workspace/loading.lua:161]: Load files from disk:	<fallback>
[21:53:10.429][info] [#0:script/workspace/workspace.lua:379]: Found 34 files at:	file:///home/elliot/.config/nvim/lua
[21:53:10.429][info] [#0:script/workspace/loading.lua:161]: Load files from disk:	file:///home/elliot/.config/nvim/lua
[21:53:10.430][info] [#0:script/workspace/loading.lua:89]: Skip loaded file: file:///home/elliot/.config/nvim/lua/plugins/catppuccin.lua
[21:53:10.531][info] [#0:script/workspace/loading.lua:101]: Preload file at: file:///home/elliot/.local/share/nvim/mason/packages/lua-language-server/libexec/meta/Lua%205.4%20en-us%20utf8/os.lua , size = 5.600 KB
[21:53:10.543][info] [#0:script/workspace/loading.lua:113]: ++++As library of:	file:///home/elliot/.local/share/nvim/mason/packages/lua-language-server/libexec/meta/Lua%205.4%20en-us%20utf8/os.lua
[21:53:10.543][info] [#0:script/workspace/loading.lua:98]: Skip loaded file: file:///home/elliot/.local/share/nvim/mason/packages/lua-language-server/libexec/meta/Lua%205.4%20en-us%20utf8/os.lua
[21:53:10.543][info] [#0:script/workspace/loading.lua:101]: Preload file at: file:///home/elliot/.local/share/nvim/mason/packages/lua-language-server/libexec/meta/Lua%205.4%20en-us%20utf8/utf8.lua , size = 2.386 KB
[21:53:10.551][info] [#0:script/workspace/loading.lua:113]: ++++As library of:	file:///home/elliot/.local/share/nvim/mason/packages/lua-language-server/libexec/meta/Lua%205.4%20en-us%20utf8/utf8.lua
[21:53:10.551][info] [#0:script/workspace/loading.lua:98]: Skip loaded file: file:///home/elliot/.local/share/nvim/mason/packages/lua-language-server/libexec/meta/Lua%205.4%20en-us%20utf8/utf8.lua
[21:53:10.551][info] [#0:script/workspace/loading.lua:101]: Preload file at: file:///home/elliot/.local/share/nvim/mason/packages/lua-language-server/libexec/meta/Lua%205.4%20en-us%20utf8/basic.lua , size = 15.377 KB
[21:53:10.577][info] [#0:script/workspace/loading.lua:113]: ++++As library of:	file:///home/elliot/.local/share/nvim/mason/packages/lua-language-server/libexec/meta/Lua%205.4%20en-us%20utf8/basic.lua
[21:53:10.577][info] [#0:script/workspace/loading.lua:101]: Preload file at: file:///home/elliot/.local/share/nvim/mason/packages/lua-language-server/libexec/meta/Lua%205.4%20en-us%20utf8/table.lua , size = 4.230 KB
[21:53:10.589][info] [#0:script/workspace/loading.lua:113]: ++++As library of:	file:///home/elliot/.local/share/nvim/mason/packages/lua-language-server/libexec/meta/Lua%205.4%20en-us%20utf8/table.lua
[21:53:10.589][info] [#0:script/workspace/loading.lua:98]: Skip loaded file: file:///home/elliot/.local/share/nvim/mason/packages/lua-language-server/libexec/meta/Lua%205.4%20en-us%20utf8/basic.lua
[21:53:10.589][info] [#0:script/workspace/loading.lua:101]: Preload file at: file:///home/elliot/.local/share/nvim/mason/packages/lua-language-server/libexec/meta/Lua%205.4%20en-us%20utf8/builtin.lua , size = 0.302 KB
[21:53:10.591][info] [#0:script/workspace/loading.lua:113]: ++++As library of:	file:///home/elliot/.local/share/nvim/mason/packages/lua-language-server/libexec/meta/Lua%205.4%20en-us%20utf8/builtin.lua
[21:53:10.591][info] [#0:script/workspace/loading.lua:98]: Skip loaded file: file:///home/elliot/.local/share/nvim/mason/packages/lua-language-server/libexec/meta/Lua%205.4%20en-us%20utf8/table.lua
[21:53:10.591][info] [#0:script/workspace/loading.lua:98]: Skip loaded file: file:///home/elliot/.local/share/nvim/mason/packages/lua-language-server/libexec/meta/Lua%205.4%20en-us%20utf8/builtin.lua
[21:53:10.592][info] [#0:script/workspace/loading.lua:101]: Preload file at: file:///home/elliot/.local/share/nvim/mason/packages/lua-language-server/libexec/meta/Lua%205.4%20en-us%20utf8/math.lua , size = 8.509 KB
[21:53:10.610][info] [#0:script/workspace/loading.lua:113]: ++++As library of:	file:///home/elliot/.local/share/nvim/mason/packages/lua-language-server/libexec/meta/Lua%205.4%20en-us%20utf8/math.lua
[21:53:10.610][info] [#0:script/workspace/loading.lua:101]: Preload file at: file:///home/elliot/.local/share/nvim/mason/packages/lua-language-server/libexec/meta/Lua%205.4%20en-us%20utf8/io.lua , size = 6.364 KB
[21:53:10.617][info] [#0:script/workspace/loading.lua:113]: ++++As library of:	file:///home/elliot/.local/share/nvim/mason/packages/lua-language-server/libexec/meta/Lua%205.4%20en-us%20utf8/io.lua
[21:53:10.617][info] [#0:script/workspace/loading.lua:98]: Skip loaded file: file:///home/elliot/.local/share/nvim/mason/packages/lua-language-server/libexec/meta/Lua%205.4%20en-us%20utf8/math.lua
[21:53:10.617][info] [#0:script/workspace/loading.lua:101]: Preload file at: file:///home/elliot/.local/share/nvim/mason/packages/lua-language-server/libexec/meta/Lua%205.4%20en-us%20utf8/debug.lua , size = 7.637 KB
[21:53:10.625][info] [#0:script/workspace/loading.lua:113]: ++++As library of:	file:///home/elliot/.local/share/nvim/mason/packages/lua-language-server/libexec/meta/Lua%205.4%20en-us%20utf8/debug.lua
[21:53:10.625][info] [#0:script/workspace/loading.lua:98]: Skip loaded file: file:///home/elliot/.local/share/nvim/mason/packages/lua-language-server/libexec/meta/Lua%205.4%20en-us%20utf8/debug.lua
[21:53:10.625][info] [#0:script/workspace/loading.lua:98]: Skip loaded file: file:///home/elliot/.local/share/nvim/mason/packages/lua-language-server/libexec/meta/Lua%205.4%20en-us%20utf8/io.lua
[21:53:10.625][info] [#0:script/workspace/loading.lua:101]: Preload file at: file:///home/elliot/.local/share/nvim/mason/packages/lua-language-server/libexec/meta/Lua%205.4%20en-us%20utf8/package.lua , size = 2.944 KB
[21:53:10.627][info] [#0:script/workspace/loading.lua:113]: ++++As library of:	file:///home/elliot/.local/share/nvim/mason/packages/lua-language-server/libexec/meta/Lua%205.4%20en-us%20utf8/package.lua
[21:53:10.627][info] [#0:script/workspace/loading.lua:98]: Skip loaded file: file:///home/elliot/.local/share/nvim/mason/packages/lua-language-server/libexec/meta/Lua%205.4%20en-us%20utf8/package.lua
[21:53:10.627][info] [#0:script/workspace/loading.lua:101]: Preload file at: file:///home/elliot/.local/share/nvim/mason/packages/lua-language-server/libexec/meta/Lua%205.4%20en-us%20utf8/string.lua , size = 6.341 KB
[21:53:10.631][info] [#0:script/workspace/loading.lua:113]: ++++As library of:	file:///home/elliot/.local/share/nvim/mason/packages/lua-language-server/libexec/meta/Lua%205.4%20en-us%20utf8/string.lua
[21:53:10.631][info] [#0:script/workspace/loading.lua:98]: Skip loaded file: file:///home/elliot/.local/share/nvim/mason/packages/lua-language-server/libexec/meta/Lua%205.4%20en-us%20utf8/string.lua
[21:53:10.631][info] [#0:script/workspace/loading.lua:101]: Preload file at: file:///home/elliot/.local/share/nvim/mason/packages/lua-language-server/libexec/meta/Lua%205.4%20en-us%20utf8/coroutine.lua , size = 2.590 KB
[21:53:10.632][info] [#0:script/workspace/loading.lua:113]: ++++As library of:	file:///home/elliot/.local/share/nvim/mason/packages/lua-language-server/libexec/meta/Lua%205.4%20en-us%20utf8/coroutine.lua
[21:53:10.632][info] [#0:script/workspace/loading.lua:98]: Skip loaded file: file:///home/elliot/.local/share/nvim/mason/packages/lua-language-server/libexec/meta/Lua%205.4%20en-us%20utf8/coroutine.lua
[21:53:10.632][info] [#0:script/workspace/loading.lua:101]: Preload file at: file:///home/elliot/.config/nvim/lua/configs/conform.lua , size = 0.304 KB
[21:53:10.633][info] [#0:script/workspace/loading.lua:101]: Preload file at: file:///home/elliot/.config/nvim/lua/configs/lspconfig.lua , size = 0.566 KB
[21:53:10.633][info] [#0:script/workspace/loading.lua:101]: Preload file at: file:///home/elliot/.config/nvim/lua/configs/lazy.lua , size = 0.822 KB
[21:53:10.634][info] [#0:script/workspace/loading.lua:101]: Preload file at: file:///home/elliot/.config/nvim/lua/vim-options.lua , size = 0.460 KB
[21:53:10.634][info] [#0:script/workspace/loading.lua:101]: Preload file at: file:///home/elliot/.config/nvim/lua/options.lua , size = 0.114 KB
[21:53:10.635][info] [#0:script/workspace/loading.lua:101]: Preload file at: file:///home/elliot/.config/nvim/lua/plugins.lua , size = 0.010 KB
[21:53:10.635][info] [#0:script/workspace/loading.lua:101]: Preload file at: file:///home/elliot/.config/nvim/lua/plugins/nvim-tmux-navigation.lua , size = 0.393 KB
[21:53:10.635][info] [#0:script/workspace/loading.lua:101]: Preload file at: file:///home/elliot/.config/nvim/lua/plugins/git-stuff.lua , size = 0.305 KB
[21:53:10.636][info] [#0:script/workspace/loading.lua:101]: Preload file at: file:///home/elliot/.config/nvim/lua/plugins/swagger-preview.lua , size = 0.110 KB
[21:53:10.636][info] [#0:script/workspace/loading.lua:101]: Preload file at: file:///home/elliot/.config/nvim/lua/plugins/oil.lua , size = 0.157 KB
[21:53:10.636][info] [#0:script/workspace/loading.lua:101]: Preload file at: file:///home/elliot/.config/nvim/lua/plugins/alpha.lua , size = 2.162 KB
[21:53:10.637][info] [#0:script/workspace/loading.lua:101]: Preload file at: file:///home/elliot/.config/nvim/lua/plugins/completions.lua , size = 1.104 KB
[21:53:10.638][info] [#0:script/workspace/loading.lua:101]: Preload file at: file:///home/elliot/.config/nvim/lua/plugins/telescope.lua , size = 0.671 KB
[21:53:10.638][info] [#0:script/workspace/loading.lua:101]: Preload file at: file:///home/elliot/.config/nvim/lua/plugins/treesitter.lua , size = 0.298 KB
[21:53:10.639][info] [#0:script/workspace/loading.lua:101]: Preload file at: file:///home/elliot/.config/nvim/lua/plugins/neo-tree.lua , size = 0.339 KB
[21:53:10.639][info] [#0:script/workspace/loading.lua:101]: Preload file at: file:///home/elliot/.config/nvim/lua/plugins/lsp-config.lua , size = 1.001 KB
[21:53:10.640][info] [#0:script/workspace/loading.lua:101]: Preload file at: file:///home/elliot/.config/nvim/lua/plugins/vim-test.lua , size = 0.437 KB
[21:53:10.640][info] [#0:script/workspace/loading.lua:101]: Preload file at: file:///home/elliot/.config/nvim/lua/plugins/init.lua , size = 0.790 KB
[21:53:10.641][info] [#0:script/workspace/loading.lua:101]: Preload file at: file:///home/elliot/.config/nvim/lua/plugins/none-ls.lua , size = 0.441 KB
[21:53:10.641][info] [#0:script/workspace/loading.lua:101]: Preload file at: file:///home/elliot/.config/nvim/lua/plugins/gitsigns.lua , size = 0.148 KB
[21:53:10.642][info] [#0:script/workspace/loading.lua:101]: Preload file at: file:///home/elliot/.config/nvim/lua/mappings.lua , size = 0.201 KB
[21:53:10.642][info] [#0:script/workspace/loading.lua:101]: Preload file at: file:///home/elliot/.config/nvim/lua/chadrc.lua , size = 0.299 KB
[21:53:10.742][info] [#0:script/workspace/loading.lua:173]: Loaded files takes [0.120] sec: <fallback>
[21:53:10.742][info] [#0:script/workspace/loading.lua:182]: Compile files takes [0.000] sec: <fallback>
[21:53:10.743][info] [#0:script/workspace/loading.lua:183]: Loaded finish:	<fallback>
[21:53:10.743][info] [#0:script/workspace/workspace.lua:381]: Preload finish at:	<fallback>
[21:53:10.747][info] [#0:script/workspace/loading.lua:173]: Loaded files takes [0.124] sec: file:///home/elliot/.config/nvim/lua
[21:53:10.747][info] [#0:script/workspace/loading.lua:182]: Compile files takes [0.000] sec: file:///home/elliot/.config/nvim/lua
[21:53:10.747][info] [#0:script/workspace/loading.lua:183]: Loaded finish:	file:///home/elliot/.config/nvim/lua
[21:53:10.747][info] [#0:script/workspace/workspace.lua:381]: Preload finish at:	file:///home/elliot/.config/nvim/lua
[21:53:10.752][info] [#0:script/provider/diagnostic.lua:557]: Diagnostics scope [file:///home/elliot/.config/nvim/lua], files count:[34]
[21:53:10.811][info] [#0:script/provider/diagnostic.lua:574]: Diagnostics scope [file:///home/elliot/.config/nvim/lua] finished, takes [0.059] sec.
[21:53:21.179][info] [#0:script/provider/provider.lua:169]: Server shutdown.
[21:53:21.179][warn] [#0:script/pub/report.lua:25]: Load proto error:	Disconnected!
