[22:31:44.072][info] [#0:/home/sam/.local/share/nvim/mason/packages/lua-language-server/libexec/main.lua:66]: Lua Lsp startup, root: 	/home/sam/.local/share/nvim/mason/packages/lua-language-server/libexec
[22:31:44.073][info] [#0:/home/sam/.local/share/nvim/mason/packages/lua-language-server/libexec/main.lua:67]: ROOT:	/home/sam/.local/share/nvim/mason/packages/lua-language-server/libexec
[22:31:44.073][info] [#0:/home/sam/.local/share/nvim/mason/packages/lua-language-server/libexec/main.lua:68]: LOGPATH:	/home/sam/.local/share/nvim/mason/packages/lua-language-server/libexec/log
[22:31:44.073][info] [#0:/home/sam/.local/share/nvim/mason/packages/lua-language-server/libexec/main.lua:69]: METAPATH:	/home/sam/.local/share/nvim/mason/packages/lua-language-server/libexec/meta
[22:31:44.073][info] [#0:/home/sam/.local/share/nvim/mason/packages/lua-language-server/libexec/main.lua:70]: VERSION:	3.7.4
[22:31:44.121][info] [#0:script/service/service.lua:144]: 
========= Medical Examination Report =========
    --------------- Memory ---------------
        Total: 1.345 MB
        # 00 : 1.345 MB
        # 01 : 0.000 MB
        # 02 : 0.000 MB
        # 03 : 0.000 MB
        # 04 : 0.000 MB
    --------------- Coroutine ---------------
        Total:     0
        Running:   0
        Suspended: 0
        Normal:    0
        Dead:      0
    --------------- Cache ---------------
        Total: 1
        Dead:  0
    ---------------  RPC  ---------------
        Holdon:   0
        Waiting:  0
==============================================
[22:31:44.125][info] [#0:script/client.lua:657]: Client init	{
  capabilities = {
    general = {
      positionEncodings = { "utf-16" }
    },
    textDocument = {
      callHierarchy = {
        dynamicRegistration = false
      },
      codeAction = {
        codeActionLiteralSupport = {
          codeActionKind = {
            valueSet = { "", "quickfix", "refactor", "refactor.extract", "refactor.inline", "refactor.rewrite", "source", "source.organizeImports" }
          }
        },
        dataSupport = true,
        dynamicRegistration = true,
        isPreferredSupport = true,
        resolveSupport = {
          properties = { "edit" }
        }
      },
      completion = {
        completionItem = {
          commitCharactersSupport = true,
          deprecatedSupport = true,
          documentationFormat = { "markdown", "plaintext" },
          insertReplaceSupport = true,
          labelDetailsSupport = true,
          preselectSupport = true,
          resolveSupport = {
            properties = { "documentation", "detail", "additionalTextEdits" }
          },
          snippetSupport = true,
          tagSupport = {
            valueSet = { 1 }
          }
        },
        completionItemKind = {
          valueSet = { 1, 2, 3, 4, 5, 6, 7, 8, 9, 10, 11, 12, 13, 14, 15, 16, 17, 18, 19, 20, 21, 22, 23, 24, 25 }
        },
        contextSupport = false,
        dynamicRegistration = false
      },
      declaration = {
        linkSupport = true
      },
      definition = {
        dynamicRegistration = true,
        linkSupport = true
      },
      diagnostic = {
        dynamicRegistration = false
      },
      documentHighlight = {
        dynamicRegistration = false
      },
      documentSymbol = {
        dynamicRegistration = false,
        hierarchicalDocumentSymbolSupport = true,
        symbolKind = {
          valueSet = { 1, 2, 3, 4, 5, 6, 7, 8, 9, 10, 11, 12, 13, 14, 15, 16, 17, 18, 19, 20, 21, 22, 23, 24, 25, 26 }
        }
      },
      formatting = {
        dynamicRegistration = true
      },
      hover = {
        contentFormat = { "markdown", "plaintext" },
        dynamicRegistration = true
      },
      implementation = {
        linkSupport = true
      },
      inlayHint = {
        dynamicRegistration = true,
        resolveSupport = {
          properties = { "textEdits", "tooltip", "location", "command" }
        }
      },
      publishDiagnostics = {
        dataSupport = true,
        relatedInformation = true,
        tagSupport = {
          valueSet = { 1, 2 }
        }
      },
      rangeFormatting = {
        dynamicRegistration = true
      },
      references = {
        dynamicRegistration = false
      },
      rename = {
        dynamicRegistration = true,
        prepareSupport = true
      },
      semanticTokens = {
        augmentsSyntaxTokens = true,
        dynamicRegistration = false,
        formats = { "relative" },
        multilineTokenSupport = false,
        overlappingTokenSupport = true,
        requests = {
          full = {
            delta = true
          },
          range = false
        },
        serverCancelSupport = false,
        tokenModifiers = { "declaration", "definition", "readonly", "static", "deprecated", "abstract", "async", "modification", "documentation", "defaultLibrary" },
        tokenTypes = { "namespace", "type", "class", "enum", "interface", "struct", "typeParameter", "parameter", "variable", "property", "enumMember", "event", "function", "method", "macro", "keyword", "modifier", "comment", "string", "number", "regexp", "operator", "decorator" }
      },
      signatureHelp = {
        dynamicRegistration = false,
        signatureInformation = {
          activeParameterSupport = true,
          documentationFormat = { "markdown", "plaintext" },
          parameterInformation = {
            labelOffsetSupport = true
          }
        }
      },
      synchronization = {
        didSave = true,
        dynamicRegistration = false,
        willSave = true,
        willSaveWaitUntil = true
      },
      typeDefinition = {
        linkSupport = true
      }
    },
    window = {
      showDocument = {
        support = true
      },
      showMessage = {
        messageActionItem = {
          additionalPropertiesSupport = false
        }
      },
      workDoneProgress = true
    },
    workspace = {
      applyEdit = true,
      configuration = true,
      didChangeConfiguration = {
        dynamicRegistration = false
      },
      didChangeWatchedFiles = {
        dynamicRegistration = true,
        relativePatternSupport = true
      },
      inlayHint = {
        refreshSupport = true
      },
      semanticTokens = {
        refreshSupport = true
      },
      symbol = {
        dynamicRegistration = false,
        symbolKind = {
          valueSet = { 1, 2, 3, 4, 5, 6, 7, 8, 9, 10, 11, 12, 13, 14, 15, 16, 17, 18, 19, 20, 21, 22, 23, 24, 25, 26 }
        }
      },
      workspaceEdit = {
        resourceOperations = { "rename", "create", "delete" }
      },
      workspaceFolders = true
    }
  },
  clientInfo = {
    name = "Neovim",
    version = "0.10.0-dev+g2cd76a758"
  },
  initializationOptions = {},
  processId = 55289,
  rootPath = "/home/sam/.config/nvim",
  rootUri = "file:///home/sam/.config/nvim",
  trace = "off",
  workspaceFolders = { {
      name = "/home/sam/.config/nvim",
      uri = "file:///home/sam/.config/nvim"
    } }
}
[22:31:44.125][info] [#0:script/language.lua:137]: VSC language: nil
[22:31:44.126][info] [#0:script/language.lua:138]: LS  language: en-us
[22:31:44.126][info] [#0:script/workspace/workspace.lua:38]: Workspace init root: 	file:///home/sam/.config/nvim
[22:31:44.126][info] [#0:script/workspace/workspace.lua:42]: Log path: 	/home/sam/.local/share/nvim/mason/packages/lua-language-server/libexec/log/file_home_sam_.config_nvim.log
[22:31:44.126][info] [#0:script/workspace/workspace.lua:48]: Workspace create: 	file:///home/sam/.config/nvim
[22:31:44.228][info] [#0:script/provider/provider.lua:46]: Load config from client	file:///home/sam/.config/nvim
[22:31:44.228][info] [#0:script/provider/provider.lua:47]: {
  Lua = {
    diagnostics = {
      globals = { "vim" }
    },
    workspace = {
      library = {
        ["/home/sam/.local/share/nvim/lazy/lazy.nvim/lua/lazy"] = true,
        ["/home/sam/.local/share/nvim/lazy/ui/nvchad_types"] = true,
        ["/usr/local/share/nvim/runtime/lua"] = true,
        ["/usr/local/share/nvim/runtime/lua/vim/lsp"] = true
      },
      maxPreload = 100000,
      preloadFileSize = 10000
    }
  }
}
[22:31:44.229][info] [#0:script/provider/provider.lua:46]: Load config from client	file:///home/sam/.config/nvim
[22:31:44.229][info] [#0:script/provider/provider.lua:47]: {
  Lua = {
    diagnostics = {
      globals = { "vim" }
    },
    workspace = {
      library = {
        ["/home/sam/.local/share/nvim/lazy/lazy.nvim/lua/lazy"] = true,
        ["/home/sam/.local/share/nvim/lazy/ui/nvchad_types"] = true,
        ["/usr/local/share/nvim/runtime/lua"] = true,
        ["/usr/local/share/nvim/runtime/lua/vim/lsp"] = true
      },
      maxPreload = 100000,
      preloadFileSize = 10000
    }
  }
}
[22:31:44.229][info] [#0:script/provider/provider.lua:46]: Load config from client	file:///home/sam/.config/nvim
[22:31:44.229][info] [#0:script/provider/provider.lua:47]: {
  Lua = {
    diagnostics = {
      globals = { "vim" }
    },
    workspace = {
      library = {
        ["/home/sam/.local/share/nvim/lazy/lazy.nvim/lua/lazy"] = true,
        ["/home/sam/.local/share/nvim/lazy/ui/nvchad_types"] = true,
        ["/usr/local/share/nvim/runtime/lua"] = true,
        ["/usr/local/share/nvim/runtime/lua/vim/lsp"] = true
      },
      maxPreload = 100000,
      preloadFileSize = 10000
    }
  }
}
[22:31:44.330][info] [#0:script/provider/provider.lua:61]: Load config from client	fallback
[22:31:44.330][info] [#0:script/provider/provider.lua:62]: {
  Lua = {
    diagnostics = {
      globals = { "vim" }
    },
    workspace = {
      library = {
        ["/home/sam/.local/share/nvim/lazy/lazy.nvim/lua/lazy"] = true,
        ["/home/sam/.local/share/nvim/lazy/ui/nvchad_types"] = true,
        ["/usr/local/share/nvim/runtime/lua"] = true,
        ["/usr/local/share/nvim/runtime/lua/vim/lsp"] = true
      },
      maxPreload = 100000,
      preloadFileSize = 10000
    }
  }
}
[22:31:44.330][info] [#0:script/provider/provider.lua:61]: Load config from client	fallback
[22:31:44.330][info] [#0:script/provider/provider.lua:62]: {
  Lua = {
    diagnostics = {
      globals = { "vim" }
    },
    workspace = {
      library = {
        ["/home/sam/.local/share/nvim/lazy/lazy.nvim/lua/lazy"] = true,
        ["/home/sam/.local/share/nvim/lazy/ui/nvchad_types"] = true,
        ["/usr/local/share/nvim/runtime/lua"] = true,
        ["/usr/local/share/nvim/runtime/lua/vim/lsp"] = true
      },
      maxPreload = 100000,
      preloadFileSize = 10000
    }
  }
}
[22:31:44.331][info] [#0:script/provider/provider.lua:61]: Load config from client	fallback
[22:31:44.331][info] [#0:script/provider/provider.lua:62]: {
  Lua = {
    diagnostics = {
      globals = { "vim" }
    },
    workspace = {
      library = {
        ["/home/sam/.local/share/nvim/lazy/lazy.nvim/lua/lazy"] = true,
        ["/home/sam/.local/share/nvim/lazy/ui/nvchad_types"] = true,
        ["/usr/local/share/nvim/runtime/lua"] = true,
        ["/usr/local/share/nvim/runtime/lua/vim/lsp"] = true
      },
      maxPreload = 100000,
      preloadFileSize = 10000
    }
  }
}
[22:31:44.432][info] [#0:script/library.lua:212]: Init builtin library at:	file:///home/sam/.config/nvim
[22:31:44.483][info] [#0:script/plugin.lua:86]: plugin path:	/home/sam/.config/nvim
[22:31:44.483][warn] [#0:script/plugin.lua:101]: plugin not found:	/home/sam/.config/nvim
[22:31:44.483][info] [#0:script/library.lua:212]: Init builtin library at:	nil
[22:31:44.607][info] [#0:script/workspace/workspace.lua:324]: Preload start:	file:///home/sam/.config/nvim
[22:31:44.613][info] [#0:script/workspace/workspace.lua:330]: Scan files at:	file:///home/sam/.config/nvim
[22:31:44.616][info] [#0:script/workspace/workspace.lua:324]: Preload start:	<fallback>
[22:31:44.622][info] [#0:script/workspace/workspace.lua:353]: Scan library at:	file:///home/sam/.local/share/nvim/mason/packages/lua-language-server/libexec/meta/Lua%205.4%20en-us%20utf8/table.lua
[22:31:44.622][info] [#0:script/workspace/workspace.lua:353]: Scan library at:	file:///usr/local/share/nvim/runtime/lua
[22:31:44.632][info] [#0:script/workspace/workspace.lua:353]: Scan library at:	file:///home/sam/.local/share/nvim/mason/packages/lua-language-server/libexec/meta/Lua%205.4%20en-us%20utf8/table.lua
[22:31:44.632][info] [#0:script/workspace/workspace.lua:353]: Scan library at:	file:///usr/local/share/nvim/runtime/lua
[22:31:44.649][info] [#0:script/workspace/workspace.lua:353]: Scan library at:	file:///home/sam/.local/share/nvim/mason/packages/lua-language-server/libexec/meta/Lua%205.4%20en-us%20utf8/string.lua
[22:31:44.649][info] [#0:script/workspace/workspace.lua:353]: Scan library at:	file:///home/sam/.local/share/nvim/mason/packages/lua-language-server/libexec/meta/Lua%205.4%20en-us%20utf8/math.lua
[22:31:44.650][info] [#0:script/workspace/workspace.lua:353]: Scan library at:	file:///home/sam/.local/share/nvim/lazy/lazy.nvim/lua/lazy
[22:31:44.661][info] [#0:script/workspace/workspace.lua:353]: Scan library at:	file:///home/sam/.local/share/nvim/mason/packages/lua-language-server/libexec/meta/Lua%205.4%20en-us%20utf8/string.lua
[22:31:44.662][info] [#0:script/workspace/workspace.lua:353]: Scan library at:	file:///home/sam/.local/share/nvim/mason/packages/lua-language-server/libexec/meta/Lua%205.4%20en-us%20utf8/math.lua
[22:31:44.662][info] [#0:script/workspace/workspace.lua:353]: Scan library at:	file:///home/sam/.local/share/nvim/lazy/lazy.nvim/lua/lazy
[22:31:44.666][info] [#0:script/workspace/workspace.lua:353]: Scan library at:	file:///home/sam/.local/share/nvim/mason/packages/lua-language-server/libexec/meta/Lua%205.4%20en-us%20utf8/builtin.lua
[22:31:44.666][info] [#0:script/workspace/workspace.lua:353]: Scan library at:	file:///home/sam/.local/share/nvim/mason/packages/lua-language-server/libexec/meta/Lua%205.4%20en-us%20utf8/package.lua
[22:31:44.666][info] [#0:script/workspace/workspace.lua:353]: Scan library at:	file:///home/sam/.local/share/nvim/mason/packages/lua-language-server/libexec/meta/Lua%205.4%20en-us%20utf8/utf8.lua
[22:31:44.666][info] [#0:script/workspace/workspace.lua:353]: Scan library at:	file:///home/sam/.local/share/nvim/mason/packages/lua-language-server/libexec/meta/Lua%205.4%20en-us%20utf8/basic.lua
[22:31:44.667][info] [#0:script/workspace/workspace.lua:353]: Scan library at:	file:///home/sam/.local/share/nvim/mason/packages/lua-language-server/libexec/meta/Lua%205.4%20en-us%20utf8/io.lua
[22:31:44.667][info] [#0:script/workspace/workspace.lua:353]: Scan library at:	file:///home/sam/.local/share/nvim/mason/packages/lua-language-server/libexec/meta/Lua%205.4%20en-us%20utf8/debug.lua
[22:31:44.668][info] [#0:script/workspace/workspace.lua:353]: Scan library at:	file:///home/sam/.local/share/nvim/lazy/ui/nvchad_types
[22:31:44.669][info] [#0:script/workspace/workspace.lua:353]: Scan library at:	file:///home/sam/.local/share/nvim/mason/packages/lua-language-server/libexec/meta/Lua%205.4%20en-us%20utf8/coroutine.lua
[22:31:44.669][info] [#0:script/workspace/workspace.lua:353]: Scan library at:	file:///usr/local/share/nvim/runtime/lua/vim/lsp
[22:31:44.673][info] [#0:script/workspace/workspace.lua:353]: Scan library at:	file:///home/sam/.local/share/nvim/mason/packages/lua-language-server/libexec/meta/Lua%205.4%20en-us%20utf8/builtin.lua
[22:31:44.673][info] [#0:script/workspace/workspace.lua:353]: Scan library at:	file:///home/sam/.local/share/nvim/mason/packages/lua-language-server/libexec/meta/Lua%205.4%20en-us%20utf8/package.lua
[22:31:44.673][info] [#0:script/workspace/workspace.lua:353]: Scan library at:	file:///home/sam/.local/share/nvim/mason/packages/lua-language-server/libexec/meta/Lua%205.4%20en-us%20utf8/utf8.lua
[22:31:44.674][info] [#0:script/workspace/workspace.lua:353]: Scan library at:	file:///home/sam/.local/share/nvim/mason/packages/lua-language-server/libexec/meta/Lua%205.4%20en-us%20utf8/basic.lua
[22:31:44.674][info] [#0:script/workspace/workspace.lua:353]: Scan library at:	file:///home/sam/.local/share/nvim/mason/packages/lua-language-server/libexec/meta/Lua%205.4%20en-us%20utf8/io.lua
[22:31:44.675][info] [#0:script/workspace/workspace.lua:353]: Scan library at:	file:///home/sam/.local/share/nvim/mason/packages/lua-language-server/libexec/meta/Lua%205.4%20en-us%20utf8/debug.lua
[22:31:44.675][info] [#0:script/workspace/workspace.lua:353]: Scan library at:	file:///home/sam/.local/share/nvim/mason/packages/lua-language-server/libexec/meta/Lua%205.4%20en-us%20utf8/os.lua
[22:31:44.675][info] [#0:script/workspace/workspace.lua:353]: Scan library at:	file:///home/sam/.local/share/nvim/lazy/ui/nvchad_types
[22:31:44.676][info] [#0:script/workspace/workspace.lua:353]: Scan library at:	file:///home/sam/.local/share/nvim/mason/packages/lua-language-server/libexec/meta/Lua%205.4%20en-us%20utf8/coroutine.lua
[22:31:44.676][info] [#0:script/workspace/workspace.lua:353]: Scan library at:	file:///usr/local/share/nvim/runtime/lua/vim/lsp
[22:31:44.678][info] [#0:script/workspace/workspace.lua:353]: Scan library at:	file:///home/sam/.local/share/nvim/mason/packages/lua-language-server/libexec/meta/Lua%205.4%20en-us%20utf8/os.lua
[22:31:44.779][info] [#0:script/workspace/workspace.lua:379]: Found 193 files at:	<fallback>
[22:31:44.779][info] [#0:script/workspace/loading.lua:161]: Load files from disk:	<fallback>
[22:31:44.779][info] [#0:script/workspace/workspace.lua:379]: Found 208 files at:	file:///home/sam/.config/nvim
[22:31:44.779][info] [#0:script/workspace/loading.lua:161]: Load files from disk:	file:///home/sam/.config/nvim
[22:31:44.780][info] [#0:script/workspace/loading.lua:101]: Preload file at: file:///home/sam/.local/share/nvim/mason/packages/lua-language-server/libexec/meta/Lua%205.4%20en-us%20utf8/os.lua , size = 5.600 KB
[22:31:44.789][info] [#0:script/workspace/loading.lua:113]: ++++As library of:	file:///home/sam/.local/share/nvim/mason/packages/lua-language-server/libexec/meta/Lua%205.4%20en-us%20utf8/os.lua
[22:31:44.789][info] [#0:script/workspace/loading.lua:101]: Preload file at: file:///usr/local/share/nvim/runtime/lua/vim/lsp/sync.lua , size = 16.041 KB
[22:31:44.809][info] [#0:script/workspace/loading.lua:113]: ++++As library of:	file:///usr/local/share/nvim/runtime/lua/vim/lsp
[22:31:44.809][info] [#0:script/workspace/loading.lua:98]: Skip loaded file: file:///usr/local/share/nvim/runtime/lua/vim/lsp/sync.lua
[22:31:44.809][info] [#0:script/workspace/loading.lua:101]: Preload file at: file:///usr/local/share/nvim/runtime/lua/vim/lsp/semantic_tokens.lua , size = 26.588 KB
[22:31:44.851][info] [#0:script/workspace/loading.lua:113]: ++++As library of:	file:///usr/local/share/nvim/runtime/lua/vim/lsp
[22:31:44.851][info] [#0:script/workspace/loading.lua:98]: Skip loaded file: file:///usr/local/share/nvim/runtime/lua/vim/lsp/semantic_tokens.lua
[22:31:44.851][info] [#0:script/workspace/loading.lua:101]: Preload file at: file:///usr/local/share/nvim/runtime/lua/vim/lsp/_meta.lua , size = 0.440 KB
[22:31:44.853][info] [#0:script/workspace/loading.lua:113]: ++++As library of:	file:///usr/local/share/nvim/runtime/lua/vim/lsp
[22:31:44.853][info] [#0:script/workspace/loading.lua:98]: Skip loaded file: file:///usr/local/share/nvim/runtime/lua/vim/lsp/_meta.lua
[22:31:44.853][info] [#0:script/workspace/loading.lua:101]: Preload file at: file:///usr/local/share/nvim/runtime/lua/vim/lsp/_watchfiles.lua , size = 6.648 KB
[22:31:44.859][info] [#0:script/workspace/loading.lua:113]: ++++As library of:	file:///usr/local/share/nvim/runtime/lua/vim/lsp
[22:31:44.859][info] [#0:script/workspace/loading.lua:98]: Skip loaded file: file:///usr/local/share/nvim/runtime/lua/vim/lsp/_watchfiles.lua
[22:31:44.859][info] [#0:script/workspace/loading.lua:101]: Preload file at: file:///usr/local/share/nvim/runtime/lua/vim/lsp/inlay_hint.lua , size = 11.229 KB
[22:31:44.869][info] [#0:script/workspace/loading.lua:113]: ++++As library of:	file:///usr/local/share/nvim/runtime/lua/vim/lsp
[22:31:44.869][info] [#0:script/workspace/loading.lua:98]: Skip loaded file: file:///usr/local/share/nvim/runtime/lua/vim/lsp/inlay_hint.lua
[22:31:44.869][info] [#0:script/workspace/loading.lua:101]: Preload file at: file:///usr/local/share/nvim/runtime/lua/vim/lsp/health.lua , size = 1.412 KB
[22:31:44.871][info] [#0:script/workspace/loading.lua:113]: ++++As library of:	file:///usr/local/share/nvim/runtime/lua/vim/lsp
[22:31:44.871][info] [#0:script/workspace/loading.lua:98]: Skip loaded file: file:///usr/local/share/nvim/runtime/lua/vim/lsp/health.lua
[22:31:44.871][info] [#0:script/workspace/loading.lua:101]: Preload file at: file:///usr/local/share/nvim/runtime/lua/vim/lsp/handlers.lua , size = 24.699 KB
[22:31:44.885][info] [#0:script/workspace/loading.lua:113]: ++++As library of:	file:///usr/local/share/nvim/runtime/lua/vim/lsp
[22:31:44.886][info] [#0:script/workspace/loading.lua:98]: Skip loaded file: file:///usr/local/share/nvim/runtime/lua/vim/lsp/handlers.lua
[22:31:44.886][info] [#0:script/workspace/loading.lua:101]: Preload file at: file:///usr/local/share/nvim/runtime/lua/vim/lsp/_dynamic.lua , size = 2.962 KB
[22:31:44.889][info] [#0:script/workspace/loading.lua:113]: ++++As library of:	file:///usr/local/share/nvim/runtime/lua/vim/lsp
[22:31:44.889][info] [#0:script/workspace/loading.lua:98]: Skip loaded file: file:///usr/local/share/nvim/runtime/lua/vim/lsp/_dynamic.lua
[22:31:44.889][info] [#0:script/workspace/loading.lua:101]: Preload file at: file:///usr/local/share/nvim/runtime/lua/vim/lsp/_meta/protocol.lua , size = 174.435 KB
[22:31:44.960][info] [#0:script/workspace/loading.lua:113]: ++++As library of:	file:///usr/local/share/nvim/runtime/lua/vim/lsp
[22:31:44.960][info] [#0:script/workspace/loading.lua:98]: Skip loaded file: file:///usr/local/share/nvim/runtime/lua/vim/lsp/_meta/protocol.lua
[22:31:44.960][info] [#0:script/workspace/loading.lua:98]: Skip loaded file: file:///home/sam/.local/share/nvim/mason/packages/lua-language-server/libexec/meta/Lua%205.4%20en-us%20utf8/os.lua
[22:31:44.960][info] [#0:script/workspace/loading.lua:101]: Preload file at: file:///usr/local/share/nvim/runtime/lua/vim/lsp/buf.lua , size = 29.260 KB
[22:31:44.987][info] [#0:script/workspace/loading.lua:113]: ++++As library of:	file:///usr/local/share/nvim/runtime/lua/vim/lsp
[22:31:44.987][info] [#0:script/workspace/loading.lua:101]: Preload file at: file:///usr/local/share/nvim/runtime/lua/vim/lsp/_completion.lua , size = 7.540 KB
[22:31:44.991][info] [#0:script/workspace/loading.lua:113]: ++++As library of:	file:///usr/local/share/nvim/runtime/lua/vim/lsp
[22:31:44.991][info] [#0:script/workspace/loading.lua:98]: Skip loaded file: file:///usr/local/share/nvim/runtime/lua/vim/lsp/_completion.lua
[22:31:44.992][info] [#0:script/workspace/loading.lua:101]: Preload file at: file:///usr/local/share/nvim/runtime/lua/vim/lsp/rpc.lua , size = 27.167 KB
[22:31:45.009][info] [#0:script/workspace/loading.lua:113]: ++++As library of:	file:///usr/local/share/nvim/runtime/lua/vim/lsp
[22:31:45.010][info] [#0:script/workspace/loading.lua:98]: Skip loaded file: file:///usr/local/share/nvim/runtime/lua/vim/lsp/rpc.lua
[22:31:45.010][info] [#0:script/workspace/loading.lua:101]: Preload file at: file:///usr/local/share/nvim/runtime/lua/vim/lsp/_snippet_grammar.lua , size = 6.179 KB
[22:31:45.015][info] [#0:script/workspace/loading.lua:113]: ++++As library of:	file:///usr/local/share/nvim/runtime/lua/vim/lsp
[22:31:45.015][info] [#0:script/workspace/loading.lua:98]: Skip loaded file: file:///usr/local/share/nvim/runtime/lua/vim/lsp/buf.lua
[22:31:45.015][info] [#0:script/workspace/loading.lua:98]: Skip loaded file: file:///usr/local/share/nvim/runtime/lua/vim/lsp/_snippet_grammar.lua
[22:31:45.015][info] [#0:script/workspace/loading.lua:101]: Preload file at: file:///usr/local/share/nvim/runtime/lua/vim/lsp/protocol.lua , size = 49.693 KB
[22:31:45.028][info] [#0:script/workspace/loading.lua:113]: ++++As library of:	file:///usr/local/share/nvim/runtime/lua/vim/lsp
[22:31:45.028][info] [#0:script/workspace/loading.lua:89]: Skip loaded file: file:///usr/local/share/nvim/runtime/lua/vim/lsp/protocol.lua
[22:31:45.028][info] [#0:script/workspace/loading.lua:113]: ++++As library of:	file:///usr/local/share/nvim/runtime/lua/vim/lsp
[22:31:45.028][info] [#0:script/workspace/loading.lua:101]: Preload file at: file:///usr/local/share/nvim/runtime/lua/vim/lsp/util.lua , size = 73.817 KB
[22:31:45.090][info] [#0:script/workspace/loading.lua:113]: ++++As library of:	file:///usr/local/share/nvim/runtime/lua/vim/lsp
[22:31:45.090][info] [#0:script/workspace/loading.lua:101]: Preload file at: file:///usr/local/share/nvim/runtime/lua/vim/lsp/diagnostic.lua , size = 14.120 KB
[22:31:45.099][info] [#0:script/workspace/loading.lua:113]: ++++As library of:	file:///usr/local/share/nvim/runtime/lua/vim/lsp
[22:31:45.099][info] [#0:script/workspace/loading.lua:98]: Skip loaded file: file:///usr/local/share/nvim/runtime/lua/vim/lsp/diagnostic.lua
[22:31:45.099][info] [#0:script/workspace/loading.lua:101]: Preload file at: file:///usr/local/share/nvim/runtime/lua/vim/lsp/codelens.lua , size = 8.655 KB
[22:31:45.106][info] [#0:script/workspace/loading.lua:113]: ++++As library of:	file:///usr/local/share/nvim/runtime/lua/vim/lsp
[22:31:45.106][info] [#0:script/workspace/loading.lua:98]: Skip loaded file: file:///usr/local/share/nvim/runtime/lua/vim/lsp/codelens.lua
[22:31:45.106][info] [#0:script/workspace/loading.lua:101]: Preload file at: file:///usr/local/share/nvim/runtime/lua/vim/lsp/log.lua , size = 5.061 KB
[22:31:45.109][info] [#0:script/workspace/loading.lua:113]: ++++As library of:	file:///usr/local/share/nvim/runtime/lua/vim/lsp
[22:31:45.109][info] [#0:script/workspace/loading.lua:98]: Skip loaded file: file:///usr/local/share/nvim/runtime/lua/vim/lsp/log.lua
[22:31:45.109][info] [#0:script/workspace/loading.lua:101]: Preload file at: file:///usr/local/share/nvim/runtime/lua/vim/lsp/_changetracking.lua , size = 11.472 KB
[22:31:45.117][info] [#0:script/workspace/loading.lua:113]: ++++As library of:	file:///usr/local/share/nvim/runtime/lua/vim/lsp
[22:31:45.117][info] [#0:script/workspace/loading.lua:98]: Skip loaded file: file:///usr/local/share/nvim/runtime/lua/vim/lsp/_changetracking.lua
[22:31:45.117][info] [#0:script/workspace/loading.lua:98]: Skip loaded file: file:///usr/local/share/nvim/runtime/lua/vim/lsp/util.lua
[22:31:45.117][info] [#0:script/workspace/loading.lua:101]: Preload file at: file:///usr/local/share/nvim/runtime/lua/vim/lsp/tagfunc.lua , size = 2.787 KB
[22:31:45.119][info] [#0:script/workspace/loading.lua:113]: ++++As library of:	file:///usr/local/share/nvim/runtime/lua/vim/lsp
[22:31:45.119][info] [#0:script/workspace/loading.lua:98]: Skip loaded file: file:///usr/local/share/nvim/runtime/lua/vim/lsp/tagfunc.lua
[22:31:45.119][info] [#0:script/workspace/loading.lua:101]: Preload file at: file:///home/sam/.local/share/nvim/mason/packages/lua-language-server/libexec/meta/Lua%205.4%20en-us%20utf8/coroutine.lua , size = 2.590 KB
[22:31:45.121][info] [#0:script/workspace/loading.lua:113]: ++++As library of:	file:///home/sam/.local/share/nvim/mason/packages/lua-language-server/libexec/meta/Lua%205.4%20en-us%20utf8/coroutine.lua
[22:31:45.121][info] [#0:script/workspace/loading.lua:101]: Preload file at: file:///home/sam/.local/share/nvim/lazy/ui/nvchad_types/keymaps.lua , size = 1.461 KB
[22:31:45.122][info] [#0:script/workspace/loading.lua:113]: ++++As library of:	file:///home/sam/.local/share/nvim/lazy/ui/nvchad_types
[22:31:45.122][info] [#0:script/workspace/loading.lua:98]: Skip loaded file: file:///home/sam/.local/share/nvim/lazy/ui/nvchad_types/keymaps.lua
[22:31:45.122][info] [#0:script/workspace/loading.lua:101]: Preload file at: file:///home/sam/.local/share/nvim/lazy/ui/nvchad_types/base46.lua , size = 7.725 KB
[22:31:45.126][info] [#0:script/workspace/loading.lua:113]: ++++As library of:	file:///home/sam/.local/share/nvim/lazy/ui/nvchad_types
[22:31:45.127][info] [#0:script/workspace/loading.lua:98]: Skip loaded file: file:///home/sam/.local/share/nvim/mason/packages/lua-language-server/libexec/meta/Lua%205.4%20en-us%20utf8/coroutine.lua
[22:31:45.127][info] [#0:script/workspace/loading.lua:89]: Skip loaded file: file:///home/sam/.local/share/nvim/lazy/ui/nvchad_types/base46.lua
[22:31:45.127][info] [#0:script/workspace/loading.lua:113]: ++++As library of:	file:///home/sam/.local/share/nvim/lazy/ui/nvchad_types
[22:31:45.127][info] [#0:script/workspace/loading.lua:101]: Preload file at: file:///home/sam/.local/share/nvim/lazy/ui/nvchad_types/themes.lua , size = 4.774 KB
[22:31:45.130][info] [#0:script/workspace/loading.lua:113]: ++++As library of:	file:///home/sam/.local/share/nvim/lazy/ui/nvchad_types
[22:31:45.130][info] [#0:script/workspace/loading.lua:101]: Preload file at: file:///home/sam/.local/share/nvim/lazy/ui/nvchad_types/chadrc.lua , size = 8.765 KB
[22:31:45.134][info] [#0:script/workspace/loading.lua:113]: ++++As library of:	file:///home/sam/.local/share/nvim/lazy/ui/nvchad_types
[22:31:45.134][info] [#0:script/workspace/loading.lua:98]: Skip loaded file: file:///home/sam/.local/share/nvim/lazy/ui/nvchad_types/chadrc.lua
[22:31:45.134][info] [#0:script/workspace/loading.lua:101]: Preload file at: file:///home/sam/.local/share/nvim/lazy/ui/nvchad_types/plugins.lua , size = 5.681 KB
[22:31:45.137][info] [#0:script/workspace/loading.lua:113]: ++++As library of:	file:///home/sam/.local/share/nvim/lazy/ui/nvchad_types
[22:31:45.137][info] [#0:script/workspace/loading.lua:98]: Skip loaded file: file:///home/sam/.local/share/nvim/lazy/ui/nvchad_types/themes.lua
[22:31:45.137][info] [#0:script/workspace/loading.lua:89]: Skip loaded file: file:///home/sam/.local/share/nvim/lazy/ui/nvchad_types/plugins.lua
[22:31:45.137][info] [#0:script/workspace/loading.lua:113]: ++++As library of:	file:///home/sam/.local/share/nvim/lazy/ui/nvchad_types
[22:31:45.137][info] [#0:script/workspace/loading.lua:101]: Preload file at: file:///home/sam/.local/share/nvim/lazy/ui/nvchad_types/all_hl_groups.lua , size = 40.871 KB
[22:31:45.157][info] [#0:script/workspace/loading.lua:113]: ++++As library of:	file:///home/sam/.local/share/nvim/lazy/ui/nvchad_types
[22:31:45.157][info] [#0:script/workspace/loading.lua:101]: Preload file at: file:///home/sam/.local/share/nvim/mason/packages/lua-language-server/libexec/meta/Lua%205.4%20en-us%20utf8/debug.lua , size = 7.637 KB
[22:31:45.162][info] [#0:script/workspace/loading.lua:113]: ++++As library of:	file:///home/sam/.local/share/nvim/mason/packages/lua-language-server/libexec/meta/Lua%205.4%20en-us%20utf8/debug.lua
[22:31:45.162][info] [#0:script/workspace/loading.lua:98]: Skip loaded file: file:///home/sam/.local/share/nvim/mason/packages/lua-language-server/libexec/meta/Lua%205.4%20en-us%20utf8/debug.lua
[22:31:45.162][info] [#0:script/workspace/loading.lua:101]: Preload file at: file:///home/sam/.local/share/nvim/mason/packages/lua-language-server/libexec/meta/Lua%205.4%20en-us%20utf8/io.lua , size = 6.364 KB
[22:31:45.167][info] [#0:script/workspace/loading.lua:113]: ++++As library of:	file:///home/sam/.local/share/nvim/mason/packages/lua-language-server/libexec/meta/Lua%205.4%20en-us%20utf8/io.lua
[22:31:45.167][info] [#0:script/workspace/loading.lua:98]: Skip loaded file: file:///home/sam/.local/share/nvim/mason/packages/lua-language-server/libexec/meta/Lua%205.4%20en-us%20utf8/io.lua
[22:31:45.167][info] [#0:script/workspace/loading.lua:98]: Skip loaded file: file:///home/sam/.local/share/nvim/lazy/ui/nvchad_types/all_hl_groups.lua
[22:31:45.167][info] [#0:script/workspace/loading.lua:101]: Preload file at: file:///home/sam/.local/share/nvim/mason/packages/lua-language-server/libexec/meta/Lua%205.4%20en-us%20utf8/basic.lua , size = 15.377 KB
[22:31:45.176][info] [#0:script/workspace/loading.lua:113]: ++++As library of:	file:///home/sam/.local/share/nvim/mason/packages/lua-language-server/libexec/meta/Lua%205.4%20en-us%20utf8/basic.lua
[22:31:45.176][info] [#0:script/workspace/loading.lua:101]: Preload file at: file:///home/sam/.local/share/nvim/mason/packages/lua-language-server/libexec/meta/Lua%205.4%20en-us%20utf8/utf8.lua , size = 2.386 KB
[22:31:45.178][info] [#0:script/workspace/loading.lua:113]: ++++As library of:	file:///home/sam/.local/share/nvim/mason/packages/lua-language-server/libexec/meta/Lua%205.4%20en-us%20utf8/utf8.lua
[22:31:45.178][info] [#0:script/workspace/loading.lua:98]: Skip loaded file: file:///home/sam/.local/share/nvim/mason/packages/lua-language-server/libexec/meta/Lua%205.4%20en-us%20utf8/utf8.lua
[22:31:45.179][info] [#0:script/workspace/loading.lua:101]: Preload file at: file:///home/sam/.local/share/nvim/mason/packages/lua-language-server/libexec/meta/Lua%205.4%20en-us%20utf8/package.lua , size = 2.944 KB
[22:31:45.180][info] [#0:script/workspace/loading.lua:113]: ++++As library of:	file:///home/sam/.local/share/nvim/mason/packages/lua-language-server/libexec/meta/Lua%205.4%20en-us%20utf8/package.lua
[22:31:45.180][info] [#0:script/workspace/loading.lua:98]: Skip loaded file: file:///home/sam/.local/share/nvim/mason/packages/lua-language-server/libexec/meta/Lua%205.4%20en-us%20utf8/package.lua
[22:31:45.180][info] [#0:script/workspace/loading.lua:98]: Skip loaded file: file:///home/sam/.local/share/nvim/mason/packages/lua-language-server/libexec/meta/Lua%205.4%20en-us%20utf8/basic.lua
[22:31:45.181][info] [#0:script/workspace/loading.lua:101]: Preload file at: file:///home/sam/.local/share/nvim/mason/packages/lua-language-server/libexec/meta/Lua%205.4%20en-us%20utf8/builtin.lua , size = 0.302 KB
[22:31:45.181][info] [#0:script/workspace/loading.lua:113]: ++++As library of:	file:///home/sam/.local/share/nvim/mason/packages/lua-language-server/libexec/meta/Lua%205.4%20en-us%20utf8/builtin.lua
[22:31:45.181][info] [#0:script/workspace/loading.lua:101]: Preload file at: file:///home/sam/.local/share/nvim/lazy/lazy.nvim/lua/lazy/health.lua , size = 3.329 KB
[22:31:45.184][info] [#0:script/workspace/loading.lua:113]: ++++As library of:	file:///home/sam/.local/share/nvim/lazy/lazy.nvim/lua/lazy
[22:31:45.184][info] [#0:script/workspace/loading.lua:98]: Skip loaded file: file:///home/sam/.local/share/nvim/lazy/lazy.nvim/lua/lazy/health.lua
[22:31:45.184][info] [#0:script/workspace/loading.lua:101]: Preload file at: file:///home/sam/.local/share/nvim/lazy/lazy.nvim/lua/lazy/docs.lua , size = 4.453 KB
[22:31:45.211][info] [#0:script/workspace/loading.lua:113]: ++++As library of:	file:///home/sam/.local/share/nvim/lazy/lazy.nvim/lua/lazy
[22:31:45.211][info] [#0:script/workspace/loading.lua:98]: Skip loaded file: file:///home/sam/.local/share/nvim/mason/packages/lua-language-server/libexec/meta/Lua%205.4%20en-us%20utf8/builtin.lua
[22:31:45.211][info] [#0:script/workspace/loading.lua:89]: Skip loaded file: file:///home/sam/.local/share/nvim/lazy/lazy.nvim/lua/lazy/docs.lua
[22:31:45.211][info] [#0:script/workspace/loading.lua:113]: ++++As library of:	file:///home/sam/.local/share/nvim/lazy/lazy.nvim/lua/lazy
[22:31:45.211][info] [#0:script/workspace/loading.lua:101]: Preload file at: file:///home/sam/.local/share/nvim/lazy/lazy.nvim/lua/lazy/manage/semver.lua , size = 4.409 KB
[22:31:45.216][info] [#0:script/workspace/loading.lua:113]: ++++As library of:	file:///home/sam/.local/share/nvim/lazy/lazy.nvim/lua/lazy
[22:31:45.216][info] [#0:script/workspace/loading.lua:101]: Preload file at: file:///home/sam/.local/share/nvim/lazy/lazy.nvim/lua/lazy/manage/git.lua , size = 6.043 KB
[22:31:45.222][info] [#0:script/workspace/loading.lua:113]: ++++As library of:	file:///home/sam/.local/share/nvim/lazy/lazy.nvim/lua/lazy
[22:31:45.222][info] [#0:script/workspace/loading.lua:98]: Skip loaded file: file:///home/sam/.local/share/nvim/lazy/lazy.nvim/lua/lazy/manage/git.lua
[22:31:45.222][info] [#0:script/workspace/loading.lua:98]: Skip loaded file: file:///home/sam/.local/share/nvim/lazy/lazy.nvim/lua/lazy/manage/semver.lua
[22:31:45.222][info] [#0:script/workspace/loading.lua:101]: Preload file at: file:///home/sam/.local/share/nvim/lazy/lazy.nvim/lua/lazy/manage/task/git.lua , size = 7.983 KB
[22:31:45.229][info] [#0:script/workspace/loading.lua:113]: ++++As library of:	file:///home/sam/.local/share/nvim/lazy/lazy.nvim/lua/lazy
[22:31:45.229][info] [#0:script/workspace/loading.lua:101]: Preload file at: file:///home/sam/.local/share/nvim/lazy/lazy.nvim/lua/lazy/manage/task/plugin.lua , size = 2.385 KB
[22:31:45.231][info] [#0:script/workspace/loading.lua:113]: ++++As library of:	file:///home/sam/.local/share/nvim/lazy/lazy.nvim/lua/lazy
[22:31:45.231][info] [#0:script/workspace/loading.lua:98]: Skip loaded file: file:///home/sam/.local/share/nvim/lazy/lazy.nvim/lua/lazy/manage/task/git.lua
[22:31:45.231][info] [#0:script/workspace/loading.lua:89]: Skip loaded file: file:///home/sam/.local/share/nvim/lazy/lazy.nvim/lua/lazy/manage/task/plugin.lua
[22:31:45.231][info] [#0:script/workspace/loading.lua:113]: ++++As library of:	file:///home/sam/.local/share/nvim/lazy/lazy.nvim/lua/lazy
[22:31:45.231][info] [#0:script/workspace/loading.lua:101]: Preload file at: file:///home/sam/.local/share/nvim/lazy/lazy.nvim/lua/lazy/manage/task/init.lua , size = 3.822 KB
[22:31:45.236][info] [#0:script/workspace/loading.lua:113]: ++++As library of:	file:///home/sam/.local/share/nvim/lazy/lazy.nvim/lua/lazy
[22:31:45.236][info] [#0:script/workspace/loading.lua:101]: Preload file at: file:///home/sam/.local/share/nvim/lazy/lazy.nvim/lua/lazy/manage/task/fs.lua , size = 0.749 KB
[22:31:45.237][info] [#0:script/workspace/loading.lua:113]: ++++As library of:	file:///home/sam/.local/share/nvim/lazy/lazy.nvim/lua/lazy
[22:31:45.237][info] [#0:script/workspace/loading.lua:98]: Skip loaded file: file:///home/sam/.local/share/nvim/lazy/lazy.nvim/lua/lazy/manage/task/fs.lua
[22:31:45.237][info] [#0:script/workspace/loading.lua:101]: Preload file at: file:///home/sam/.local/share/nvim/lazy/lazy.nvim/lua/lazy/manage/process.lua , size = 3.989 KB
[22:31:45.241][info] [#0:script/workspace/loading.lua:113]: ++++As library of:	file:///home/sam/.local/share/nvim/lazy/lazy.nvim/lua/lazy
[22:31:45.241][info] [#0:script/workspace/loading.lua:98]: Skip loaded file: file:///home/sam/.local/share/nvim/lazy/lazy.nvim/lua/lazy/manage/process.lua
[22:31:45.241][info] [#0:script/workspace/loading.lua:98]: Skip loaded file: file:///home/sam/.local/share/nvim/lazy/lazy.nvim/lua/lazy/manage/task/init.lua
[22:31:45.241][info] [#0:script/workspace/loading.lua:101]: Preload file at: file:///home/sam/.local/share/nvim/lazy/lazy.nvim/lua/lazy/manage/init.lua , size = 5.484 KB
[22:31:45.246][info] [#0:script/workspace/loading.lua:113]: ++++As library of:	file:///home/sam/.local/share/nvim/lazy/lazy.nvim/lua/lazy
[22:31:45.246][info] [#0:script/workspace/loading.lua:101]: Preload file at: file:///home/sam/.local/share/nvim/lazy/lazy.nvim/lua/lazy/manage/lock.lua , size = 1.811 KB
[22:31:45.248][info] [#0:script/workspace/loading.lua:113]: ++++As library of:	file:///home/sam/.local/share/nvim/lazy/lazy.nvim/lua/lazy
[22:31:45.248][info] [#0:script/workspace/loading.lua:98]: Skip loaded file: file:///home/sam/.local/share/nvim/lazy/lazy.nvim/lua/lazy/manage/lock.lua
[22:31:45.248][info] [#0:script/workspace/loading.lua:101]: Preload file at: file:///home/sam/.local/share/nvim/lazy/lazy.nvim/lua/lazy/manage/reloader.lua , size = 2.487 KB
[22:31:45.251][info] [#0:script/workspace/loading.lua:113]: ++++As library of:	file:///home/sam/.local/share/nvim/lazy/lazy.nvim/lua/lazy
[22:31:45.251][info] [#0:script/workspace/loading.lua:98]: Skip loaded file: file:///home/sam/.local/share/nvim/lazy/lazy.nvim/lua/lazy/manage/init.lua
[22:31:45.251][info] [#0:script/workspace/loading.lua:89]: Skip loaded file: file:///home/sam/.local/share/nvim/lazy/lazy.nvim/lua/lazy/manage/reloader.lua
[22:31:45.251][info] [#0:script/workspace/loading.lua:113]: ++++As library of:	file:///home/sam/.local/share/nvim/lazy/lazy.nvim/lua/lazy
[22:31:45.251][info] [#0:script/workspace/loading.lua:101]: Preload file at: file:///home/sam/.local/share/nvim/lazy/lazy.nvim/lua/lazy/manage/checker.lua , size = 2.306 KB
[22:31:45.253][info] [#0:script/workspace/loading.lua:113]: ++++As library of:	file:///home/sam/.local/share/nvim/lazy/lazy.nvim/lua/lazy
[22:31:45.253][info] [#0:script/workspace/loading.lua:101]: Preload file at: file:///home/sam/.local/share/nvim/lazy/lazy.nvim/lua/lazy/manage/runner.lua , size = 4.358 KB
[22:31:45.258][info] [#0:script/workspace/loading.lua:113]: ++++As library of:	file:///home/sam/.local/share/nvim/lazy/lazy.nvim/lua/lazy
[22:31:45.258][info] [#0:script/workspace/loading.lua:98]: Skip loaded file: file:///home/sam/.local/share/nvim/lazy/lazy.nvim/lua/lazy/manage/runner.lua
[22:31:45.258][info] [#0:script/workspace/loading.lua:101]: Preload file at: file:///home/sam/.local/share/nvim/lazy/lazy.nvim/lua/lazy/types.lua , size = 3.229 KB
[22:31:45.261][info] [#0:script/workspace/loading.lua:113]: ++++As library of:	file:///home/sam/.local/share/nvim/lazy/lazy.nvim/lua/lazy
[22:31:45.261][info] [#0:script/workspace/loading.lua:98]: Skip loaded file: file:///home/sam/.local/share/nvim/lazy/lazy.nvim/lua/lazy/manage/checker.lua
[22:31:45.261][info] [#0:script/workspace/loading.lua:89]: Skip loaded file: file:///home/sam/.local/share/nvim/lazy/lazy.nvim/lua/lazy/types.lua
[22:31:45.261][info] [#0:script/workspace/loading.lua:113]: ++++As library of:	file:///home/sam/.local/share/nvim/lazy/lazy.nvim/lua/lazy
[22:31:45.261][info] [#0:script/workspace/loading.lua:101]: Preload file at: file:///home/sam/.local/share/nvim/lazy/lazy.nvim/lua/lazy/help.lua , size = 2.242 KB
[22:31:45.263][info] [#0:script/workspace/loading.lua:113]: ++++As library of:	file:///home/sam/.local/share/nvim/lazy/lazy.nvim/lua/lazy
[22:31:45.263][info] [#0:script/workspace/loading.lua:101]: Preload file at: file:///home/sam/.local/share/nvim/lazy/lazy.nvim/lua/lazy/status.lua , size = 0.353 KB
[22:31:45.264][info] [#0:script/workspace/loading.lua:113]: ++++As library of:	file:///home/sam/.local/share/nvim/lazy/lazy.nvim/lua/lazy
[22:31:45.264][info] [#0:script/workspace/loading.lua:98]: Skip loaded file: file:///home/sam/.local/share/nvim/lazy/lazy.nvim/lua/lazy/status.lua
[22:31:45.264][info] [#0:script/workspace/loading.lua:101]: Preload file at: file:///home/sam/.local/share/nvim/lazy/lazy.nvim/lua/lazy/util.lua , size = 5.759 KB
[22:31:45.270][info] [#0:script/workspace/loading.lua:113]: ++++As library of:	file:///home/sam/.local/share/nvim/lazy/lazy.nvim/lua/lazy
[22:31:45.270][info] [#0:script/workspace/loading.lua:98]: Skip loaded file: file:///home/sam/.local/share/nvim/lazy/lazy.nvim/lua/lazy/help.lua
[22:31:45.270][info] [#0:script/workspace/loading.lua:89]: Skip loaded file: file:///home/sam/.local/share/nvim/lazy/lazy.nvim/lua/lazy/util.lua
[22:31:45.270][info] [#0:script/workspace/loading.lua:113]: ++++As library of:	file:///home/sam/.local/share/nvim/lazy/lazy.nvim/lua/lazy
[22:31:45.270][info] [#0:script/workspace/loading.lua:101]: Preload file at: file:///home/sam/.local/share/nvim/lazy/lazy.nvim/lua/lazy/init.lua , size = 3.717 KB
[22:31:45.273][info] [#0:script/workspace/loading.lua:113]: ++++As library of:	file:///home/sam/.local/share/nvim/lazy/lazy.nvim/lua/lazy
[22:31:45.273][info] [#0:script/workspace/loading.lua:101]: Preload file at: file:///home/sam/.local/share/nvim/lazy/lazy.nvim/lua/lazy/core/handler/ft.lua , size = 0.442 KB
[22:31:45.274][info] [#0:script/workspace/loading.lua:113]: ++++As library of:	file:///home/sam/.local/share/nvim/lazy/lazy.nvim/lua/lazy
[22:31:45.274][info] [#0:script/workspace/loading.lua:98]: Skip loaded file: file:///home/sam/.local/share/nvim/lazy/lazy.nvim/lua/lazy/core/handler/ft.lua
[22:31:45.274][info] [#0:script/workspace/loading.lua:98]: Skip loaded file: file:///home/sam/.local/share/nvim/lazy/lazy.nvim/lua/lazy/init.lua
[22:31:45.274][info] [#0:script/workspace/loading.lua:101]: Preload file at: file:///home/sam/.local/share/nvim/lazy/lazy.nvim/lua/lazy/core/handler/event.lua , size = 4.860 KB
[22:31:45.278][info] [#0:script/workspace/loading.lua:113]: ++++As library of:	file:///home/sam/.local/share/nvim/lazy/lazy.nvim/lua/lazy
[22:31:45.278][info] [#0:script/workspace/loading.lua:89]: Skip loaded file: file:///home/sam/.local/share/nvim/lazy/lazy.nvim/lua/lazy/core/handler/event.lua
[22:31:45.278][info] [#0:script/workspace/loading.lua:113]: ++++As library of:	file:///home/sam/.local/share/nvim/lazy/lazy.nvim/lua/lazy
[22:31:45.278][info] [#0:script/workspace/loading.lua:101]: Preload file at: file:///home/sam/.local/share/nvim/lazy/lazy.nvim/lua/lazy/core/handler/keys.lua , size = 5.024 KB
[22:31:45.283][info] [#0:script/workspace/loading.lua:113]: ++++As library of:	file:///home/sam/.local/share/nvim/lazy/lazy.nvim/lua/lazy
[22:31:45.283][info] [#0:script/workspace/loading.lua:101]: Preload file at: file:///home/sam/.local/share/nvim/lazy/lazy.nvim/lua/lazy/core/handler/init.lua , size = 3.126 KB
[22:31:45.287][info] [#0:script/workspace/loading.lua:113]: ++++As library of:	file:///home/sam/.local/share/nvim/lazy/lazy.nvim/lua/lazy
[22:31:45.287][info] [#0:script/workspace/loading.lua:98]: Skip loaded file: file:///home/sam/.local/share/nvim/lazy/lazy.nvim/lua/lazy/core/handler/init.lua
[22:31:45.287][info] [#0:script/workspace/loading.lua:98]: Skip loaded file: file:///home/sam/.local/share/nvim/lazy/lazy.nvim/lua/lazy/core/handler/keys.lua
[22:31:45.287][info] [#0:script/workspace/loading.lua:101]: Preload file at: file:///home/sam/.local/share/nvim/lazy/lazy.nvim/lua/lazy/core/handler/cmd.lua , size = 1.638 KB
[22:31:45.289][info] [#0:script/workspace/loading.lua:113]: ++++As library of:	file:///home/sam/.local/share/nvim/lazy/lazy.nvim/lua/lazy
[22:31:45.289][info] [#0:script/workspace/loading.lua:98]: Skip loaded file: file:///home/sam/.local/share/nvim/lazy/lazy.nvim/lua/lazy/core/handler/cmd.lua
[22:31:45.289][info] [#0:script/workspace/loading.lua:101]: Preload file at: file:///home/sam/.local/share/nvim/lazy/lazy.nvim/lua/lazy/core/plugin.lua , size = 17.062 KB
[22:31:45.304][info] [#0:script/workspace/loading.lua:113]: ++++As library of:	file:///home/sam/.local/share/nvim/lazy/lazy.nvim/lua/lazy
[22:31:45.304][info] [#0:script/workspace/loading.lua:98]: Skip loaded file: file:///home/sam/.local/share/nvim/lazy/lazy.nvim/lua/lazy/core/plugin.lua
[22:31:45.304][info] [#0:script/workspace/loading.lua:101]: Preload file at: file:///home/sam/.local/share/nvim/lazy/lazy.nvim/lua/lazy/core/util.lua , size = 10.683 KB
[22:31:45.315][info] [#0:script/workspace/loading.lua:113]: ++++As library of:	file:///home/sam/.local/share/nvim/lazy/lazy.nvim/lua/lazy
[22:31:45.315][info] [#0:script/workspace/loading.lua:101]: Preload file at: file:///home/sam/.local/share/nvim/lazy/lazy.nvim/lua/lazy/core/loader.lua , size = 13.767 KB
[22:31:45.326][info] [#0:script/workspace/loading.lua:113]: ++++As library of:	file:///home/sam/.local/share/nvim/lazy/lazy.nvim/lua/lazy
[22:31:45.326][info] [#0:script/workspace/loading.lua:98]: Skip loaded file: file:///home/sam/.local/share/nvim/lazy/lazy.nvim/lua/lazy/core/loader.lua
[22:31:45.326][info] [#0:script/workspace/loading.lua:101]: Preload file at: file:///home/sam/.local/share/nvim/lazy/lazy.nvim/lua/lazy/core/cache.lua , size = 16.600 KB
[22:31:45.340][info] [#0:script/workspace/loading.lua:113]: ++++As library of:	file:///home/sam/.local/share/nvim/lazy/lazy.nvim/lua/lazy
[22:31:45.340][info] [#0:script/workspace/loading.lua:98]: Skip loaded file: file:///home/sam/.local/share/nvim/lazy/lazy.nvim/lua/lazy/core/util.lua
[22:31:45.340][info] [#0:script/workspace/loading.lua:98]: Skip loaded file: file:///home/sam/.local/share/nvim/lazy/lazy.nvim/lua/lazy/core/cache.lua
[22:31:45.340][info] [#0:script/workspace/loading.lua:101]: Preload file at: file:///home/sam/.local/share/nvim/lazy/lazy.nvim/lua/lazy/core/config.lua , size = 8.966 KB
[22:31:45.346][info] [#0:script/workspace/loading.lua:113]: ++++As library of:	file:///home/sam/.local/share/nvim/lazy/lazy.nvim/lua/lazy
[22:31:45.346][info] [#0:script/workspace/loading.lua:101]: Preload file at: file:///home/sam/.local/share/nvim/lazy/lazy.nvim/lua/lazy/stats.lua , size = 2.068 KB
[22:31:45.348][info] [#0:script/workspace/loading.lua:113]: ++++As library of:	file:///home/sam/.local/share/nvim/lazy/lazy.nvim/lua/lazy
[22:31:45.348][info] [#0:script/workspace/loading.lua:98]: Skip loaded file: file:///home/sam/.local/share/nvim/lazy/lazy.nvim/lua/lazy/stats.lua
[22:31:45.348][info] [#0:script/workspace/loading.lua:101]: Preload file at: file:///home/sam/.local/share/nvim/lazy/lazy.nvim/lua/lazy/state.lua , size = 0.859 KB
[22:31:45.349][info] [#0:script/workspace/loading.lua:113]: ++++As library of:	file:///home/sam/.local/share/nvim/lazy/lazy.nvim/lua/lazy
[22:31:45.349][info] [#0:script/workspace/loading.lua:98]: Skip loaded file: file:///home/sam/.local/share/nvim/lazy/lazy.nvim/lua/lazy/core/config.lua
[22:31:45.349][info] [#0:script/workspace/loading.lua:98]: Skip loaded file: file:///home/sam/.local/share/nvim/lazy/lazy.nvim/lua/lazy/state.lua
[22:31:45.349][info] [#0:script/workspace/loading.lua:101]: Preload file at: file:///home/sam/.local/share/nvim/lazy/lazy.nvim/lua/lazy/view/commands.lua , size = 3.386 KB
[22:31:45.353][info] [#0:script/workspace/loading.lua:113]: ++++As library of:	file:///home/sam/.local/share/nvim/lazy/lazy.nvim/lua/lazy
[22:31:45.353][info] [#0:script/workspace/loading.lua:98]: Skip loaded file: file:///home/sam/.local/share/nvim/lazy/lazy.nvim/lua/lazy/view/commands.lua
[22:31:45.353][info] [#0:script/workspace/loading.lua:101]: Preload file at: file:///home/sam/.local/share/nvim/lazy/lazy.nvim/lua/lazy/view/text.lua , size = 3.820 KB
[22:31:45.358][info] [#0:script/workspace/loading.lua:113]: ++++As library of:	file:///home/sam/.local/share/nvim/lazy/lazy.nvim/lua/lazy
[22:31:45.358][info] [#0:script/workspace/loading.lua:101]: Preload file at: file:///home/sam/.local/share/nvim/lazy/lazy.nvim/lua/lazy/view/sections.lua , size = 2.362 KB
[22:31:45.360][info] [#0:script/workspace/loading.lua:113]: ++++As library of:	file:///home/sam/.local/share/nvim/lazy/lazy.nvim/lua/lazy
[22:31:45.360][info] [#0:script/workspace/loading.lua:98]: Skip loaded file: file:///home/sam/.local/share/nvim/lazy/lazy.nvim/lua/lazy/view/text.lua
[22:31:45.360][info] [#0:script/workspace/loading.lua:98]: Skip loaded file: file:///home/sam/.local/share/nvim/lazy/lazy.nvim/lua/lazy/view/sections.lua
[22:31:45.360][info] [#0:script/workspace/loading.lua:101]: Preload file at: file:///home/sam/.local/share/nvim/lazy/lazy.nvim/lua/lazy/view/render.lua , size = 21.168 KB
[22:31:45.380][info] [#0:script/workspace/loading.lua:113]: ++++As library of:	file:///home/sam/.local/share/nvim/lazy/lazy.nvim/lua/lazy
[22:31:45.381][info] [#0:script/workspace/loading.lua:101]: Preload file at: file:///home/sam/.local/share/nvim/lazy/lazy.nvim/lua/lazy/view/float.lua , size = 7.009 KB
[22:31:45.388][info] [#0:script/workspace/loading.lua:113]: ++++As library of:	file:///home/sam/.local/share/nvim/lazy/lazy.nvim/lua/lazy
[22:31:45.388][info] [#0:script/workspace/loading.lua:98]: Skip loaded file: file:///home/sam/.local/share/nvim/lazy/lazy.nvim/lua/lazy/view/float.lua
[22:31:45.388][info] [#0:script/workspace/loading.lua:98]: Skip loaded file: file:///home/sam/.local/share/nvim/lazy/lazy.nvim/lua/lazy/view/render.lua
[22:31:45.389][info] [#0:script/workspace/loading.lua:101]: Preload file at: file:///home/sam/.local/share/nvim/lazy/lazy.nvim/lua/lazy/view/init.lua , size = 7.479 KB
[22:31:45.430][info] [#0:script/workspace/loading.lua:113]: ++++As library of:	file:///home/sam/.local/share/nvim/lazy/lazy.nvim/lua/lazy
[22:31:45.430][info] [#0:script/workspace/loading.lua:101]: Preload file at: file:///home/sam/.local/share/nvim/lazy/lazy.nvim/lua/lazy/view/diff.lua , size = 1.585 KB
[22:31:45.432][info] [#0:script/workspace/loading.lua:113]: ++++As library of:	file:///home/sam/.local/share/nvim/lazy/lazy.nvim/lua/lazy
[22:31:45.432][info] [#0:script/workspace/loading.lua:98]: Skip loaded file: file:///home/sam/.local/share/nvim/lazy/lazy.nvim/lua/lazy/view/diff.lua
[22:31:45.432][info] [#0:script/workspace/loading.lua:101]: Preload file at: file:///home/sam/.local/share/nvim/lazy/lazy.nvim/lua/lazy/view/colors.lua , size = 1.526 KB
[22:31:45.433][info] [#0:script/workspace/loading.lua:113]: ++++As library of:	file:///home/sam/.local/share/nvim/lazy/lazy.nvim/lua/lazy
[22:31:45.433][info] [#0:script/workspace/loading.lua:98]: Skip loaded file: file:///home/sam/.local/share/nvim/lazy/lazy.nvim/lua/lazy/view/colors.lua
[22:31:45.433][info] [#0:script/workspace/loading.lua:98]: Skip loaded file: file:///home/sam/.local/share/nvim/lazy/lazy.nvim/lua/lazy/view/init.lua
[22:31:45.433][info] [#0:script/workspace/loading.lua:101]: Preload file at: file:///home/sam/.local/share/nvim/lazy/lazy.nvim/lua/lazy/view/config.lua , size = 3.471 KB
[22:31:45.436][info] [#0:script/workspace/loading.lua:113]: ++++As library of:	file:///home/sam/.local/share/nvim/lazy/lazy.nvim/lua/lazy
[22:31:45.436][info] [#0:script/workspace/loading.lua:101]: Preload file at: file:///home/sam/.local/share/nvim/lazy/lazy.nvim/lua/lazy/example.lua , size = 2.643 KB
[22:31:45.437][info] [#0:script/workspace/loading.lua:113]: ++++As library of:	file:///home/sam/.local/share/nvim/lazy/lazy.nvim/lua/lazy
[22:31:45.437][info] [#0:script/workspace/loading.lua:98]: Skip loaded file: file:///home/sam/.local/share/nvim/lazy/lazy.nvim/lua/lazy/example.lua
[22:31:45.437][info] [#0:script/workspace/loading.lua:101]: Preload file at: file:///home/sam/.local/share/nvim/mason/packages/lua-language-server/libexec/meta/Lua%205.4%20en-us%20utf8/math.lua , size = 8.509 KB
[22:31:45.443][info] [#0:script/workspace/loading.lua:113]: ++++As library of:	file:///home/sam/.local/share/nvim/mason/packages/lua-language-server/libexec/meta/Lua%205.4%20en-us%20utf8/math.lua
[22:31:45.443][info] [#0:script/workspace/loading.lua:98]: Skip loaded file: file:///home/sam/.local/share/nvim/lazy/lazy.nvim/lua/lazy/view/config.lua
[22:31:45.444][info] [#0:script/workspace/loading.lua:98]: Skip loaded file: file:///home/sam/.local/share/nvim/mason/packages/lua-language-server/libexec/meta/Lua%205.4%20en-us%20utf8/math.lua
[22:31:45.444][info] [#0:script/workspace/loading.lua:101]: Preload file at: file:///home/sam/.local/share/nvim/mason/packages/lua-language-server/libexec/meta/Lua%205.4%20en-us%20utf8/string.lua , size = 6.341 KB
[22:31:45.448][info] [#0:script/workspace/loading.lua:113]: ++++As library of:	file:///home/sam/.local/share/nvim/mason/packages/lua-language-server/libexec/meta/Lua%205.4%20en-us%20utf8/string.lua
[22:31:45.448][info] [#0:script/workspace/loading.lua:98]: Skip loaded file: file:///home/sam/.local/share/nvim/mason/packages/lua-language-server/libexec/meta/Lua%205.4%20en-us%20utf8/string.lua
[22:31:45.448][info] [#0:script/workspace/loading.lua:101]: Preload file at: file:///usr/local/share/nvim/runtime/lua/vim/_watch.lua , size = 7.082 KB
[22:31:45.453][info] [#0:script/workspace/loading.lua:113]: ++++As library of:	file:///usr/local/share/nvim/runtime/lua
[22:31:45.453][info] [#0:script/workspace/loading.lua:101]: Preload file at: file:///usr/local/share/nvim/runtime/lua/vim/glob.lua , size = 3.001 KB
[22:31:45.455][info] [#0:script/workspace/loading.lua:113]: ++++As library of:	file:///usr/local/share/nvim/runtime/lua
[22:31:45.455][info] [#0:script/workspace/loading.lua:98]: Skip loaded file: file:///usr/local/share/nvim/runtime/lua/vim/glob.lua
[22:31:45.456][info] [#0:script/workspace/loading.lua:98]: Skip loaded file: file:///usr/local/share/nvim/runtime/lua/vim/_watch.lua
[22:31:45.456][info] [#0:script/workspace/loading.lua:101]: Preload file at: file:///usr/local/share/nvim/runtime/lua/vim/_defaults.lua , size = 15.754 KB
[22:31:45.465][info] [#0:script/workspace/loading.lua:113]: ++++As library of:	file:///usr/local/share/nvim/runtime/lua
[22:31:45.465][info] [#0:script/workspace/loading.lua:89]: Skip loaded file: file:///usr/local/share/nvim/runtime/lua/vim/_defaults.lua
[22:31:45.465][info] [#0:script/workspace/loading.lua:113]: ++++As library of:	file:///usr/local/share/nvim/runtime/lua
[22:31:45.465][info] [#0:script/workspace/loading.lua:89]: Skip loaded file: file:///usr/local/share/nvim/runtime/lua/vim/lsp/sync.lua
[22:31:45.465][info] [#0:script/workspace/loading.lua:113]: ++++As library of:	file:///usr/local/share/nvim/runtime/lua
[22:31:45.465][info] [#0:script/workspace/loading.lua:89]: Skip loaded file: file:///usr/local/share/nvim/runtime/lua/vim/lsp/sync.lua
[22:31:45.465][info] [#0:script/workspace/loading.lua:113]: ++++As library of:	file:///usr/local/share/nvim/runtime/lua
[22:31:45.465][info] [#0:script/workspace/loading.lua:101]: Preload file at: file:///usr/local/share/nvim/runtime/lua/vim/func/_memoize.lua , size = 1.284 KB
[22:31:45.466][info] [#0:script/workspace/loading.lua:113]: ++++As library of:	file:///usr/local/share/nvim/runtime/lua
[22:31:45.466][info] [#0:script/workspace/loading.lua:98]: Skip loaded file: file:///usr/local/share/nvim/runtime/lua/vim/func/_memoize.lua
[22:31:45.466][info] [#0:script/workspace/loading.lua:89]: Skip loaded file: file:///usr/local/share/nvim/runtime/lua/vim/lsp/semantic_tokens.lua
[22:31:45.466][info] [#0:script/workspace/loading.lua:113]: ++++As library of:	file:///usr/local/share/nvim/runtime/lua
[22:31:45.467][info] [#0:script/workspace/loading.lua:89]: Skip loaded file: file:///usr/local/share/nvim/runtime/lua/vim/lsp/semantic_tokens.lua
[22:31:45.467][info] [#0:script/workspace/loading.lua:113]: ++++As library of:	file:///usr/local/share/nvim/runtime/lua
[22:31:45.467][info] [#0:script/workspace/loading.lua:89]: Skip loaded file: file:///usr/local/share/nvim/runtime/lua/vim/lsp/_meta.lua
[22:31:45.467][info] [#0:script/workspace/loading.lua:113]: ++++As library of:	file:///usr/local/share/nvim/runtime/lua
[22:31:45.467][info] [#0:script/workspace/loading.lua:89]: Skip loaded file: file:///usr/local/share/nvim/runtime/lua/vim/lsp/_meta.lua
[22:31:45.467][info] [#0:script/workspace/loading.lua:113]: ++++As library of:	file:///usr/local/share/nvim/runtime/lua
[22:31:45.467][info] [#0:script/workspace/loading.lua:89]: Skip loaded file: file:///usr/local/share/nvim/runtime/lua/vim/lsp/_watchfiles.lua
[22:31:45.467][info] [#0:script/workspace/loading.lua:113]: ++++As library of:	file:///usr/local/share/nvim/runtime/lua
[22:31:45.467][info] [#0:script/workspace/loading.lua:89]: Skip loaded file: file:///usr/local/share/nvim/runtime/lua/vim/lsp/_watchfiles.lua
[22:31:45.467][info] [#0:script/workspace/loading.lua:113]: ++++As library of:	file:///usr/local/share/nvim/runtime/lua
[22:31:45.467][info] [#0:script/workspace/loading.lua:89]: Skip loaded file: file:///usr/local/share/nvim/runtime/lua/vim/lsp/inlay_hint.lua
[22:31:45.467][info] [#0:script/workspace/loading.lua:113]: ++++As library of:	file:///usr/local/share/nvim/runtime/lua
[22:31:45.467][info] [#0:script/workspace/loading.lua:89]: Skip loaded file: file:///usr/local/share/nvim/runtime/lua/vim/lsp/inlay_hint.lua
[22:31:45.467][info] [#0:script/workspace/loading.lua:113]: ++++As library of:	file:///usr/local/share/nvim/runtime/lua
[22:31:45.467][info] [#0:script/workspace/loading.lua:89]: Skip loaded file: file:///usr/local/share/nvim/runtime/lua/vim/lsp/health.lua
[22:31:45.467][info] [#0:script/workspace/loading.lua:113]: ++++As library of:	file:///usr/local/share/nvim/runtime/lua
[22:31:45.467][info] [#0:script/workspace/loading.lua:89]: Skip loaded file: file:///usr/local/share/nvim/runtime/lua/vim/lsp/health.lua
[22:31:45.467][info] [#0:script/workspace/loading.lua:113]: ++++As library of:	file:///usr/local/share/nvim/runtime/lua
[22:31:45.467][info] [#0:script/workspace/loading.lua:89]: Skip loaded file: file:///usr/local/share/nvim/runtime/lua/vim/lsp/handlers.lua
[22:31:45.467][info] [#0:script/workspace/loading.lua:113]: ++++As library of:	file:///usr/local/share/nvim/runtime/lua
[22:31:45.467][info] [#0:script/workspace/loading.lua:89]: Skip loaded file: file:///usr/local/share/nvim/runtime/lua/vim/lsp/handlers.lua
[22:31:45.467][info] [#0:script/workspace/loading.lua:113]: ++++As library of:	file:///usr/local/share/nvim/runtime/lua
[22:31:45.467][info] [#0:script/workspace/loading.lua:89]: Skip loaded file: file:///usr/local/share/nvim/runtime/lua/vim/lsp/_dynamic.lua
[22:31:45.467][info] [#0:script/workspace/loading.lua:113]: ++++As library of:	file:///usr/local/share/nvim/runtime/lua
[22:31:45.467][info] [#0:script/workspace/loading.lua:89]: Skip loaded file: file:///usr/local/share/nvim/runtime/lua/vim/lsp/_dynamic.lua
[22:31:45.467][info] [#0:script/workspace/loading.lua:113]: ++++As library of:	file:///usr/local/share/nvim/runtime/lua
[22:31:45.467][info] [#0:script/workspace/loading.lua:89]: Skip loaded file: file:///usr/local/share/nvim/runtime/lua/vim/lsp/_meta/protocol.lua
[22:31:45.467][info] [#0:script/workspace/loading.lua:113]: ++++As library of:	file:///usr/local/share/nvim/runtime/lua
[22:31:45.467][info] [#0:script/workspace/loading.lua:89]: Skip loaded file: file:///usr/local/share/nvim/runtime/lua/vim/lsp/_meta/protocol.lua
[22:31:45.467][info] [#0:script/workspace/loading.lua:113]: ++++As library of:	file:///usr/local/share/nvim/runtime/lua
[22:31:45.467][info] [#0:script/workspace/loading.lua:89]: Skip loaded file: file:///usr/local/share/nvim/runtime/lua/vim/lsp/buf.lua
[22:31:45.467][info] [#0:script/workspace/loading.lua:113]: ++++As library of:	file:///usr/local/share/nvim/runtime/lua
[22:31:45.467][info] [#0:script/workspace/loading.lua:89]: Skip loaded file: file:///usr/local/share/nvim/runtime/lua/vim/lsp/buf.lua
[22:31:45.467][info] [#0:script/workspace/loading.lua:113]: ++++As library of:	file:///usr/local/share/nvim/runtime/lua
[22:31:45.467][info] [#0:script/workspace/loading.lua:89]: Skip loaded file: file:///usr/local/share/nvim/runtime/lua/vim/lsp/_completion.lua
[22:31:45.467][info] [#0:script/workspace/loading.lua:113]: ++++As library of:	file:///usr/local/share/nvim/runtime/lua
[22:31:45.467][info] [#0:script/workspace/loading.lua:89]: Skip loaded file: file:///usr/local/share/nvim/runtime/lua/vim/lsp/_completion.lua
[22:31:45.467][info] [#0:script/workspace/loading.lua:113]: ++++As library of:	file:///usr/local/share/nvim/runtime/lua
[22:31:45.467][info] [#0:script/workspace/loading.lua:89]: Skip loaded file: file:///usr/local/share/nvim/runtime/lua/vim/lsp/rpc.lua
[22:31:45.467][info] [#0:script/workspace/loading.lua:113]: ++++As library of:	file:///usr/local/share/nvim/runtime/lua
[22:31:45.467][info] [#0:script/workspace/loading.lua:89]: Skip loaded file: file:///usr/local/share/nvim/runtime/lua/vim/lsp/rpc.lua
[22:31:45.467][info] [#0:script/workspace/loading.lua:113]: ++++As library of:	file:///usr/local/share/nvim/runtime/lua
[22:31:45.467][info] [#0:script/workspace/loading.lua:89]: Skip loaded file: file:///usr/local/share/nvim/runtime/lua/vim/lsp/_snippet_grammar.lua
[22:31:45.467][info] [#0:script/workspace/loading.lua:113]: ++++As library of:	file:///usr/local/share/nvim/runtime/lua
[22:31:45.467][info] [#0:script/workspace/loading.lua:89]: Skip loaded file: file:///usr/local/share/nvim/runtime/lua/vim/lsp/_snippet_grammar.lua
[22:31:45.467][info] [#0:script/workspace/loading.lua:113]: ++++As library of:	file:///usr/local/share/nvim/runtime/lua
[22:31:45.467][info] [#0:script/workspace/loading.lua:89]: Skip loaded file: file:///usr/local/share/nvim/runtime/lua/vim/lsp/protocol.lua
[22:31:45.467][info] [#0:script/workspace/loading.lua:113]: ++++As library of:	file:///usr/local/share/nvim/runtime/lua
[22:31:45.467][info] [#0:script/workspace/loading.lua:89]: Skip loaded file: file:///usr/local/share/nvim/runtime/lua/vim/lsp/protocol.lua
[22:31:45.467][info] [#0:script/workspace/loading.lua:113]: ++++As library of:	file:///usr/local/share/nvim/runtime/lua
[22:31:45.467][info] [#0:script/workspace/loading.lua:89]: Skip loaded file: file:///usr/local/share/nvim/runtime/lua/vim/lsp/util.lua
[22:31:45.467][info] [#0:script/workspace/loading.lua:113]: ++++As library of:	file:///usr/local/share/nvim/runtime/lua
[22:31:45.468][info] [#0:script/workspace/loading.lua:89]: Skip loaded file: file:///usr/local/share/nvim/runtime/lua/vim/lsp/util.lua
[22:31:45.468][info] [#0:script/workspace/loading.lua:113]: ++++As library of:	file:///usr/local/share/nvim/runtime/lua
[22:31:45.468][info] [#0:script/workspace/loading.lua:89]: Skip loaded file: file:///usr/local/share/nvim/runtime/lua/vim/lsp/diagnostic.lua
[22:31:45.468][info] [#0:script/workspace/loading.lua:113]: ++++As library of:	file:///usr/local/share/nvim/runtime/lua
[22:31:45.468][info] [#0:script/workspace/loading.lua:89]: Skip loaded file: file:///usr/local/share/nvim/runtime/lua/vim/lsp/diagnostic.lua
[22:31:45.468][info] [#0:script/workspace/loading.lua:113]: ++++As library of:	file:///usr/local/share/nvim/runtime/lua
[22:31:45.468][info] [#0:script/workspace/loading.lua:89]: Skip loaded file: file:///usr/local/share/nvim/runtime/lua/vim/lsp/codelens.lua
[22:31:45.468][info] [#0:script/workspace/loading.lua:113]: ++++As library of:	file:///usr/local/share/nvim/runtime/lua
[22:31:45.468][info] [#0:script/workspace/loading.lua:89]: Skip loaded file: file:///usr/local/share/nvim/runtime/lua/vim/lsp/codelens.lua
[22:31:45.468][info] [#0:script/workspace/loading.lua:113]: ++++As library of:	file:///usr/local/share/nvim/runtime/lua
[22:31:45.468][info] [#0:script/workspace/loading.lua:89]: Skip loaded file: file:///usr/local/share/nvim/runtime/lua/vim/lsp/log.lua
[22:31:45.468][info] [#0:script/workspace/loading.lua:113]: ++++As library of:	file:///usr/local/share/nvim/runtime/lua
[22:31:45.468][info] [#0:script/workspace/loading.lua:89]: Skip loaded file: file:///usr/local/share/nvim/runtime/lua/vim/lsp/log.lua
[22:31:45.468][info] [#0:script/workspace/loading.lua:113]: ++++As library of:	file:///usr/local/share/nvim/runtime/lua
[22:31:45.468][info] [#0:script/workspace/loading.lua:89]: Skip loaded file: file:///usr/local/share/nvim/runtime/lua/vim/lsp/_changetracking.lua
[22:31:45.468][info] [#0:script/workspace/loading.lua:113]: ++++As library of:	file:///usr/local/share/nvim/runtime/lua
[22:31:45.468][info] [#0:script/workspace/loading.lua:89]: Skip loaded file: file:///usr/local/share/nvim/runtime/lua/vim/lsp/_changetracking.lua
[22:31:45.468][info] [#0:script/workspace/loading.lua:113]: ++++As library of:	file:///usr/local/share/nvim/runtime/lua
[22:31:45.468][info] [#0:script/workspace/loading.lua:89]: Skip loaded file: file:///usr/local/share/nvim/runtime/lua/vim/lsp/tagfunc.lua
[22:31:45.468][info] [#0:script/workspace/loading.lua:113]: ++++As library of:	file:///usr/local/share/nvim/runtime/lua
[22:31:45.468][info] [#0:script/workspace/loading.lua:89]: Skip loaded file: file:///usr/local/share/nvim/runtime/lua/vim/lsp/tagfunc.lua
[22:31:45.468][info] [#0:script/workspace/loading.lua:113]: ++++As library of:	file:///usr/local/share/nvim/runtime/lua
[22:31:45.468][info] [#0:script/workspace/loading.lua:101]: Preload file at: file:///usr/local/share/nvim/runtime/lua/vim/uri.lua , size = 3.457 KB
[22:31:45.471][info] [#0:script/workspace/loading.lua:113]: ++++As library of:	file:///usr/local/share/nvim/runtime/lua
[22:31:45.471][info] [#0:script/workspace/loading.lua:101]: Preload file at: file:///usr/local/share/nvim/runtime/lua/vim/fs.lua , size = 10.973 KB
[22:31:45.478][info] [#0:script/workspace/loading.lua:113]: ++++As library of:	file:///usr/local/share/nvim/runtime/lua
[22:31:45.478][info] [#0:script/workspace/loading.lua:98]: Skip loaded file: file:///usr/local/share/nvim/runtime/lua/vim/fs.lua
[22:31:45.478][info] [#0:script/workspace/loading.lua:98]: Skip loaded file: file:///usr/local/share/nvim/runtime/lua/vim/uri.lua
[22:31:45.478][info] [#0:script/workspace/loading.lua:101]: Preload file at: file:///usr/local/share/nvim/runtime/lua/vim/_options.lua , size = 24.568 KB
[22:31:45.490][info] [#0:script/workspace/loading.lua:113]: ++++As library of:	file:///usr/local/share/nvim/runtime/lua
[22:31:45.490][info] [#0:script/workspace/loading.lua:98]: Skip loaded file: file:///usr/local/share/nvim/runtime/lua/vim/_options.lua
[22:31:45.490][info] [#0:script/workspace/loading.lua:101]: Preload file at: file:///usr/local/share/nvim/runtime/lua/vim/filetype.lua , size = 64.811 KB
[22:31:45.528][info] [#0:script/workspace/loading.lua:113]: ++++As library of:	file:///usr/local/share/nvim/runtime/lua
[22:31:45.528][info] [#0:script/workspace/loading.lua:101]: Preload file at: file:///usr/local/share/nvim/runtime/lua/vim/_meta.lua , size = 0.943 KB
[22:31:45.529][info] [#0:script/workspace/loading.lua:113]: ++++As library of:	file:///usr/local/share/nvim/runtime/lua
[22:31:45.530][info] [#0:script/workspace/loading.lua:98]: Skip loaded file: file:///usr/local/share/nvim/runtime/lua/vim/_meta.lua
[22:31:45.530][info] [#0:script/workspace/loading.lua:101]: Preload file at: file:///usr/local/share/nvim/runtime/lua/vim/text.lua , size = 0.738 KB
[22:31:45.531][info] [#0:script/workspace/loading.lua:113]: ++++As library of:	file:///usr/local/share/nvim/runtime/lua
[22:31:45.531][info] [#0:script/workspace/loading.lua:98]: Skip loaded file: file:///usr/local/share/nvim/runtime/lua/vim/text.lua
[22:31:45.531][info] [#0:script/workspace/loading.lua:101]: Preload file at: file:///usr/local/share/nvim/runtime/lua/vim/health.lua , size = 13.736 KB
[22:31:45.542][info] [#0:script/workspace/loading.lua:113]: ++++As library of:	file:///usr/local/share/nvim/runtime/lua
[22:31:45.542][info] [#0:script/workspace/loading.lua:98]: Skip loaded file: file:///usr/local/share/nvim/runtime/lua/vim/health.lua
[22:31:45.542][info] [#0:script/workspace/loading.lua:101]: Preload file at: file:///usr/local/share/nvim/runtime/lua/vim/termcap.lua , size = 3.104 KB
[22:31:45.545][info] [#0:script/workspace/loading.lua:113]: ++++As library of:	file:///usr/local/share/nvim/runtime/lua
[22:31:45.545][info] [#0:script/workspace/loading.lua:98]: Skip loaded file: file:///usr/local/share/nvim/runtime/lua/vim/termcap.lua
[22:31:45.545][info] [#0:script/workspace/loading.lua:101]: Preload file at: file:///usr/local/share/nvim/runtime/lua/vim/F.lua , size = 1.076 KB
[22:31:45.546][info] [#0:script/workspace/loading.lua:113]: ++++As library of:	file:///usr/local/share/nvim/runtime/lua
[22:31:45.546][info] [#0:script/workspace/loading.lua:98]: Skip loaded file: file:///usr/local/share/nvim/runtime/lua/vim/filetype.lua
[22:31:45.546][info] [#0:script/workspace/loading.lua:89]: Skip loaded file: file:///usr/local/share/nvim/runtime/lua/vim/F.lua
[22:31:45.546][info] [#0:script/workspace/loading.lua:113]: ++++As library of:	file:///usr/local/share/nvim/runtime/lua
[22:31:45.546][info] [#0:script/workspace/loading.lua:101]: Preload file at: file:///usr/local/share/nvim/runtime/lua/vim/version.lua , size = 13.221 KB
[22:31:45.556][info] [#0:script/workspace/loading.lua:113]: ++++As library of:	file:///usr/local/share/nvim/runtime/lua
[22:31:45.556][info] [#0:script/workspace/loading.lua:101]: Preload file at: file:///usr/local/share/nvim/runtime/lua/vim/_meta/misc.lua , size = 0.274 KB
[22:31:45.557][info] [#0:script/workspace/loading.lua:113]: ++++As library of:	file:///usr/local/share/nvim/runtime/lua
[22:31:45.557][info] [#0:script/workspace/loading.lua:98]: Skip loaded file: file:///usr/local/share/nvim/runtime/lua/vim/_meta/misc.lua
[22:31:45.557][info] [#0:script/workspace/loading.lua:101]: Preload file at: file:///usr/local/share/nvim/runtime/lua/vim/_meta/builtin_types.lua , size = 3.156 KB
[22:31:45.560][info] [#0:script/workspace/loading.lua:113]: ++++As library of:	file:///usr/local/share/nvim/runtime/lua
[22:31:45.560][info] [#0:script/workspace/loading.lua:98]: Skip loaded file: file:///usr/local/share/nvim/runtime/lua/vim/_meta/builtin_types.lua
[22:31:45.560][info] [#0:script/workspace/loading.lua:98]: Skip loaded file: file:///usr/local/share/nvim/runtime/lua/vim/version.lua
[22:31:45.560][info] [#0:script/workspace/loading.lua:101]: Preload file at: file:///usr/local/share/nvim/runtime/lua/vim/_meta/api.lua , size = 94.362 KB
[22:31:45.599][info] [#0:script/workspace/loading.lua:113]: ++++As library of:	file:///usr/local/share/nvim/runtime/lua
[22:31:45.600][info] [#0:script/workspace/loading.lua:98]: Skip loaded file: file:///usr/local/share/nvim/runtime/lua/vim/_meta/api.lua
[22:31:45.600][info] [#0:script/workspace/loading.lua:101]: Preload file at: file:///usr/local/share/nvim/runtime/lua/vim/_meta/vimfn.lua , size = 395.749 KB
[22:31:45.703][warn] [#0:script/files.lua:695]: Compile [file:///usr/local/share/nvim/runtime/lua/vim/_meta/vimfn.lua] takes [0.103] sec, size [405.247] kb.
[22:31:45.794][info] [#0:script/workspace/loading.lua:113]: ++++As library of:	file:///usr/local/share/nvim/runtime/lua
[22:31:45.794][info] [#0:script/workspace/loading.lua:101]: Preload file at: file:///usr/local/share/nvim/runtime/lua/vim/_meta/vvars.lua , size = 25.244 KB
[22:31:45.804][info] [#0:script/workspace/loading.lua:113]: ++++As library of:	file:///usr/local/share/nvim/runtime/lua
[22:31:45.804][info] [#0:script/workspace/loading.lua:98]: Skip loaded file: file:///usr/local/share/nvim/runtime/lua/vim/_meta/vvars.lua
[22:31:45.804][info] [#0:script/workspace/loading.lua:101]: Preload file at: file:///usr/local/share/nvim/runtime/lua/vim/_meta/options.lua , size = 322.589 KB
[22:31:45.940][info] [#0:script/workspace/loading.lua:113]: ++++As library of:	file:///usr/local/share/nvim/runtime/lua
[22:31:45.940][info] [#0:script/workspace/loading.lua:98]: Skip loaded file: file:///usr/local/share/nvim/runtime/lua/vim/_meta/options.lua
[22:31:45.940][info] [#0:script/workspace/loading.lua:101]: Preload file at: file:///usr/local/share/nvim/runtime/lua/vim/_meta/lpeg.lua , size = 14.984 KB
[22:31:45.947][info] [#0:script/workspace/loading.lua:113]: ++++As library of:	file:///usr/local/share/nvim/runtime/lua
[22:31:45.947][info] [#0:script/workspace/loading.lua:98]: Skip loaded file: file:///usr/local/share/nvim/runtime/lua/vim/_meta/vimfn.lua
[22:31:45.947][info] [#0:script/workspace/loading.lua:98]: Skip loaded file: file:///usr/local/share/nvim/runtime/lua/vim/_meta/lpeg.lua
[22:31:45.947][info] [#0:script/workspace/loading.lua:101]: Preload file at: file:///usr/local/share/nvim/runtime/lua/vim/_meta/builtin.lua , size = 11.222 KB
[22:31:45.952][info] [#0:script/workspace/loading.lua:113]: ++++As library of:	file:///usr/local/share/nvim/runtime/lua
[22:31:45.952][info] [#0:script/workspace/loading.lua:101]: Preload file at: file:///usr/local/share/nvim/runtime/lua/vim/_meta/regex.lua , size = 1.363 KB
[22:31:45.953][info] [#0:script/workspace/loading.lua:113]: ++++As library of:	file:///usr/local/share/nvim/runtime/lua
[22:31:45.953][info] [#0:script/workspace/loading.lua:98]: Skip loaded file: file:///usr/local/share/nvim/runtime/lua/vim/_meta/regex.lua
[22:31:45.953][info] [#0:script/workspace/loading.lua:101]: Preload file at: file:///usr/local/share/nvim/runtime/lua/vim/_meta/base64.lua , size = 0.303 KB
[22:31:45.954][info] [#0:script/workspace/loading.lua:113]: ++++As library of:	file:///usr/local/share/nvim/runtime/lua
[22:31:45.954][info] [#0:script/workspace/loading.lua:98]: Skip loaded file: file:///usr/local/share/nvim/runtime/lua/vim/_meta/builtin.lua
[22:31:45.954][info] [#0:script/workspace/loading.lua:98]: Skip loaded file: file:///usr/local/share/nvim/runtime/lua/vim/_meta/base64.lua
[22:31:45.954][info] [#0:script/workspace/loading.lua:101]: Preload file at: file:///usr/local/share/nvim/runtime/lua/vim/_meta/spell.lua , size = 0.922 KB
[22:31:45.955][info] [#0:script/workspace/loading.lua:113]: ++++As library of:	file:///usr/local/share/nvim/runtime/lua
[22:31:45.955][info] [#0:script/provider/provider.lua:169]: Server shutdown.
[22:31:45.955][warn] [#0:script/pub/report.lua:25]: Load proto error:	Disconnected!
